{"C:\\Users\\aleks\\OneDrive\\Документы\\WebstormProjects\\portfolio-site\\portfolio-app-redesign\\src\\assets\\alex-lab-logo-dark.png": {"path":"C:\\Users\\aleks\\OneDrive\\Документы\\WebstormProjects\\portfolio-site\\portfolio-app-redesign\\src\\assets\\alex-lab-logo-dark.png","statementMap":{},"fnMap":{},"branchMap":{},"s":{},"f":{},"b":{},"meta":{"lastBranch":0,"lastFunction":0,"lastStatement":0,"seen":{},"fnNames":{}}}
,"C:\\Users\\aleks\\OneDrive\\Документы\\WebstormProjects\\portfolio-site\\portfolio-app-redesign\\src\\assets\\alex-lab-logo.png": {"path":"C:\\Users\\aleks\\OneDrive\\Документы\\WebstormProjects\\portfolio-site\\portfolio-app-redesign\\src\\assets\\alex-lab-logo.png","statementMap":{},"fnMap":{},"branchMap":{},"s":{},"f":{},"b":{},"meta":{"lastBranch":0,"lastFunction":0,"lastStatement":0,"seen":{},"fnNames":{}}}
,"C:\\Users\\aleks\\OneDrive\\Документы\\WebstormProjects\\portfolio-site\\portfolio-app-redesign\\src\\assets\\img\\elementor-placeholder-image.png": {"path":"C:\\Users\\aleks\\OneDrive\\Документы\\WebstormProjects\\portfolio-site\\portfolio-app-redesign\\src\\assets\\img\\elementor-placeholder-image.png","statementMap":{},"fnMap":{},"branchMap":{},"s":{},"f":{},"b":{},"meta":{"lastBranch":0,"lastFunction":0,"lastStatement":0,"seen":{},"fnNames":{}}}
,"C:\\Users\\aleks\\OneDrive\\Документы\\WebstormProjects\\portfolio-site\\portfolio-app-redesign\\src\\components\\motion\\PageTransition.tsx": {"path":"C:\\Users\\aleks\\OneDrive\\Документы\\WebstormProjects\\portfolio-site\\portfolio-app-redesign\\src\\components\\motion\\PageTransition.tsx","statementMap":{"0":{"start":{"line":15,"column":8},"end":{"line":15,"column":null}},"1":{"start":{"line":17,"column":29},"end":{"line":36,"column":null}},"2":{"start":{"line":38,"column":2},"end":{"line":47,"column":null}}},"fnMap":{"0":{"name":"PageTransition","decl":{"start":{"line":10,"column":24},"end":{"line":10,"column":39}},"loc":{"start":{"line":14,"column":22},"end":{"line":50,"column":null}},"line":14}},"branchMap":{"0":{"loc":{"start":{"line":12,"column":2},"end":{"line":12,"column":16}},"type":"default-arg","locations":[{"start":{"line":12,"column":14},"end":{"line":12,"column":16}}],"line":12},"1":{"loc":{"start":{"line":18,"column":13},"end":{"line":20,"column":null}},"type":"cond-expr","locations":[{"start":{"line":19,"column":8},"end":{"line":19,"column":null}},{"start":{"line":20,"column":8},"end":{"line":20,"column":null}}],"line":18},"2":{"loc":{"start":{"line":25,"column":18},"end":{"line":25,"column":null}},"type":"cond-expr","locations":[{"start":{"line":25,"column":39},"end":{"line":25,"column":45}},{"start":{"line":25,"column":45},"end":{"line":25,"column":null}}],"line":25},"3":{"loc":{"start":{"line":29,"column":10},"end":{"line":35,"column":null}},"type":"cond-expr","locations":[{"start":{"line":30,"column":8},"end":{"line":30,"column":null}},{"start":{"line":31,"column":8},"end":{"line":35,"column":null}}],"line":29}},"s":{"0":12,"1":12,"2":12},"f":{"0":12},"b":{"0":[12],"1":[0,12],"2":[0,12],"3":[0,12]},"meta":{"lastBranch":4,"lastFunction":1,"lastStatement":3,"seen":{"f:10:24:10:39":0,"b:12:14:12:16":0,"s:15:8:15:Infinity":0,"s:17:29:36:Infinity":1,"b:19:8:19:Infinity:20:8:20:Infinity":1,"b:25:39:25:45:25:45:25:Infinity":2,"b:30:8:30:Infinity:31:8:35:Infinity":3,"s:38:2:47:Infinity":2},"fnNames":{}}}
,"C:\\Users\\aleks\\OneDrive\\Документы\\WebstormProjects\\portfolio-site\\portfolio-app-redesign\\src\\components\\ui\\alert.tsx": {"path":"C:\\Users\\aleks\\OneDrive\\Документы\\WebstormProjects\\portfolio-site\\portfolio-app-redesign\\src\\components\\ui\\alert.tsx","statementMap":{"0":{"start":{"line":6,"column":6},"end":{"line":19,"column":null}},"1":{"start":{"line":27,"column":2},"end":{"line":32,"column":null}},"2":{"start":{"line":38,"column":2},"end":{"line":45,"column":null}},"3":{"start":{"line":54,"column":2},"end":{"line":61,"column":null}}},"fnMap":{"0":{"name":"Alert","decl":{"start":{"line":22,"column":9},"end":{"line":22,"column":15}},"loc":{"start":{"line":26,"column":67},"end":{"line":35,"column":null}},"line":26},"1":{"name":"AlertTitle","decl":{"start":{"line":37,"column":9},"end":{"line":37,"column":20}},"loc":{"start":{"line":37,"column":72},"end":{"line":48,"column":null}},"line":37},"2":{"name":"AlertDescription","decl":{"start":{"line":50,"column":9},"end":{"line":50,"column":26}},"loc":{"start":{"line":53,"column":30},"end":{"line":64,"column":null}},"line":53}},"branchMap":{},"s":{"0":1,"1":2,"2":0,"3":2},"f":{"0":2,"1":0,"2":2},"b":{},"meta":{"lastBranch":0,"lastFunction":3,"lastStatement":4,"seen":{"s:6:6:19:Infinity":0,"f:22:9:22:15":0,"s:27:2:32:Infinity":1,"f:37:9:37:20":1,"s:38:2:45:Infinity":2,"f:50:9:50:26":2,"s:54:2:61:Infinity":3},"fnNames":{}}}
,"C:\\Users\\aleks\\OneDrive\\Документы\\WebstormProjects\\portfolio-site\\portfolio-app-redesign\\src\\components\\ui\\button.tsx": {"path":"C:\\Users\\aleks\\OneDrive\\Документы\\WebstormProjects\\portfolio-site\\portfolio-app-redesign\\src\\components\\ui\\button.tsx","statementMap":{"0":{"start":{"line":8,"column":6},"end":{"line":42,"column":null}},"1":{"start":{"line":65,"column":2},"end":{"line":75,"column":null}},"2":{"start":{"line":66,"column":4},"end":{"line":72,"column":null}},"3":{"start":{"line":77,"column":2},"end":{"line":86,"column":null}}},"fnMap":{"0":{"name":"Button","decl":{"start":{"line":54,"column":9},"end":{"line":54,"column":16}},"loc":{"start":{"line":64,"column":14},"end":{"line":89,"column":null}},"line":64}},"branchMap":{"0":{"loc":{"start":{"line":58,"column":2},"end":{"line":58,"column":17}},"type":"default-arg","locations":[{"start":{"line":58,"column":12},"end":{"line":58,"column":17}}],"line":58},"1":{"loc":{"start":{"line":59,"column":2},"end":{"line":59,"column":17}},"type":"default-arg","locations":[{"start":{"line":59,"column":12},"end":{"line":59,"column":17}}],"line":59},"2":{"loc":{"start":{"line":65,"column":2},"end":{"line":75,"column":null}},"type":"if","locations":[{"start":{"line":65,"column":2},"end":{"line":75,"column":null}},{"start":{},"end":{}}],"line":65},"3":{"loc":{"start":{"line":81,"column":16},"end":{"line":81,"column":null}},"type":"binary-expr","locations":[{"start":{"line":81,"column":16},"end":{"line":81,"column":28}},{"start":{"line":81,"column":28},"end":{"line":81,"column":null}}],"line":81},"4":{"loc":{"start":{"line":85,"column":7},"end":{"line":85,"column":null}},"type":"binary-expr","locations":[{"start":{"line":85,"column":7},"end":{"line":85,"column":18}},{"start":{"line":85,"column":7},"end":{"line":85,"column":null}}],"line":85}},"s":{"0":9,"1":215,"2":5,"3":210},"f":{"0":215},"b":{"0":[215],"1":[215],"2":[5,210],"3":[210,191],"4":[215,4]},"meta":{"lastBranch":5,"lastFunction":1,"lastStatement":4,"seen":{"s:8:6:42:Infinity":0,"f:54:9:54:16":0,"b:58:12:58:17":0,"b:59:12:59:17":1,"b:65:2:75:Infinity:undefined:undefined:undefined:undefined":2,"s:65:2:75:Infinity":1,"s:66:4:72:Infinity":2,"s:77:2:86:Infinity":3,"b:81:16:81:28:81:28:81:Infinity":3,"b:85:7:85:18:85:7:85:Infinity":4},"fnNames":{}}}
,"C:\\Users\\aleks\\OneDrive\\Документы\\WebstormProjects\\portfolio-site\\portfolio-app-redesign\\src\\components\\ui\\card.tsx": {"path":"C:\\Users\\aleks\\OneDrive\\Документы\\WebstormProjects\\portfolio-site\\portfolio-app-redesign\\src\\components\\ui\\card.tsx","statementMap":{"0":{"start":{"line":6,"column":2},"end":{"line":13,"column":null}},"1":{"start":{"line":19,"column":2},"end":{"line":26,"column":null}},"2":{"start":{"line":32,"column":2},"end":{"line":36,"column":null}},"3":{"start":{"line":42,"column":2},"end":{"line":46,"column":null}},"4":{"start":{"line":52,"column":2},"end":{"line":59,"column":null}},"5":{"start":{"line":65,"column":2},"end":{"line":69,"column":null}},"6":{"start":{"line":75,"column":2},"end":{"line":79,"column":null}}},"fnMap":{"0":{"name":"Card","decl":{"start":{"line":5,"column":9},"end":{"line":5,"column":14}},"loc":{"start":{"line":5,"column":66},"end":{"line":16,"column":null}},"line":5},"1":{"name":"CardHeader","decl":{"start":{"line":18,"column":9},"end":{"line":18,"column":20}},"loc":{"start":{"line":18,"column":72},"end":{"line":29,"column":null}},"line":18},"2":{"name":"CardTitle","decl":{"start":{"line":31,"column":9},"end":{"line":31,"column":19}},"loc":{"start":{"line":31,"column":71},"end":{"line":39,"column":null}},"line":31},"3":{"name":"CardDescription","decl":{"start":{"line":41,"column":9},"end":{"line":41,"column":25}},"loc":{"start":{"line":41,"column":77},"end":{"line":49,"column":null}},"line":41},"4":{"name":"CardAction","decl":{"start":{"line":51,"column":9},"end":{"line":51,"column":20}},"loc":{"start":{"line":51,"column":72},"end":{"line":62,"column":null}},"line":51},"5":{"name":"CardContent","decl":{"start":{"line":64,"column":9},"end":{"line":64,"column":21}},"loc":{"start":{"line":64,"column":73},"end":{"line":72,"column":null}},"line":64},"6":{"name":"CardFooter","decl":{"start":{"line":74,"column":9},"end":{"line":74,"column":20}},"loc":{"start":{"line":74,"column":72},"end":{"line":82,"column":null}},"line":74}},"branchMap":{},"s":{"0":76,"1":76,"2":61,"3":0,"4":0,"5":76,"6":0},"f":{"0":76,"1":76,"2":61,"3":0,"4":0,"5":76,"6":0},"b":{},"meta":{"lastBranch":0,"lastFunction":7,"lastStatement":7,"seen":{"f:5:9:5:14":0,"s:6:2:13:Infinity":0,"f:18:9:18:20":1,"s:19:2:26:Infinity":1,"f:31:9:31:19":2,"s:32:2:36:Infinity":2,"f:41:9:41:25":3,"s:42:2:46:Infinity":3,"f:51:9:51:20":4,"s:52:2:59:Infinity":4,"f:64:9:64:21":5,"s:65:2:69:Infinity":5,"f:74:9:74:20":6,"s:75:2:79:Infinity":6},"fnNames":{}}}
,"C:\\Users\\aleks\\OneDrive\\Документы\\WebstormProjects\\portfolio-site\\portfolio-app-redesign\\src\\components\\ui\\input.tsx": {"path":"C:\\Users\\aleks\\OneDrive\\Документы\\WebstormProjects\\portfolio-site\\portfolio-app-redesign\\src\\components\\ui\\input.tsx","statementMap":{"0":{"start":{"line":6,"column":2},"end":{"line":16,"column":null}}},"fnMap":{"0":{"name":"Input","decl":{"start":{"line":5,"column":9},"end":{"line":5,"column":15}},"loc":{"start":{"line":5,"column":75},"end":{"line":19,"column":null}},"line":5}},"branchMap":{},"s":{"0":196},"f":{"0":196},"b":{},"meta":{"lastBranch":0,"lastFunction":1,"lastStatement":1,"seen":{"f:5:9:5:15":0,"s:6:2:16:Infinity":0},"fnNames":{}}}
,"C:\\Users\\aleks\\OneDrive\\Документы\\WebstormProjects\\portfolio-site\\portfolio-app-redesign\\src\\components\\ui\\select.tsx": {"path":"C:\\Users\\aleks\\OneDrive\\Документы\\WebstormProjects\\portfolio-site\\portfolio-app-redesign\\src\\components\\ui\\select.tsx","statementMap":{"0":{"start":{"line":10,"column":2},"end":{"line":10,"column":null}},"1":{"start":{"line":16,"column":2},"end":{"line":16,"column":null}},"2":{"start":{"line":22,"column":2},"end":{"line":22,"column":null}},"3":{"start":{"line":34,"column":2},"end":{"line":46,"column":null}},"4":{"start":{"line":58,"column":2},"end":{"line":81,"column":null}},"5":{"start":{"line":91,"column":2},"end":{"line":95,"column":null}},"6":{"start":{"line":105,"column":2},"end":{"line":119,"column":null}},"7":{"start":{"line":128,"column":2},"end":{"line":132,"column":null}},"8":{"start":{"line":141,"column":2},"end":{"line":150,"column":null}},"9":{"start":{"line":159,"column":2},"end":{"line":168,"column":null}}},"fnMap":{"0":{"name":"Select","decl":{"start":{"line":7,"column":9},"end":{"line":7,"column":16}},"loc":{"start":{"line":9,"column":52},"end":{"line":11,"column":null}},"line":9},"1":{"name":"SelectGroup","decl":{"start":{"line":13,"column":9},"end":{"line":13,"column":21}},"loc":{"start":{"line":15,"column":53},"end":{"line":17,"column":null}},"line":15},"2":{"name":"SelectValue","decl":{"start":{"line":19,"column":9},"end":{"line":19,"column":21}},"loc":{"start":{"line":21,"column":53},"end":{"line":23,"column":null}},"line":21},"3":{"name":"SelectTrigger","decl":{"start":{"line":25,"column":9},"end":{"line":25,"column":23}},"loc":{"start":{"line":33,"column":1},"end":{"line":50,"column":null}},"line":33},"4":{"name":"SelectContent","decl":{"start":{"line":52,"column":9},"end":{"line":52,"column":23}},"loc":{"start":{"line":57,"column":55},"end":{"line":85,"column":null}},"line":57},"5":{"name":"SelectLabel","decl":{"start":{"line":87,"column":9},"end":{"line":87,"column":21}},"loc":{"start":{"line":90,"column":53},"end":{"line":98,"column":null}},"line":90},"6":{"name":"SelectItem","decl":{"start":{"line":100,"column":9},"end":{"line":100,"column":20}},"loc":{"start":{"line":104,"column":52},"end":{"line":122,"column":null}},"line":104},"7":{"name":"SelectSeparator","decl":{"start":{"line":124,"column":9},"end":{"line":124,"column":25}},"loc":{"start":{"line":127,"column":57},"end":{"line":135,"column":null}},"line":127},"8":{"name":"SelectScrollUpButton","decl":{"start":{"line":137,"column":9},"end":{"line":137,"column":30}},"loc":{"start":{"line":140,"column":62},"end":{"line":153,"column":null}},"line":140},"9":{"name":"SelectScrollDownButton","decl":{"start":{"line":155,"column":9},"end":{"line":155,"column":32}},"loc":{"start":{"line":158,"column":64},"end":{"line":171,"column":null}},"line":158}},"branchMap":{"0":{"loc":{"start":{"line":27,"column":2},"end":{"line":27,"column":18}},"type":"default-arg","locations":[{"start":{"line":27,"column":9},"end":{"line":27,"column":18}}],"line":27},"1":{"loc":{"start":{"line":55,"column":2},"end":{"line":55,"column":21}},"type":"default-arg","locations":[{"start":{"line":55,"column":13},"end":{"line":55,"column":21}}],"line":55},"2":{"loc":{"start":{"line":64,"column":10},"end":{"line":65,"column":null}},"type":"binary-expr","locations":[{"start":{"line":64,"column":10},"end":{"line":64,"column":null}},{"start":{"line":65,"column":12},"end":{"line":65,"column":null}}],"line":64},"3":{"loc":{"start":{"line":75,"column":12},"end":{"line":76,"column":null}},"type":"binary-expr","locations":[{"start":{"line":75,"column":12},"end":{"line":75,"column":null}},{"start":{"line":76,"column":14},"end":{"line":76,"column":null}}],"line":75}},"s":{"0":16,"1":0,"2":16,"3":16,"4":16,"5":0,"6":52,"7":0,"8":13,"9":13},"f":{"0":16,"1":0,"2":16,"3":16,"4":16,"5":0,"6":52,"7":0,"8":13,"9":13},"b":{"0":[16],"1":[16],"2":[16,16],"3":[16,16]},"meta":{"lastBranch":4,"lastFunction":10,"lastStatement":10,"seen":{"f:7:9:7:16":0,"s:10:2:10:Infinity":0,"f:13:9:13:21":1,"s:16:2:16:Infinity":1,"f:19:9:19:21":2,"s:22:2:22:Infinity":2,"f:25:9:25:23":3,"b:27:9:27:18":0,"s:34:2:46:Infinity":3,"f:52:9:52:23":4,"b:55:13:55:21":1,"s:58:2:81:Infinity":4,"b:64:10:64:Infinity:65:12:65:Infinity":2,"b:75:12:75:Infinity:76:14:76:Infinity":3,"f:87:9:87:21":5,"s:91:2:95:Infinity":5,"f:100:9:100:20":6,"s:105:2:119:Infinity":6,"f:124:9:124:25":7,"s:128:2:132:Infinity":7,"f:137:9:137:30":8,"s:141:2:150:Infinity":8,"f:155:9:155:32":9,"s:159:2:168:Infinity":9},"fnNames":{}}}
,"C:\\Users\\aleks\\OneDrive\\Документы\\WebstormProjects\\portfolio-site\\portfolio-app-redesign\\src\\components\\ui\\skeleton.tsx": {"path":"C:\\Users\\aleks\\OneDrive\\Документы\\WebstormProjects\\portfolio-site\\portfolio-app-redesign\\src\\components\\ui\\skeleton.tsx","statementMap":{"0":{"start":{"line":4,"column":2},"end":{"line":8,"column":null}}},"fnMap":{"0":{"name":"Skeleton","decl":{"start":{"line":3,"column":9},"end":{"line":3,"column":18}},"loc":{"start":{"line":3,"column":70},"end":{"line":11,"column":null}},"line":3}},"branchMap":{},"s":{"0":36},"f":{"0":36},"b":{},"meta":{"lastBranch":0,"lastFunction":1,"lastStatement":1,"seen":{"f:3:9:3:18":0,"s:4:2:8:Infinity":0},"fnNames":{}}}
,"C:\\Users\\aleks\\OneDrive\\Документы\\WebstormProjects\\portfolio-site\\portfolio-app-redesign\\src\\components\\ui\\textarea.tsx": {"path":"C:\\Users\\aleks\\OneDrive\\Документы\\WebstormProjects\\portfolio-site\\portfolio-app-redesign\\src\\components\\ui\\textarea.tsx","statementMap":{"0":{"start":{"line":5,"column":2},"end":{"line":14,"column":null}}},"fnMap":{"0":{"name":"Textarea","decl":{"start":{"line":4,"column":9},"end":{"line":4,"column":18}},"loc":{"start":{"line":4,"column":75},"end":{"line":17,"column":null}},"line":4}},"branchMap":{},"s":{"0":6},"f":{"0":6},"b":{},"meta":{"lastBranch":0,"lastFunction":1,"lastStatement":1,"seen":{"f:4:9:4:18":0,"s:5:2:14:Infinity":0},"fnNames":{}}}
,"C:\\Users\\aleks\\OneDrive\\Документы\\WebstormProjects\\portfolio-site\\portfolio-app-redesign\\src\\data\\ImageWithFallback.tsx": {"path":"C:\\Users\\aleks\\OneDrive\\Документы\\WebstormProjects\\portfolio-site\\portfolio-app-redesign\\src\\data\\ImageWithFallback.tsx","statementMap":{"0":{"start":{"line":8,"column":60},"end":{"line":20,"column":null}},"1":{"start":{"line":14,"column":24},"end":{"line":17,"column":null}},"2":{"start":{"line":15,"column":8},"end":{"line":15,"column":40}},"3":{"start":{"line":16,"column":8},"end":{"line":16,"column":null}},"4":{"start":{"line":19,"column":4},"end":{"line":19,"column":null}}},"fnMap":{"0":{"name":"(anonymous_0)","decl":{"start":{"line":8,"column":60},"end":{"line":8,"column":61}},"loc":{"start":{"line":13,"column":62},"end":{"line":20,"column":null}},"line":13},"1":{"name":"(anonymous_1)","decl":{"start":{"line":14,"column":24},"end":{"line":14,"column":25}},"loc":{"start":{"line":14,"column":25},"end":{"line":17,"column":null}},"line":14}},"branchMap":{},"s":{"0":1,"1":0,"2":0,"3":0,"4":0},"f":{"0":0,"1":0},"b":{},"meta":{"lastBranch":0,"lastFunction":2,"lastStatement":5,"seen":{"s:8:60:20:Infinity":0,"f:8:60:8:61":0,"s:14:24:17:Infinity":1,"f:14:24:14:25":1,"s:15:8:15:40":2,"s:16:8:16:Infinity":3,"s:19:4:19:Infinity":4},"fnNames":{}}}
,"C:\\Users\\aleks\\OneDrive\\Документы\\WebstormProjects\\portfolio-site\\portfolio-app-redesign\\src\\data\\SafeImg.tsx": {"path":"C:\\Users\\aleks\\OneDrive\\Документы\\WebstormProjects\\portfolio-site\\portfolio-app-redesign\\src\\data\\SafeImg.tsx","statementMap":{"0":{"start":{"line":7,"column":10},"end":{"line":7,"column":null}},"1":{"start":{"line":8,"column":4},"end":{"line":8,"column":null}}},"fnMap":{"0":{"name":"SafeImg","decl":{"start":{"line":6,"column":24},"end":{"line":6,"column":32}},"loc":{"start":{"line":6,"column":55},"end":{"line":9,"column":null}},"line":6}},"branchMap":{"0":{"loc":{"start":{"line":7,"column":29},"end":{"line":7,"column":null}},"type":"binary-expr","locations":[{"start":{"line":7,"column":29},"end":{"line":7,"column":36}},{"start":{"line":7,"column":36},"end":{"line":7,"column":null}}],"line":7}},"s":{"0":0,"1":0},"f":{"0":0},"b":{"0":[0,0]},"meta":{"lastBranch":1,"lastFunction":1,"lastStatement":2,"seen":{"f:6:24:6:32":0,"s:7:10:7:Infinity":0,"b:7:29:7:36:7:36:7:Infinity":0,"s:8:4:8:Infinity":1},"fnNames":{}}}
,"C:\\Users\\aleks\\OneDrive\\Документы\\WebstormProjects\\portfolio-site\\portfolio-app-redesign\\src\\data\\data.ts": {"path":"C:\\Users\\aleks\\OneDrive\\Документы\\WebstormProjects\\portfolio-site\\portfolio-app-redesign\\src\\data\\data.ts","statementMap":{"0":{"start":{"line":36,"column":35},"end":{"line":193,"column":null}},"1":{"start":{"line":210,"column":32},"end":{"line":307,"column":null}}},"fnMap":{},"branchMap":{},"s":{"0":2,"1":2},"f":{},"b":{},"meta":{"lastBranch":0,"lastFunction":0,"lastStatement":2,"seen":{"s:36:35:193:Infinity":0,"s:210:32:307:Infinity":1},"fnNames":{}}}
,"C:\\Users\\aleks\\OneDrive\\Документы\\WebstormProjects\\portfolio-site\\portfolio-app-redesign\\src\\data\\localViewed.ts": {"path":"C:\\Users\\aleks\\OneDrive\\Документы\\WebstormProjects\\portfolio-site\\portfolio-app-redesign\\src\\data\\localViewed.ts","statementMap":{"0":{"start":{"line":13,"column":20},"end":{"line":13,"column":null}},"1":{"start":{"line":14,"column":20},"end":{"line":14,"column":null}},"2":{"start":{"line":17,"column":4},"end":{"line":26,"column":null}},"3":{"start":{"line":18,"column":20},"end":{"line":18,"column":null}},"4":{"start":{"line":19,"column":8},"end":{"line":19,"column":null}},"5":{"start":{"line":19,"column":18},"end":{"line":19,"column":null}},"6":{"start":{"line":20,"column":23},"end":{"line":20,"column":null}},"7":{"start":{"line":22,"column":8},"end":{"line":22,"column":null}},"8":{"start":{"line":22,"column":36},"end":{"line":22,"column":null}},"9":{"start":{"line":23,"column":8},"end":{"line":23,"column":null}},"10":{"start":{"line":23,"column":34},"end":{"line":23,"column":43}},"11":{"start":{"line":25,"column":8},"end":{"line":25,"column":null}},"12":{"start":{"line":30,"column":4},"end":{"line":34,"column":null}},"13":{"start":{"line":31,"column":8},"end":{"line":31,"column":null}},"14":{"start":{"line":42,"column":16},"end":{"line":42,"column":null}},"15":{"start":{"line":43,"column":18},"end":{"line":43,"column":null}},"16":{"start":{"line":45,"column":21},"end":{"line":45,"column":null}},"17":{"start":{"line":45,"column":39},"end":{"line":45,"column":58}},"18":{"start":{"line":47,"column":35},"end":{"line":47,"column":null}},"19":{"start":{"line":48,"column":4},"end":{"line":48,"column":null}},"20":{"start":{"line":50,"column":18},"end":{"line":50,"column":null}},"21":{"start":{"line":51,"column":4},"end":{"line":51,"column":null}},"22":{"start":{"line":53,"column":4},"end":{"line":53,"column":null}},"23":{"start":{"line":57,"column":4},"end":{"line":57,"column":null}},"24":{"start":{"line":61,"column":18},"end":{"line":61,"column":null}},"25":{"start":{"line":61,"column":44},"end":{"line":61,"column":null}},"26":{"start":{"line":62,"column":4},"end":{"line":62,"column":null}},"27":{"start":{"line":63,"column":4},"end":{"line":63,"column":null}},"28":{"start":{"line":67,"column":4},"end":{"line":67,"column":null}},"29":{"start":{"line":68,"column":4},"end":{"line":68,"column":null}}},"fnMap":{"0":{"name":"readStorage","decl":{"start":{"line":16,"column":9},"end":{"line":16,"column":null}},"loc":{"start":{"line":16,"column":9},"end":{"line":27,"column":null}},"line":16},"1":{"name":"(anonymous_1)","decl":{"start":{"line":23,"column":29},"end":{"line":23,"column":34}},"loc":{"start":{"line":23,"column":34},"end":{"line":23,"column":43}},"line":23},"2":{"name":"writeStorage","decl":{"start":{"line":29,"column":9},"end":{"line":29,"column":22}},"loc":{"start":{"line":29,"column":44},"end":{"line":35,"column":null}},"line":29},"3":{"name":"pushViewed","decl":{"start":{"line":41,"column":16},"end":{"line":41,"column":27}},"loc":{"start":{"line":41,"column":87},"end":{"line":54,"column":null}},"line":41},"4":{"name":"(anonymous_4)","decl":{"start":{"line":45,"column":34},"end":{"line":45,"column":39}},"loc":{"start":{"line":45,"column":39},"end":{"line":45,"column":58}},"line":45},"5":{"name":"getViewed","decl":{"start":{"line":56,"column":16},"end":{"line":56,"column":null}},"loc":{"start":{"line":56,"column":16},"end":{"line":58,"column":null}},"line":56},"6":{"name":"removeViewed","decl":{"start":{"line":60,"column":16},"end":{"line":60,"column":29}},"loc":{"start":{"line":60,"column":39},"end":{"line":64,"column":null}},"line":60},"7":{"name":"(anonymous_7)","decl":{"start":{"line":61,"column":39},"end":{"line":61,"column":44}},"loc":{"start":{"line":61,"column":44},"end":{"line":61,"column":null}},"line":61},"8":{"name":"clearViewed","decl":{"start":{"line":66,"column":16},"end":{"line":66,"column":null}},"loc":{"start":{"line":66,"column":16},"end":{"line":69,"column":null}},"line":66}},"branchMap":{"0":{"loc":{"start":{"line":19,"column":8},"end":{"line":19,"column":null}},"type":"if","locations":[{"start":{"line":19,"column":8},"end":{"line":19,"column":null}},{"start":{},"end":{}}],"line":19},"1":{"loc":{"start":{"line":22,"column":8},"end":{"line":22,"column":null}},"type":"if","locations":[{"start":{"line":22,"column":8},"end":{"line":22,"column":null}},{"start":{},"end":{}}],"line":22},"2":{"loc":{"start":{"line":23,"column":34},"end":{"line":23,"column":43}},"type":"binary-expr","locations":[{"start":{"line":23,"column":34},"end":{"line":23,"column":39}},{"start":{"line":23,"column":39},"end":{"line":23,"column":43}}],"line":23},"3":{"loc":{"start":{"line":41,"column":70},"end":{"line":41,"column":87}},"type":"default-arg","locations":[{"start":{"line":41,"column":76},"end":{"line":41,"column":87}}],"line":41}},"s":{"0":2,"1":2,"2":35,"3":35,"4":35,"5":14,"6":21,"7":21,"8":1,"9":19,"10":31,"11":1,"12":20,"13":20,"14":16,"15":16,"16":16,"17":14,"18":16,"19":16,"20":16,"21":16,"22":16,"23":17,"24":2,"25":4,"26":2,"27":2,"28":2,"29":2},"f":{"0":35,"1":31,"2":20,"3":16,"4":14,"5":17,"6":2,"7":4,"8":2},"b":{"0":[14,21],"1":[1,20],"2":[31,31],"3":[16]},"meta":{"lastBranch":4,"lastFunction":9,"lastStatement":30,"seen":{"s:13:20:13:Infinity":0,"s:14:20:14:Infinity":1,"f:16:9:16:Infinity":0,"s:17:4:26:Infinity":2,"s:18:20:18:Infinity":3,"b:19:8:19:Infinity:undefined:undefined:undefined:undefined":0,"s:19:8:19:Infinity":4,"s:19:18:19:Infinity":5,"s:20:23:20:Infinity":6,"b:22:8:22:Infinity:undefined:undefined:undefined:undefined":1,"s:22:8:22:Infinity":7,"s:22:36:22:Infinity":8,"s:23:8:23:Infinity":9,"f:23:29:23:34":1,"s:23:34:23:43":10,"b:23:34:23:39:23:39:23:43":2,"s:25:8:25:Infinity":11,"f:29:9:29:22":2,"s:30:4:34:Infinity":12,"s:31:8:31:Infinity":13,"f:41:16:41:27":3,"b:41:76:41:87":3,"s:42:16:42:Infinity":14,"s:43:18:43:Infinity":15,"s:45:21:45:Infinity":16,"f:45:34:45:39":4,"s:45:39:45:58":17,"s:47:35:47:Infinity":18,"s:48:4:48:Infinity":19,"s:50:18:50:Infinity":20,"s:51:4:51:Infinity":21,"s:53:4:53:Infinity":22,"f:56:16:56:Infinity":5,"s:57:4:57:Infinity":23,"f:60:16:60:29":6,"s:61:18:61:Infinity":24,"f:61:39:61:44":7,"s:61:44:61:Infinity":25,"s:62:4:62:Infinity":26,"s:63:4:63:Infinity":27,"f:66:16:66:Infinity":8,"s:67:4:67:Infinity":28,"s:68:4:68:Infinity":29},"fnNames":{}}}
,"C:\\Users\\aleks\\OneDrive\\Документы\\WebstormProjects\\portfolio-site\\portfolio-app-redesign\\src\\data\\products.ts": {"path":"C:\\Users\\aleks\\OneDrive\\Документы\\WebstormProjects\\portfolio-site\\portfolio-app-redesign\\src\\data\\products.ts","statementMap":{"0":{"start":{"line":30,"column":8},"end":{"line":33,"column":null}},"1":{"start":{"line":37,"column":8},"end":{"line":40,"column":10}},"2":{"start":{"line":42,"column":27},"end":{"line":47,"column":null}},"3":{"start":{"line":49,"column":4},"end":{"line":49,"column":null}}},"fnMap":{"0":{"name":"normalizeProductsResponse","decl":{"start":{"line":28,"column":16},"end":{"line":28,"column":42}},"loc":{"start":{"line":28,"column":67},"end":{"line":50,"column":null}},"line":28}},"branchMap":{"0":{"loc":{"start":{"line":30,"column":8},"end":{"line":33,"column":null}},"type":"binary-expr","locations":[{"start":{"line":30,"column":8},"end":{"line":30,"column":22}},{"start":{"line":31,"column":8},"end":{"line":31,"column":21}},{"start":{"line":32,"column":8},"end":{"line":32,"column":21}},{"start":{"line":33,"column":8},"end":{"line":33,"column":null}}],"line":30},"1":{"loc":{"start":{"line":37,"column":8},"end":{"line":40,"column":10}},"type":"binary-expr","locations":[{"start":{"line":37,"column":8},"end":{"line":37,"column":42}},{"start":{"line":39,"column":9},"end":{"line":39,"column":null}},{"start":{"line":40,"column":8},"end":{"line":40,"column":10}}],"line":37},"2":{"loc":{"start":{"line":42,"column":27},"end":{"line":47,"column":null}},"type":"binary-expr","locations":[{"start":{"line":42,"column":27},"end":{"line":42,"column":36}},{"start":{"line":42,"column":40},"end":{"line":47,"column":null}}],"line":42}},"s":{"0":4,"1":4,"2":4,"3":4},"f":{"0":4},"b":{"0":[4,2,2,1],"1":[4,2,1],"2":[4,3]},"meta":{"lastBranch":3,"lastFunction":1,"lastStatement":4,"seen":{"f:28:16:28:42":0,"s:30:8:33:Infinity":0,"b:30:8:30:22:31:8:31:21:32:8:32:21:33:8:33:Infinity":0,"s:37:8:40:10":1,"b:37:8:37:42:39:9:39:Infinity:40:8:40:10":1,"s:42:27:47:Infinity":2,"b:42:27:42:36:42:40:47:Infinity":2,"s:49:4:49:Infinity":3},"fnNames":{}}}
,"C:\\Users\\aleks\\OneDrive\\Документы\\WebstormProjects\\portfolio-site\\portfolio-app-redesign\\src\\data\\resolveImg.ts": {"path":"C:\\Users\\aleks\\OneDrive\\Документы\\WebstormProjects\\portfolio-site\\portfolio-app-redesign\\src\\data\\resolveImg.ts","statementMap":{"0":{"start":{"line":18,"column":4},"end":{"line":18,"column":null}},"1":{"start":{"line":23,"column":4},"end":{"line":23,"column":44}},"2":{"start":{"line":28,"column":4},"end":{"line":28,"column":null}},"3":{"start":{"line":32,"column":30},"end":{"line":34,"column":null}},"4":{"start":{"line":36,"column":36},"end":{"line":38,"column":null}},"5":{"start":{"line":45,"column":35},"end":{"line":47,"column":null}},"6":{"start":{"line":50,"column":19},"end":{"line":52,"column":null}},"7":{"start":{"line":51,"column":4},"end":{"line":51,"column":null}},"8":{"start":{"line":56,"column":4},"end":{"line":56,"column":null}},"9":{"start":{"line":61,"column":4},"end":{"line":61,"column":null}},"10":{"start":{"line":66,"column":4},"end":{"line":68,"column":null}},"11":{"start":{"line":73,"column":4},"end":{"line":73,"column":null}},"12":{"start":{"line":73,"column":12},"end":{"line":73,"column":null}},"13":{"start":{"line":74,"column":4},"end":{"line":74,"column":null}},"14":{"start":{"line":74,"column":23},"end":{"line":74,"column":null}},"15":{"start":{"line":75,"column":16},"end":{"line":75,"column":47}},"16":{"start":{"line":76,"column":4},"end":{"line":76,"column":null}},"17":{"start":{"line":81,"column":14},"end":{"line":81,"column":null}},"18":{"start":{"line":82,"column":14},"end":{"line":82,"column":null}},"19":{"start":{"line":83,"column":4},"end":{"line":83,"column":null}},"20":{"start":{"line":88,"column":14},"end":{"line":88,"column":null}},"21":{"start":{"line":89,"column":15},"end":{"line":89,"column":null}},"22":{"start":{"line":90,"column":4},"end":{"line":90,"column":null}},"23":{"start":{"line":90,"column":17},"end":{"line":90,"column":null}},"24":{"start":{"line":91,"column":4},"end":{"line":91,"column":70}},"25":{"start":{"line":91,"column":34},"end":{"line":91,"column":70}},"26":{"start":{"line":92,"column":4},"end":{"line":92,"column":null}},"27":{"start":{"line":101,"column":16},"end":{"line":101,"column":null}},"28":{"start":{"line":102,"column":4},"end":{"line":102,"column":null}},"29":{"start":{"line":102,"column":14},"end":{"line":102,"column":null}},"30":{"start":{"line":104,"column":14},"end":{"line":104,"column":null}},"31":{"start":{"line":107,"column":4},"end":{"line":107,"column":null}},"32":{"start":{"line":107,"column":23},"end":{"line":107,"column":null}},"33":{"start":{"line":110,"column":4},"end":{"line":113,"column":null}},"34":{"start":{"line":111,"column":27},"end":{"line":111,"column":58}},"35":{"start":{"line":112,"column":8},"end":{"line":112,"column":null}},"36":{"start":{"line":116,"column":4},"end":{"line":119,"column":null}},"37":{"start":{"line":117,"column":20},"end":{"line":117,"column":null}},"38":{"start":{"line":118,"column":8},"end":{"line":118,"column":null}},"39":{"start":{"line":122,"column":4},"end":{"line":125,"column":null}},"40":{"start":{"line":123,"column":25},"end":{"line":123,"column":null}},"41":{"start":{"line":124,"column":8},"end":{"line":124,"column":null}},"42":{"start":{"line":128,"column":4},"end":{"line":128,"column":null}},"43":{"start":{"line":128,"column":27},"end":{"line":128,"column":null}},"44":{"start":{"line":131,"column":4},"end":{"line":131,"column":null}},"45":{"start":{"line":136,"column":15},"end":{"line":136,"column":null}},"46":{"start":{"line":137,"column":4},"end":{"line":137,"column":41}}},"fnMap":{"0":{"name":"env","decl":{"start":{"line":27,"column":9},"end":{"line":27,"column":13}},"loc":{"start":{"line":27,"column":25},"end":{"line":29,"column":null}},"line":27},"1":{"name":"(anonymous_1)","decl":{"start":{"line":50,"column":19},"end":{"line":50,"column":20}},"loc":{"start":{"line":50,"column":20},"end":{"line":52,"column":null}},"line":50},"2":{"name":"isImagesPath","decl":{"start":{"line":55,"column":9},"end":{"line":55,"column":22}},"loc":{"start":{"line":55,"column":31},"end":{"line":57,"column":null}},"line":55},"3":{"name":"isPublicImgPath","decl":{"start":{"line":60,"column":9},"end":{"line":60,"column":25}},"loc":{"start":{"line":60,"column":34},"end":{"line":62,"column":null}},"line":60},"4":{"name":"isUploadsPathRaw","decl":{"start":{"line":64,"column":9},"end":{"line":64,"column":26}},"loc":{"start":{"line":64,"column":35},"end":{"line":69,"column":null}},"line":64},"5":{"name":"absolutize","decl":{"start":{"line":72,"column":9},"end":{"line":72,"column":20}},"loc":{"start":{"line":72,"column":29},"end":{"line":77,"column":null}},"line":72},"6":{"name":"joinUrl","decl":{"start":{"line":80,"column":9},"end":{"line":80,"column":17}},"loc":{"start":{"line":80,"column":43},"end":{"line":84,"column":null}},"line":80},"7":{"name":"extractUploadsSubpath","decl":{"start":{"line":86,"column":9},"end":{"line":86,"column":31}},"loc":{"start":{"line":86,"column":40},"end":{"line":93,"column":null}},"line":86},"8":{"name":"resolveImg","decl":{"start":{"line":100,"column":16},"end":{"line":100,"column":27}},"loc":{"start":{"line":100,"column":92},"end":{"line":132,"column":null}},"line":100},"9":{"name":"placeholderUrl","decl":{"start":{"line":135,"column":16},"end":{"line":135,"column":null}},"loc":{"start":{"line":135,"column":16},"end":{"line":138,"column":null}},"line":135}},"branchMap":{"0":{"loc":{"start":{"line":18,"column":4},"end":{"line":18,"column":null}},"type":"binary-expr","locations":[{"start":{"line":18,"column":4},"end":{"line":18,"column":37}},{"start":{"line":18,"column":37},"end":{"line":18,"column":null}}],"line":18},"1":{"loc":{"start":{"line":33,"column":4},"end":{"line":33,"column":null}},"type":"binary-expr","locations":[{"start":{"line":33,"column":4},"end":{"line":33,"column":34}},{"start":{"line":33,"column":34},"end":{"line":33,"column":72}}],"line":33},"2":{"loc":{"start":{"line":33,"column":34},"end":{"line":33,"column":72}},"type":"cond-expr","locations":[{"start":{"line":33,"column":46},"end":{"line":33,"column":68}},{"start":{"line":33,"column":71},"end":{"line":33,"column":72}}],"line":33},"3":{"loc":{"start":{"line":37,"column":4},"end":{"line":37,"column":null}},"type":"binary-expr","locations":[{"start":{"line":37,"column":4},"end":{"line":37,"column":32}},{"start":{"line":37,"column":32},"end":{"line":37,"column":null}}],"line":37},"4":{"loc":{"start":{"line":46,"column":4},"end":{"line":46,"column":null}},"type":"binary-expr","locations":[{"start":{"line":46,"column":4},"end":{"line":46,"column":31}},{"start":{"line":46,"column":31},"end":{"line":46,"column":null}}],"line":46},"5":{"loc":{"start":{"line":51,"column":11},"end":{"line":51,"column":null}},"type":"binary-expr","locations":[{"start":{"line":51,"column":11},"end":{"line":51,"column":18}},{"start":{"line":51,"column":18},"end":{"line":51,"column":null}}],"line":51},"6":{"loc":{"start":{"line":66,"column":11},"end":{"line":68,"column":null}},"type":"binary-expr","locations":[{"start":{"line":66,"column":11},"end":{"line":66,"column":45}},{"start":{"line":67,"column":11},"end":{"line":67,"column":null}},{"start":{"line":68,"column":11},"end":{"line":68,"column":null}}],"line":66},"7":{"loc":{"start":{"line":73,"column":4},"end":{"line":73,"column":null}},"type":"if","locations":[{"start":{"line":73,"column":4},"end":{"line":73,"column":null}},{"start":{},"end":{}}],"line":73},"8":{"loc":{"start":{"line":74,"column":4},"end":{"line":74,"column":null}},"type":"if","locations":[{"start":{"line":74,"column":4},"end":{"line":74,"column":null}},{"start":{},"end":{}}],"line":74},"9":{"loc":{"start":{"line":75,"column":16},"end":{"line":75,"column":47}},"type":"cond-expr","locations":[{"start":{"line":75,"column":36},"end":{"line":75,"column":40}},{"start":{"line":75,"column":40},"end":{"line":75,"column":47}}],"line":75},"10":{"loc":{"start":{"line":83,"column":11},"end":{"line":83,"column":36}},"type":"cond-expr","locations":[{"start":{"line":83,"column":15},"end":{"line":83,"column":26}},{"start":{"line":83,"column":29},"end":{"line":83,"column":36}}],"line":83},"11":{"loc":{"start":{"line":90,"column":4},"end":{"line":90,"column":null}},"type":"if","locations":[{"start":{"line":90,"column":4},"end":{"line":90,"column":null}},{"start":{},"end":{}}],"line":90},"12":{"loc":{"start":{"line":91,"column":4},"end":{"line":91,"column":70}},"type":"if","locations":[{"start":{"line":91,"column":4},"end":{"line":91,"column":70}},{"start":{},"end":{}}],"line":91},"13":{"loc":{"start":{"line":101,"column":17},"end":{"line":101,"column":27}},"type":"binary-expr","locations":[{"start":{"line":101,"column":17},"end":{"line":101,"column":26}},{"start":{"line":101,"column":26},"end":{"line":101,"column":27}}],"line":101},"14":{"loc":{"start":{"line":102,"column":4},"end":{"line":102,"column":null}},"type":"if","locations":[{"start":{"line":102,"column":4},"end":{"line":102,"column":null}},{"start":{},"end":{}}],"line":102},"15":{"loc":{"start":{"line":102,"column":21},"end":{"line":102,"column":null}},"type":"cond-expr","locations":[{"start":{"line":102,"column":49},"end":{"line":102,"column":68}},{"start":{"line":102,"column":68},"end":{"line":102,"column":null}}],"line":102},"16":{"loc":{"start":{"line":107,"column":4},"end":{"line":107,"column":null}},"type":"if","locations":[{"start":{"line":107,"column":4},"end":{"line":107,"column":null}},{"start":{},"end":{}}],"line":107},"17":{"loc":{"start":{"line":110,"column":4},"end":{"line":113,"column":null}},"type":"if","locations":[{"start":{"line":110,"column":4},"end":{"line":113,"column":null}},{"start":{},"end":{}}],"line":110},"18":{"loc":{"start":{"line":111,"column":27},"end":{"line":111,"column":58}},"type":"cond-expr","locations":[{"start":{"line":111,"column":47},"end":{"line":111,"column":51}},{"start":{"line":111,"column":51},"end":{"line":111,"column":58}}],"line":111},"19":{"loc":{"start":{"line":116,"column":4},"end":{"line":119,"column":null}},"type":"if","locations":[{"start":{"line":116,"column":4},"end":{"line":119,"column":null}},{"start":{},"end":{}}],"line":116},"20":{"loc":{"start":{"line":118,"column":23},"end":{"line":118,"column":51}},"type":"binary-expr","locations":[{"start":{"line":118,"column":23},"end":{"line":118,"column":39}},{"start":{"line":118,"column":39},"end":{"line":118,"column":51}}],"line":118},"21":{"loc":{"start":{"line":122,"column":4},"end":{"line":125,"column":null}},"type":"if","locations":[{"start":{"line":122,"column":4},"end":{"line":125,"column":null}},{"start":{},"end":{}}],"line":122},"22":{"loc":{"start":{"line":124,"column":23},"end":{"line":124,"column":49}},"type":"binary-expr","locations":[{"start":{"line":124,"column":23},"end":{"line":124,"column":38}},{"start":{"line":124,"column":38},"end":{"line":124,"column":49}}],"line":124},"23":{"loc":{"start":{"line":128,"column":4},"end":{"line":128,"column":null}},"type":"if","locations":[{"start":{"line":128,"column":4},"end":{"line":128,"column":null}},{"start":{},"end":{}}],"line":128},"24":{"loc":{"start":{"line":131,"column":19},"end":{"line":131,"column":45}},"type":"binary-expr","locations":[{"start":{"line":131,"column":19},"end":{"line":131,"column":34}},{"start":{"line":131,"column":34},"end":{"line":131,"column":45}}],"line":131},"25":{"loc":{"start":{"line":137,"column":11},"end":{"line":137,"column":41}},"type":"cond-expr","locations":[{"start":{"line":137,"column":20},"end":{"line":137,"column":37}},{"start":{"line":137,"column":37},"end":{"line":137,"column":41}}],"line":137}},"s":{"0":2,"1":2,"2":6,"3":2,"4":2,"5":2,"6":2,"7":20,"8":4,"9":10,"10":8,"11":8,"12":0,"13":8,"14":0,"15":8,"16":8,"17":7,"18":7,"19":7,"20":4,"21":4,"22":4,"23":2,"24":2,"25":2,"26":0,"27":18,"28":18,"29":6,"30":12,"31":12,"32":2,"33":10,"34":2,"35":2,"36":8,"37":4,"38":4,"39":4,"40":2,"41":2,"42":2,"43":1,"44":1,"45":5,"46":5},"f":{"0":6,"1":20,"2":4,"3":10,"4":8,"5":8,"6":7,"7":4,"8":18,"9":5},"b":{"0":[2,2],"1":[2,2],"2":[2,0],"3":[2,2],"4":[2,2],"5":[20,20],"6":[8,6,5],"7":[0,8],"8":[0,8],"9":[8,0],"10":[7,0],"11":[2,2],"12":[2,0],"13":[18,3],"14":[6,12],"15":[2,4],"16":[2,10],"17":[2,8],"18":[1,1],"19":[4,4],"20":[4,0],"21":[2,2],"22":[2,0],"23":[1,1],"24":[1,0],"25":[5,0]},"meta":{"lastBranch":26,"lastFunction":10,"lastStatement":47,"seen":{"s:18:4:18:Infinity":0,"b:18:4:18:37:18:37:18:Infinity":0,"s:23:4:23:44":1,"f:27:9:27:13":0,"s:28:4:28:Infinity":2,"s:32:30:34:Infinity":3,"b:33:4:33:34:33:34:33:72":1,"b:33:46:33:68:33:71:33:72":2,"s:36:36:38:Infinity":4,"b:37:4:37:32:37:32:37:Infinity":3,"s:45:35:47:Infinity":5,"b:46:4:46:31:46:31:46:Infinity":4,"s:50:19:52:Infinity":6,"f:50:19:50:20":1,"s:51:4:51:Infinity":7,"b:51:11:51:18:51:18:51:Infinity":5,"f:55:9:55:22":2,"s:56:4:56:Infinity":8,"f:60:9:60:25":3,"s:61:4:61:Infinity":9,"f:64:9:64:26":4,"s:66:4:68:Infinity":10,"b:66:11:66:45:67:11:67:Infinity:68:11:68:Infinity":6,"f:72:9:72:20":5,"b:73:4:73:Infinity:undefined:undefined:undefined:undefined":7,"s:73:4:73:Infinity":11,"s:73:12:73:Infinity":12,"b:74:4:74:Infinity:undefined:undefined:undefined:undefined":8,"s:74:4:74:Infinity":13,"s:74:23:74:Infinity":14,"s:75:16:75:47":15,"b:75:36:75:40:75:40:75:47":9,"s:76:4:76:Infinity":16,"f:80:9:80:17":6,"s:81:14:81:Infinity":17,"s:82:14:82:Infinity":18,"s:83:4:83:Infinity":19,"b:83:15:83:26:83:29:83:36":10,"f:86:9:86:31":7,"s:88:14:88:Infinity":20,"s:89:15:89:Infinity":21,"b:90:4:90:Infinity:undefined:undefined:undefined:undefined":11,"s:90:4:90:Infinity":22,"s:90:17:90:Infinity":23,"b:91:4:91:70:undefined:undefined:undefined:undefined":12,"s:91:4:91:70":24,"s:91:34:91:70":25,"s:92:4:92:Infinity":26,"f:100:16:100:27":8,"s:101:16:101:Infinity":27,"b:101:17:101:26:101:26:101:27":13,"b:102:4:102:Infinity:undefined:undefined:undefined:undefined":14,"s:102:4:102:Infinity":28,"s:102:14:102:Infinity":29,"b:102:49:102:68:102:68:102:Infinity":15,"s:104:14:104:Infinity":30,"b:107:4:107:Infinity:undefined:undefined:undefined:undefined":16,"s:107:4:107:Infinity":31,"s:107:23:107:Infinity":32,"b:110:4:113:Infinity:undefined:undefined:undefined:undefined":17,"s:110:4:113:Infinity":33,"s:111:27:111:58":34,"b:111:47:111:51:111:51:111:58":18,"s:112:8:112:Infinity":35,"b:116:4:119:Infinity:undefined:undefined:undefined:undefined":19,"s:116:4:119:Infinity":36,"s:117:20:117:Infinity":37,"s:118:8:118:Infinity":38,"b:118:23:118:39:118:39:118:51":20,"b:122:4:125:Infinity:undefined:undefined:undefined:undefined":21,"s:122:4:125:Infinity":39,"s:123:25:123:Infinity":40,"s:124:8:124:Infinity":41,"b:124:23:124:38:124:38:124:49":22,"b:128:4:128:Infinity:undefined:undefined:undefined:undefined":23,"s:128:4:128:Infinity":42,"s:128:27:128:Infinity":43,"s:131:4:131:Infinity":44,"b:131:19:131:34:131:34:131:45":24,"f:135:16:135:Infinity":9,"s:136:15:136:Infinity":45,"s:137:4:137:41":46,"b:137:20:137:37:137:37:137:41":25},"fnNames":{}}}
,"C:\\Users\\aleks\\OneDrive\\Документы\\WebstormProjects\\portfolio-site\\portfolio-app-redesign\\src\\data\\catalog\\categories.ts": {"path":"C:\\Users\\aleks\\OneDrive\\Документы\\WebstormProjects\\portfolio-site\\portfolio-app-redesign\\src\\data\\catalog\\categories.ts","statementMap":{"0":{"start":{"line":4,"column":27},"end":{"line":83,"column":null}}},"fnMap":{},"branchMap":{},"s":{"0":1},"f":{},"b":{},"meta":{"lastBranch":0,"lastFunction":0,"lastStatement":1,"seen":{"s:4:27:83:Infinity":0},"fnNames":{}}}
,"C:\\Users\\aleks\\OneDrive\\Документы\\WebstormProjects\\portfolio-site\\portfolio-app-redesign\\src\\data\\hooks\\hooks.ts": {"path":"C:\\Users\\aleks\\OneDrive\\Документы\\WebstormProjects\\portfolio-site\\portfolio-app-redesign\\src\\data\\hooks\\hooks.ts","statementMap":{"0":{"start":{"line":6,"column":29},"end":{"line":6,"column":null}},"1":{"start":{"line":7,"column":10},"end":{"line":16,"column":null}},"2":{"start":{"line":7,"column":44},"end":{"line":16,"column":8}},"3":{"start":{"line":17,"column":10},"end":{"line":33,"column":null}},"4":{"start":{"line":18,"column":19},"end":{"line":18,"column":null}},"5":{"start":{"line":19,"column":8},"end":{"line":19,"column":null}},"6":{"start":{"line":19,"column":20},"end":{"line":19,"column":null}},"7":{"start":{"line":20,"column":8},"end":{"line":20,"column":null}},"8":{"start":{"line":20,"column":36},"end":{"line":20,"column":null}},"9":{"start":{"line":21,"column":8},"end":{"line":21,"column":null}},"10":{"start":{"line":21,"column":36},"end":{"line":21,"column":null}},"11":{"start":{"line":22,"column":8},"end":{"line":22,"column":null}},"12":{"start":{"line":22,"column":32},"end":{"line":22,"column":null}},"13":{"start":{"line":23,"column":8},"end":{"line":23,"column":null}},"14":{"start":{"line":23,"column":30},"end":{"line":23,"column":null}},"15":{"start":{"line":24,"column":8},"end":{"line":24,"column":null}},"16":{"start":{"line":24,"column":39},"end":{"line":24,"column":null}},"17":{"start":{"line":25,"column":8},"end":{"line":25,"column":null}},"18":{"start":{"line":25,"column":27},"end":{"line":25,"column":null}},"19":{"start":{"line":26,"column":8},"end":{"line":26,"column":null}},"20":{"start":{"line":26,"column":47},"end":{"line":26,"column":null}},"21":{"start":{"line":28,"column":24},"end":{"line":28,"column":null}},"22":{"start":{"line":29,"column":24},"end":{"line":29,"column":null}},"23":{"start":{"line":30,"column":8},"end":{"line":32,"column":null}},"24":{"start":{"line":31,"column":12},"end":{"line":31,"column":null}},"25":{"start":{"line":34,"column":4},"end":{"line":34,"column":null}},"26":{"start":{"line":38,"column":4},"end":{"line":38,"column":null}},"27":{"start":{"line":38,"column":12},"end":{"line":38,"column":null}},"28":{"start":{"line":39,"column":14},"end":{"line":39,"column":null}},"29":{"start":{"line":40,"column":4},"end":{"line":40,"column":null}},"30":{"start":{"line":44,"column":14},"end":{"line":53,"column":null}},"31":{"start":{"line":45,"column":8},"end":{"line":45,"column":null}},"32":{"start":{"line":45,"column":39},"end":{"line":45,"column":null}},"33":{"start":{"line":46,"column":8},"end":{"line":46,"column":null}},"34":{"start":{"line":46,"column":42},"end":{"line":46,"column":null}},"35":{"start":{"line":47,"column":8},"end":{"line":47,"column":null}},"36":{"start":{"line":47,"column":89},"end":{"line":47,"column":null}},"37":{"start":{"line":48,"column":8},"end":{"line":48,"column":null}},"38":{"start":{"line":48,"column":52},"end":{"line":48,"column":null}},"39":{"start":{"line":49,"column":8},"end":{"line":49,"column":null}},"40":{"start":{"line":49,"column":52},"end":{"line":49,"column":null}},"41":{"start":{"line":50,"column":8},"end":{"line":50,"column":null}},"42":{"start":{"line":50,"column":60},"end":{"line":50,"column":null}},"43":{"start":{"line":51,"column":8},"end":{"line":51,"column":null}},"44":{"start":{"line":51,"column":41},"end":{"line":51,"column":null}},"45":{"start":{"line":52,"column":8},"end":{"line":52,"column":null}},"46":{"start":{"line":54,"column":4},"end":{"line":65,"column":null}},"47":{"start":{"line":55,"column":8},"end":{"line":64,"column":null}},"48":{"start":{"line":57,"column":16},"end":{"line":57,"column":null}},"49":{"start":{"line":59,"column":16},"end":{"line":59,"column":null}},"50":{"start":{"line":61,"column":16},"end":{"line":61,"column":null}},"51":{"start":{"line":63,"column":16},"end":{"line":63,"column":null}},"52":{"start":{"line":66,"column":4},"end":{"line":66,"column":null}}},"fnMap":{"0":{"name":"useQueryFilters","decl":{"start":{"line":5,"column":16},"end":{"line":5,"column":32}},"loc":{"start":{"line":5,"column":49},"end":{"line":35,"column":null}},"line":5},"1":{"name":"(anonymous_1)","decl":{"start":{"line":7,"column":37},"end":{"line":7,"column":44}},"loc":{"start":{"line":7,"column":44},"end":{"line":16,"column":8}},"line":7},"2":{"name":"(anonymous_2)","decl":{"start":{"line":17,"column":31},"end":{"line":17,"column":32}},"loc":{"start":{"line":17,"column":32},"end":{"line":33,"column":7}},"line":17},"3":{"name":"parseNum","decl":{"start":{"line":37,"column":9},"end":{"line":37,"column":18}},"loc":{"start":{"line":37,"column":34},"end":{"line":41,"column":null}},"line":37},"4":{"name":"applyFilters","decl":{"start":{"line":43,"column":16},"end":{"line":43,"column":29}},"loc":{"start":{"line":43,"column":84},"end":{"line":67,"column":null}},"line":43},"5":{"name":"(anonymous_5)","decl":{"start":{"line":44,"column":26},"end":{"line":44,"column":null}},"loc":{"start":{"line":44,"column":26},"end":{"line":53,"column":null}},"line":44},"6":{"name":"(anonymous_6)","decl":{"start":{"line":54,"column":19},"end":{"line":54,"column":20}},"loc":{"start":{"line":54,"column":23},"end":{"line":65,"column":null}},"line":54}},"branchMap":{"0":{"loc":{"start":{"line":8,"column":11},"end":{"line":8,"column":40}},"type":"binary-expr","locations":[{"start":{"line":8,"column":11},"end":{"line":8,"column":30}},{"start":{"line":8,"column":30},"end":{"line":8,"column":40}}],"line":8},"1":{"loc":{"start":{"line":9,"column":13},"end":{"line":9,"column":56}},"type":"binary-expr","locations":[{"start":{"line":9,"column":13},"end":{"line":9,"column":44}},{"start":{"line":9,"column":44},"end":{"line":9,"column":56}}],"line":9},"2":{"loc":{"start":{"line":10,"column":13},"end":{"line":10,"column":56}},"type":"binary-expr","locations":[{"start":{"line":10,"column":13},"end":{"line":10,"column":44}},{"start":{"line":10,"column":44},"end":{"line":10,"column":56}}],"line":10},"3":{"loc":{"start":{"line":11,"column":17},"end":{"line":11,"column":41}},"type":"binary-expr","locations":[{"start":{"line":11,"column":17},"end":{"line":11,"column":40}},{"start":{"line":11,"column":40},"end":{"line":11,"column":41}}],"line":11},"4":{"loc":{"start":{"line":12,"column":21},"end":{"line":12,"column":78}},"type":"cond-expr","locations":[{"start":{"line":12,"column":51},"end":{"line":12,"column":58}},{"start":{"line":12,"column":58},"end":{"line":12,"column":78}}],"line":12},"5":{"loc":{"start":{"line":13,"column":14},"end":{"line":13,"column":70}},"type":"binary-expr","locations":[{"start":{"line":13,"column":14},"end":{"line":13,"column":57}},{"start":{"line":13,"column":57},"end":{"line":13,"column":70}}],"line":13},"6":{"loc":{"start":{"line":14,"column":14},"end":{"line":14,"column":88}},"type":"binary-expr","locations":[{"start":{"line":14,"column":14},"end":{"line":14,"column":75}},{"start":{"line":14,"column":75},"end":{"line":14,"column":88}}],"line":14},"7":{"loc":{"start":{"line":14,"column":23},"end":{"line":14,"column":68}},"type":"binary-expr","locations":[{"start":{"line":14,"column":23},"end":{"line":14,"column":45}},{"start":{"line":14,"column":45},"end":{"line":14,"column":68}}],"line":14},"8":{"loc":{"start":{"line":15,"column":17},"end":{"line":15,"column":null}},"type":"binary-expr","locations":[{"start":{"line":15,"column":17},"end":{"line":15,"column":84}},{"start":{"line":15,"column":84},"end":{"line":15,"column":null}}],"line":15},"9":{"loc":{"start":{"line":15,"column":26},"end":{"line":15,"column":77}},"type":"binary-expr","locations":[{"start":{"line":15,"column":26},"end":{"line":15,"column":51}},{"start":{"line":15,"column":51},"end":{"line":15,"column":77}}],"line":15},"10":{"loc":{"start":{"line":19,"column":8},"end":{"line":19,"column":null}},"type":"if","locations":[{"start":{"line":19,"column":8},"end":{"line":19,"column":null}},{"start":{},"end":{}}],"line":19},"11":{"loc":{"start":{"line":20,"column":8},"end":{"line":20,"column":null}},"type":"if","locations":[{"start":{"line":20,"column":8},"end":{"line":20,"column":null}},{"start":{},"end":{}}],"line":20},"12":{"loc":{"start":{"line":21,"column":8},"end":{"line":21,"column":null}},"type":"if","locations":[{"start":{"line":21,"column":8},"end":{"line":21,"column":null}},{"start":{},"end":{}}],"line":21},"13":{"loc":{"start":{"line":22,"column":8},"end":{"line":22,"column":null}},"type":"if","locations":[{"start":{"line":22,"column":8},"end":{"line":22,"column":null}},{"start":{},"end":{}}],"line":22},"14":{"loc":{"start":{"line":23,"column":8},"end":{"line":23,"column":null}},"type":"if","locations":[{"start":{"line":23,"column":8},"end":{"line":23,"column":null}},{"start":{},"end":{}}],"line":23},"15":{"loc":{"start":{"line":24,"column":8},"end":{"line":24,"column":null}},"type":"if","locations":[{"start":{"line":24,"column":8},"end":{"line":24,"column":null}},{"start":{},"end":{}}],"line":24},"16":{"loc":{"start":{"line":25,"column":8},"end":{"line":25,"column":null}},"type":"if","locations":[{"start":{"line":25,"column":8},"end":{"line":25,"column":null}},{"start":{},"end":{}}],"line":25},"17":{"loc":{"start":{"line":26,"column":8},"end":{"line":26,"column":null}},"type":"if","locations":[{"start":{"line":26,"column":8},"end":{"line":26,"column":null}},{"start":{},"end":{}}],"line":26},"18":{"loc":{"start":{"line":30,"column":8},"end":{"line":32,"column":null}},"type":"if","locations":[{"start":{"line":30,"column":8},"end":{"line":32,"column":null}},{"start":{},"end":{}}],"line":30},"19":{"loc":{"start":{"line":38,"column":4},"end":{"line":38,"column":null}},"type":"if","locations":[{"start":{"line":38,"column":4},"end":{"line":38,"column":null}},{"start":{},"end":{}}],"line":38},"20":{"loc":{"start":{"line":40,"column":11},"end":{"line":40,"column":null}},"type":"cond-expr","locations":[{"start":{"line":40,"column":32},"end":{"line":40,"column":36}},{"start":{"line":40,"column":36},"end":{"line":40,"column":null}}],"line":40},"21":{"loc":{"start":{"line":45,"column":8},"end":{"line":45,"column":null}},"type":"if","locations":[{"start":{"line":45,"column":8},"end":{"line":45,"column":null}},{"start":{},"end":{}}],"line":45},"22":{"loc":{"start":{"line":45,"column":12},"end":{"line":45,"column":39}},"type":"binary-expr","locations":[{"start":{"line":45,"column":12},"end":{"line":45,"column":19}},{"start":{"line":45,"column":19},"end":{"line":45,"column":39}}],"line":45},"23":{"loc":{"start":{"line":46,"column":8},"end":{"line":46,"column":null}},"type":"if","locations":[{"start":{"line":46,"column":8},"end":{"line":46,"column":null}},{"start":{},"end":{}}],"line":46},"24":{"loc":{"start":{"line":46,"column":12},"end":{"line":46,"column":42}},"type":"binary-expr","locations":[{"start":{"line":46,"column":12},"end":{"line":46,"column":19}},{"start":{"line":46,"column":19},"end":{"line":46,"column":42}}],"line":46},"25":{"loc":{"start":{"line":47,"column":8},"end":{"line":47,"column":null}},"type":"if","locations":[{"start":{"line":47,"column":8},"end":{"line":47,"column":null}},{"start":{},"end":{}}],"line":47},"26":{"loc":{"start":{"line":47,"column":12},"end":{"line":47,"column":89}},"type":"binary-expr","locations":[{"start":{"line":47,"column":12},"end":{"line":47,"column":15}},{"start":{"line":47,"column":19},"end":{"line":47,"column":89}}],"line":47},"27":{"loc":{"start":{"line":48,"column":8},"end":{"line":48,"column":null}},"type":"if","locations":[{"start":{"line":48,"column":8},"end":{"line":48,"column":null}},{"start":{},"end":{}}],"line":48},"28":{"loc":{"start":{"line":48,"column":12},"end":{"line":48,"column":50}},"type":"binary-expr","locations":[{"start":{"line":48,"column":12},"end":{"line":48,"column":35}},{"start":{"line":48,"column":35},"end":{"line":48,"column":50}}],"line":48},"29":{"loc":{"start":{"line":49,"column":8},"end":{"line":49,"column":null}},"type":"if","locations":[{"start":{"line":49,"column":8},"end":{"line":49,"column":null}},{"start":{},"end":{}}],"line":49},"30":{"loc":{"start":{"line":49,"column":12},"end":{"line":49,"column":50}},"type":"binary-expr","locations":[{"start":{"line":49,"column":12},"end":{"line":49,"column":35}},{"start":{"line":49,"column":35},"end":{"line":49,"column":50}}],"line":49},"31":{"loc":{"start":{"line":50,"column":8},"end":{"line":50,"column":null}},"type":"if","locations":[{"start":{"line":50,"column":8},"end":{"line":50,"column":null}},{"start":{},"end":{}}],"line":50},"32":{"loc":{"start":{"line":50,"column":12},"end":{"line":50,"column":60}},"type":"binary-expr","locations":[{"start":{"line":50,"column":12},"end":{"line":50,"column":27}},{"start":{"line":50,"column":31},"end":{"line":50,"column":60}}],"line":50},"33":{"loc":{"start":{"line":51,"column":8},"end":{"line":51,"column":null}},"type":"if","locations":[{"start":{"line":51,"column":8},"end":{"line":51,"column":null}},{"start":{},"end":{}}],"line":51},"34":{"loc":{"start":{"line":51,"column":12},"end":{"line":51,"column":39}},"type":"binary-expr","locations":[{"start":{"line":51,"column":12},"end":{"line":51,"column":25}},{"start":{"line":51,"column":29},"end":{"line":51,"column":39}}],"line":51},"35":{"loc":{"start":{"line":55,"column":8},"end":{"line":64,"column":null}},"type":"switch","locations":[{"start":{"line":56,"column":12},"end":{"line":57,"column":null}},{"start":{"line":58,"column":12},"end":{"line":59,"column":null}},{"start":{"line":60,"column":12},"end":{"line":61,"column":null}},{"start":{"line":62,"column":12},"end":{"line":63,"column":null}}],"line":55}},"s":{"0":0,"1":0,"2":0,"3":0,"4":0,"5":0,"6":0,"7":0,"8":0,"9":0,"10":0,"11":0,"12":0,"13":0,"14":0,"15":0,"16":0,"17":0,"18":0,"19":0,"20":0,"21":0,"22":0,"23":0,"24":0,"25":0,"26":0,"27":0,"28":0,"29":0,"30":13,"31":39,"32":2,"33":37,"34":1,"35":36,"36":4,"37":32,"38":2,"39":30,"40":2,"41":28,"42":2,"43":26,"44":1,"45":25,"46":13,"47":17,"48":4,"49":3,"50":4,"51":6,"52":13},"f":{"0":0,"1":0,"2":0,"3":0,"4":13,"5":39,"6":17},"b":{"0":[0,0],"1":[0,0],"2":[0,0],"3":[0,0],"4":[0,0],"5":[0,0],"6":[0,0],"7":[0,0],"8":[0,0],"9":[0,0],"10":[0,0],"11":[0,0],"12":[0,0],"13":[0,0],"14":[0,0],"15":[0,0],"16":[0,0],"17":[0,0],"18":[0,0],"19":[0,0],"20":[0,0],"21":[2,37],"22":[39,6],"23":[1,36],"24":[37,2],"25":[4,32],"26":[36,6],"27":[2,30],"28":[32,6],"29":[2,28],"30":[30,5],"31":[2,26],"32":[28,3],"33":[1,25],"34":[26,3],"35":[4,3,4,6]},"meta":{"lastBranch":36,"lastFunction":7,"lastStatement":53,"seen":{"f:5:16:5:32":0,"s:6:29:6:Infinity":0,"s:7:10:16:Infinity":1,"f:7:37:7:44":1,"s:7:44:16:8":2,"b:8:11:8:30:8:30:8:40":0,"b:9:13:9:44:9:44:9:56":1,"b:10:13:10:44:10:44:10:56":2,"b:11:17:11:40:11:40:11:41":3,"b:12:51:12:58:12:58:12:78":4,"b:13:14:13:57:13:57:13:70":5,"b:14:14:14:75:14:75:14:88":6,"b:14:23:14:45:14:45:14:68":7,"b:15:17:15:84:15:84:15:Infinity":8,"b:15:26:15:51:15:51:15:77":9,"s:17:10:33:Infinity":3,"f:17:31:17:32":2,"s:18:19:18:Infinity":4,"b:19:8:19:Infinity:undefined:undefined:undefined:undefined":10,"s:19:8:19:Infinity":5,"s:19:20:19:Infinity":6,"b:20:8:20:Infinity:undefined:undefined:undefined:undefined":11,"s:20:8:20:Infinity":7,"s:20:36:20:Infinity":8,"b:21:8:21:Infinity:undefined:undefined:undefined:undefined":12,"s:21:8:21:Infinity":9,"s:21:36:21:Infinity":10,"b:22:8:22:Infinity:undefined:undefined:undefined:undefined":13,"s:22:8:22:Infinity":11,"s:22:32:22:Infinity":12,"b:23:8:23:Infinity:undefined:undefined:undefined:undefined":14,"s:23:8:23:Infinity":13,"s:23:30:23:Infinity":14,"b:24:8:24:Infinity:undefined:undefined:undefined:undefined":15,"s:24:8:24:Infinity":15,"s:24:39:24:Infinity":16,"b:25:8:25:Infinity:undefined:undefined:undefined:undefined":16,"s:25:8:25:Infinity":17,"s:25:27:25:Infinity":18,"b:26:8:26:Infinity:undefined:undefined:undefined:undefined":17,"s:26:8:26:Infinity":19,"s:26:47:26:Infinity":20,"s:28:24:28:Infinity":21,"s:29:24:29:Infinity":22,"b:30:8:32:Infinity:undefined:undefined:undefined:undefined":18,"s:30:8:32:Infinity":23,"s:31:12:31:Infinity":24,"s:34:4:34:Infinity":25,"f:37:9:37:18":3,"b:38:4:38:Infinity:undefined:undefined:undefined:undefined":19,"s:38:4:38:Infinity":26,"s:38:12:38:Infinity":27,"s:39:14:39:Infinity":28,"s:40:4:40:Infinity":29,"b:40:32:40:36:40:36:40:Infinity":20,"f:43:16:43:29":4,"s:44:14:53:Infinity":30,"f:44:26:44:Infinity":5,"b:45:8:45:Infinity:undefined:undefined:undefined:undefined":21,"s:45:8:45:Infinity":31,"b:45:12:45:19:45:19:45:39":22,"s:45:39:45:Infinity":32,"b:46:8:46:Infinity:undefined:undefined:undefined:undefined":23,"s:46:8:46:Infinity":33,"b:46:12:46:19:46:19:46:42":24,"s:46:42:46:Infinity":34,"b:47:8:47:Infinity:undefined:undefined:undefined:undefined":25,"s:47:8:47:Infinity":35,"b:47:12:47:15:47:19:47:89":26,"s:47:89:47:Infinity":36,"b:48:8:48:Infinity:undefined:undefined:undefined:undefined":27,"s:48:8:48:Infinity":37,"b:48:12:48:35:48:35:48:50":28,"s:48:52:48:Infinity":38,"b:49:8:49:Infinity:undefined:undefined:undefined:undefined":29,"s:49:8:49:Infinity":39,"b:49:12:49:35:49:35:49:50":30,"s:49:52:49:Infinity":40,"b:50:8:50:Infinity:undefined:undefined:undefined:undefined":31,"s:50:8:50:Infinity":41,"b:50:12:50:27:50:31:50:60":32,"s:50:60:50:Infinity":42,"b:51:8:51:Infinity:undefined:undefined:undefined:undefined":33,"s:51:8:51:Infinity":43,"b:51:12:51:25:51:29:51:39":34,"s:51:41:51:Infinity":44,"s:52:8:52:Infinity":45,"s:54:4:65:Infinity":46,"f:54:19:54:20":6,"b:56:12:57:Infinity:58:12:59:Infinity:60:12:61:Infinity:62:12:63:Infinity":35,"s:55:8:64:Infinity":47,"s:57:16:57:Infinity":48,"s:59:16:59:Infinity":49,"s:61:16:61:Infinity":50,"s:63:16:63:Infinity":51,"s:66:4:66:Infinity":52},"fnNames":{}}}
,"C:\\Users\\aleks\\OneDrive\\Документы\\WebstormProjects\\portfolio-site\\portfolio-app-redesign\\src\\data\\hooks\\useDebounced.ts": {"path":"C:\\Users\\aleks\\OneDrive\\Документы\\WebstormProjects\\portfolio-site\\portfolio-app-redesign\\src\\data\\hooks\\useDebounced.ts","statementMap":{"0":{"start":{"line":9,"column":35},"end":{"line":9,"column":null}},"1":{"start":{"line":11,"column":4},"end":{"line":14,"column":null}},"2":{"start":{"line":12,"column":19},"end":{"line":12,"column":null}},"3":{"start":{"line":12,"column":43},"end":{"line":12,"column":64}},"4":{"start":{"line":13,"column":8},"end":{"line":13,"column":null}},"5":{"start":{"line":13,"column":21},"end":{"line":13,"column":null}},"6":{"start":{"line":16,"column":4},"end":{"line":16,"column":null}}},"fnMap":{"0":{"name":"useDebounced","decl":{"start":{"line":8,"column":16},"end":{"line":8,"column":32}},"loc":{"start":{"line":8,"column":61},"end":{"line":17,"column":null}},"line":8},"1":{"name":"(anonymous_1)","decl":{"start":{"line":11,"column":14},"end":{"line":11,"column":null}},"loc":{"start":{"line":11,"column":14},"end":{"line":14,"column":7}},"line":11},"2":{"name":"(anonymous_2)","decl":{"start":{"line":12,"column":37},"end":{"line":12,"column":43}},"loc":{"start":{"line":12,"column":43},"end":{"line":12,"column":64}},"line":12},"3":{"name":"(anonymous_3)","decl":{"start":{"line":13,"column":15},"end":{"line":13,"column":21}},"loc":{"start":{"line":13,"column":21},"end":{"line":13,"column":null}},"line":13}},"branchMap":{"0":{"loc":{"start":{"line":8,"column":42},"end":{"line":8,"column":61}},"type":"default-arg","locations":[{"start":{"line":8,"column":58},"end":{"line":8,"column":61}}],"line":8}},"s":{"0":8,"1":8,"2":6,"3":2,"4":6,"5":6,"6":8},"f":{"0":8,"1":6,"2":2,"3":6},"b":{"0":[8]},"meta":{"lastBranch":1,"lastFunction":4,"lastStatement":7,"seen":{"f:8:16:8:32":0,"b:8:58:8:61":0,"s:9:35:9:Infinity":0,"s:11:4:14:Infinity":1,"f:11:14:11:Infinity":1,"s:12:19:12:Infinity":2,"f:12:37:12:43":2,"s:12:43:12:64":3,"s:13:8:13:Infinity":4,"f:13:15:13:21":3,"s:13:21:13:Infinity":5,"s:16:4:16:Infinity":6},"fnNames":{}}}
,"C:\\Users\\aleks\\OneDrive\\Документы\\WebstormProjects\\portfolio-site\\portfolio-app-redesign\\src\\dropdowns\\DesktopCatalog.tsx": {"path":"C:\\Users\\aleks\\OneDrive\\Документы\\WebstormProjects\\portfolio-site\\portfolio-app-redesign\\src\\dropdowns\\DesktopCatalog.tsx","statementMap":{"0":{"start":{"line":10,"column":14},"end":{"line":10,"column":null}},"1":{"start":{"line":11,"column":26},"end":{"line":11,"column":null}},"2":{"start":{"line":12,"column":17},"end":{"line":15,"column":null}},"3":{"start":{"line":13,"column":4},"end":{"line":13,"column":null}},"4":{"start":{"line":13,"column":22},"end":{"line":13,"column":null}},"5":{"start":{"line":14,"column":4},"end":{"line":14,"column":null}},"6":{"start":{"line":16,"column":2},"end":{"line":25,"column":null}},"7":{"start":{"line":17,"column":4},"end":{"line":17,"column":null}},"8":{"start":{"line":18,"column":15},"end":{"line":18,"column":null}},"9":{"start":{"line":18,"column":21},"end":{"line":18,"column":null}},"10":{"start":{"line":19,"column":4},"end":{"line":19,"column":null}},"11":{"start":{"line":20,"column":4},"end":{"line":20,"column":null}},"12":{"start":{"line":21,"column":4},"end":{"line":24,"column":null}},"13":{"start":{"line":22,"column":6},"end":{"line":22,"column":null}},"14":{"start":{"line":23,"column":6},"end":{"line":23,"column":null}},"15":{"start":{"line":26,"column":2},"end":{"line":26,"column":null}},"16":{"start":{"line":30,"column":13},"end":{"line":30,"column":null}},"17":{"start":{"line":31,"column":8},"end":{"line":31,"column":null}},"18":{"start":{"line":32,"column":8},"end":{"line":32,"column":null}},"19":{"start":{"line":34,"column":32},"end":{"line":34,"column":null}},"20":{"start":{"line":35,"column":23},"end":{"line":35,"column":null}},"21":{"start":{"line":37,"column":2},"end":{"line":37,"column":null}},"22":{"start":{"line":37,"column":24},"end":{"line":37,"column":40}},"23":{"start":{"line":38,"column":2},"end":{"line":44,"column":null}},"24":{"start":{"line":39,"column":18},"end":{"line":41,"column":null}},"25":{"start":{"line":40,"column":6},"end":{"line":40,"column":null}},"26":{"start":{"line":40,"column":30},"end":{"line":40,"column":null}},"27":{"start":{"line":42,"column":4},"end":{"line":42,"column":null}},"28":{"start":{"line":43,"column":4},"end":{"line":43,"column":null}},"29":{"start":{"line":43,"column":17},"end":{"line":43,"column":null}},"30":{"start":{"line":46,"column":53},"end":{"line":75,"column":null}},"31":{"start":{"line":47,"column":4},"end":{"line":47,"column":null}},"32":{"start":{"line":47,"column":15},"end":{"line":47,"column":null}},"33":{"start":{"line":49,"column":22},"end":{"line":49,"column":39}},"34":{"start":{"line":50,"column":22},"end":{"line":50,"column":40}},"35":{"start":{"line":52,"column":22},"end":{"line":52,"column":null}},"36":{"start":{"line":53,"column":19},"end":{"line":53,"column":null}},"37":{"start":{"line":55,"column":17},"end":{"line":55,"column":null}},"38":{"start":{"line":57,"column":23},"end":{"line":57,"column":46}},"39":{"start":{"line":58,"column":19},"end":{"line":58,"column":null}},"40":{"start":{"line":59,"column":17},"end":{"line":59,"column":null}},"41":{"start":{"line":61,"column":38},"end":{"line":69,"column":null}},"42":{"start":{"line":71,"column":4},"end":{"line":73,"column":null}},"43":{"start":{"line":72,"column":6},"end":{"line":72,"column":null}},"44":{"start":{"line":74,"column":4},"end":{"line":74,"column":null}},"45":{"start":{"line":77,"column":24},"end":{"line":93,"column":null}},"46":{"start":{"line":95,"column":22},"end":{"line":95,"column":null}},"47":{"start":{"line":96,"column":23},"end":{"line":96,"column":null}},"48":{"start":{"line":98,"column":2},"end":{"line":193,"column":null}},"49":{"start":{"line":109,"column":23},"end":{"line":109,"column":null}},"50":{"start":{"line":109,"column":38},"end":{"line":109,"column":null}},"51":{"start":{"line":132,"column":31},"end":{"line":132,"column":null}},"52":{"start":{"line":150,"column":29},"end":{"line":152,"column":null}},"53":{"start":{"line":161,"column":49},"end":{"line":163,"column":null}},"54":{"start":{"line":167,"column":30},"end":{"line":167,"column":null}},"55":{"start":{"line":168,"column":30},"end":{"line":168,"column":null}}},"fnMap":{"0":{"name":"useAnchorRect","decl":{"start":{"line":9,"column":9},"end":{"line":9,"column":null}},"loc":{"start":{"line":9,"column":9},"end":{"line":27,"column":null}},"line":9},"1":{"name":"(anonymous_1)","decl":{"start":{"line":12,"column":35},"end":{"line":12,"column":null}},"loc":{"start":{"line":12,"column":35},"end":{"line":15,"column":5}},"line":12},"2":{"name":"(anonymous_2)","decl":{"start":{"line":16,"column":24},"end":{"line":16,"column":null}},"loc":{"start":{"line":16,"column":24},"end":{"line":25,"column":5}},"line":16},"3":{"name":"(anonymous_3)","decl":{"start":{"line":18,"column":15},"end":{"line":18,"column":21}},"loc":{"start":{"line":18,"column":21},"end":{"line":18,"column":null}},"line":18},"4":{"name":"(anonymous_4)","decl":{"start":{"line":21,"column":11},"end":{"line":21,"column":null}},"loc":{"start":{"line":21,"column":11},"end":{"line":24,"column":null}},"line":21},"5":{"name":"DesktopCatalog","decl":{"start":{"line":29,"column":24},"end":{"line":29,"column":null}},"loc":{"start":{"line":29,"column":24},"end":{"line":197,"column":null}},"line":29},"6":{"name":"(anonymous_6)","decl":{"start":{"line":37,"column":18},"end":{"line":37,"column":24}},"loc":{"start":{"line":37,"column":24},"end":{"line":37,"column":40}},"line":37},"7":{"name":"(anonymous_7)","decl":{"start":{"line":38,"column":18},"end":{"line":38,"column":null}},"loc":{"start":{"line":38,"column":18},"end":{"line":44,"column":5}},"line":38},"8":{"name":"(anonymous_8)","decl":{"start":{"line":39,"column":18},"end":{"line":39,"column":19}},"loc":{"start":{"line":39,"column":19},"end":{"line":41,"column":null}},"line":39},"9":{"name":"(anonymous_9)","decl":{"start":{"line":43,"column":11},"end":{"line":43,"column":17}},"loc":{"start":{"line":43,"column":17},"end":{"line":43,"column":null}},"line":43},"10":{"name":"(anonymous_10)","decl":{"start":{"line":46,"column":67},"end":{"line":46,"column":null}},"loc":{"start":{"line":46,"column":67},"end":{"line":75,"column":5}},"line":46},"11":{"name":"(anonymous_11)","decl":{"start":{"line":109,"column":17},"end":{"line":109,"column":23}},"loc":{"start":{"line":109,"column":23},"end":{"line":109,"column":null}},"line":109},"12":{"name":"(anonymous_12)","decl":{"start":{"line":109,"column":31},"end":{"line":109,"column":32}},"loc":{"start":{"line":109,"column":38},"end":{"line":109,"column":null}},"line":109},"13":{"name":"(anonymous_13)","decl":{"start":{"line":132,"column":25},"end":{"line":132,"column":31}},"loc":{"start":{"line":132,"column":31},"end":{"line":132,"column":null}},"line":132},"14":{"name":"(anonymous_14)","decl":{"start":{"line":150,"column":28},"end":{"line":150,"column":29}},"loc":{"start":{"line":150,"column":29},"end":{"line":152,"column":null}},"line":150},"15":{"name":"(anonymous_15)","decl":{"start":{"line":161,"column":43},"end":{"line":161,"column":44}},"loc":{"start":{"line":161,"column":49},"end":{"line":163,"column":null}},"line":161},"16":{"name":"(anonymous_16)","decl":{"start":{"line":166,"column":37},"end":{"line":166,"column":null}},"loc":{"start":{"line":166,"column":37},"end":{"line":169,"column":null}},"line":166}},"branchMap":{"0":{"loc":{"start":{"line":13,"column":4},"end":{"line":13,"column":null}},"type":"if","locations":[{"start":{"line":13,"column":4},"end":{"line":13,"column":null}},{"start":{},"end":{}}],"line":13},"1":{"loc":{"start":{"line":40,"column":6},"end":{"line":40,"column":null}},"type":"if","locations":[{"start":{"line":40,"column":6},"end":{"line":40,"column":null}},{"start":{},"end":{}}],"line":40},"2":{"loc":{"start":{"line":47,"column":4},"end":{"line":47,"column":null}},"type":"if","locations":[{"start":{"line":47,"column":4},"end":{"line":47,"column":null}},{"start":{},"end":{}}],"line":47},"3":{"loc":{"start":{"line":58,"column":19},"end":{"line":58,"column":null}},"type":"binary-expr","locations":[{"start":{"line":58,"column":19},"end":{"line":58,"column":39}},{"start":{"line":58,"column":39},"end":{"line":58,"column":null}}],"line":58},"4":{"loc":{"start":{"line":71,"column":4},"end":{"line":73,"column":null}},"type":"if","locations":[{"start":{"line":71,"column":4},"end":{"line":73,"column":null}},{"start":{},"end":{}}],"line":71},"5":{"loc":{"start":{"line":103,"column":10},"end":{"line":105,"column":null}},"type":"cond-expr","locations":[{"start":{"line":104,"column":14},"end":{"line":104,"column":null}},{"start":{"line":105,"column":14},"end":{"line":105,"column":null}}],"line":103},"6":{"loc":{"start":{"line":115,"column":12},"end":{"line":115,"column":null}},"type":"cond-expr","locations":[{"start":{"line":115,"column":19},"end":{"line":115,"column":34}},{"start":{"line":115,"column":34},"end":{"line":115,"column":null}}],"line":115},"7":{"loc":{"start":{"line":123,"column":13},"end":{"line":125,"column":null}},"type":"binary-expr","locations":[{"start":{"line":123,"column":13},"end":{"line":123,"column":null}},{"start":{"line":123,"column":13},"end":{"line":125,"column":null}}],"line":123},"8":{"loc":{"start":{"line":138,"column":13},"end":{"line":140,"column":null}},"type":"binary-expr","locations":[{"start":{"line":138,"column":13},"end":{"line":138,"column":21}},{"start":{"line":138,"column":21},"end":{"line":138,"column":null}},{"start":{"line":138,"column":21},"end":{"line":140,"column":null}}],"line":138}},"s":{"0":9,"1":9,"2":9,"3":4,"4":0,"5":4,"6":9,"7":4,"8":4,"9":0,"10":4,"11":4,"12":4,"13":4,"14":4,"15":9,"16":9,"17":9,"18":9,"19":9,"20":9,"21":9,"22":4,"23":9,"24":4,"25":0,"26":0,"27":4,"28":4,"29":4,"30":9,"31":8,"32":4,"33":4,"34":4,"35":4,"36":4,"37":4,"38":4,"39":4,"40":8,"41":8,"42":8,"43":0,"44":4,"45":9,"46":9,"47":9,"48":9,"49":0,"50":0,"51":0,"52":0,"53":0,"54":0,"55":0},"f":{"0":9,"1":4,"2":4,"3":0,"4":4,"5":9,"6":4,"7":4,"8":0,"9":4,"10":8,"11":0,"12":0,"13":0,"14":0,"15":0,"16":0},"b":{"0":[0,4],"1":[0,0],"2":[4,4],"3":[4,0],"4":[0,8],"5":[0,9],"6":[0,9],"7":[9,0],"8":[9,0,0]},"meta":{"lastBranch":9,"lastFunction":17,"lastStatement":56,"seen":{"f:9:9:9:Infinity":0,"s:10:14:10:Infinity":0,"s:11:26:11:Infinity":1,"s:12:17:15:Infinity":2,"f:12:35:12:Infinity":1,"b:13:4:13:Infinity:undefined:undefined:undefined:undefined":0,"s:13:4:13:Infinity":3,"s:13:22:13:Infinity":4,"s:14:4:14:Infinity":5,"s:16:2:25:Infinity":6,"f:16:24:16:Infinity":2,"s:17:4:17:Infinity":7,"s:18:15:18:Infinity":8,"f:18:15:18:21":3,"s:18:21:18:Infinity":9,"s:19:4:19:Infinity":10,"s:20:4:20:Infinity":11,"s:21:4:24:Infinity":12,"f:21:11:21:Infinity":4,"s:22:6:22:Infinity":13,"s:23:6:23:Infinity":14,"s:26:2:26:Infinity":15,"f:29:24:29:Infinity":5,"s:30:13:30:Infinity":16,"s:31:8:31:Infinity":17,"s:32:8:32:Infinity":18,"s:34:32:34:Infinity":19,"s:35:23:35:Infinity":20,"s:37:2:37:Infinity":21,"f:37:18:37:24":6,"s:37:24:37:40":22,"s:38:2:44:Infinity":23,"f:38:18:38:Infinity":7,"s:39:18:41:Infinity":24,"f:39:18:39:19":8,"b:40:6:40:Infinity:undefined:undefined:undefined:undefined":1,"s:40:6:40:Infinity":25,"s:40:30:40:Infinity":26,"s:42:4:42:Infinity":27,"s:43:4:43:Infinity":28,"f:43:11:43:17":9,"s:43:17:43:Infinity":29,"s:46:53:75:Infinity":30,"f:46:67:46:Infinity":10,"b:47:4:47:Infinity:undefined:undefined:undefined:undefined":2,"s:47:4:47:Infinity":31,"s:47:15:47:Infinity":32,"s:49:22:49:39":33,"s:50:22:50:40":34,"s:52:22:52:Infinity":35,"s:53:19:53:Infinity":36,"s:55:17:55:Infinity":37,"s:57:23:57:46":38,"s:58:19:58:Infinity":39,"b:58:19:58:39:58:39:58:Infinity":3,"s:59:17:59:Infinity":40,"s:61:38:69:Infinity":41,"b:71:4:73:Infinity:undefined:undefined:undefined:undefined":4,"s:71:4:73:Infinity":42,"s:72:6:72:Infinity":43,"s:74:4:74:Infinity":44,"s:77:24:93:Infinity":45,"s:95:22:95:Infinity":46,"s:96:23:96:Infinity":47,"s:98:2:193:Infinity":48,"b:104:14:104:Infinity:105:14:105:Infinity":5,"f:109:17:109:23":11,"s:109:23:109:Infinity":49,"f:109:31:109:32":12,"s:109:38:109:Infinity":50,"b:115:19:115:34:115:34:115:Infinity":6,"b:123:13:123:Infinity:123:13:125:Infinity":7,"f:132:25:132:31":13,"s:132:31:132:Infinity":51,"b:138:13:138:21:138:21:138:Infinity:138:21:140:Infinity":8,"f:150:28:150:29":14,"s:150:29:152:Infinity":52,"f:161:43:161:44":15,"s:161:49:163:Infinity":53,"f:166:37:166:Infinity":16,"s:167:30:167:Infinity":54,"s:168:30:168:Infinity":55},"fnNames":{}}}
,"C:\\Users\\aleks\\OneDrive\\Документы\\WebstormProjects\\portfolio-site\\portfolio-app-redesign\\src\\dropdowns\\MobileCatalog.tsx": {"path":"C:\\Users\\aleks\\OneDrive\\Документы\\WebstormProjects\\portfolio-site\\portfolio-app-redesign\\src\\dropdowns\\MobileCatalog.tsx","statementMap":{"0":{"start":{"line":15,"column":13},"end":{"line":15,"column":null}},"1":{"start":{"line":16,"column":8},"end":{"line":16,"column":null}},"2":{"start":{"line":17,"column":26},"end":{"line":17,"column":null}},"3":{"start":{"line":19,"column":17},"end":{"line":20,"column":null}},"4":{"start":{"line":20,"column":4},"end":{"line":20,"column":null}},"5":{"start":{"line":20,"column":20},"end":{"line":20,"column":null}},"6":{"start":{"line":22,"column":23},"end":{"line":25,"column":null}},"7":{"start":{"line":27,"column":2},"end":{"line":96,"column":null}},"8":{"start":{"line":36,"column":25},"end":{"line":36,"column":40}},"9":{"start":{"line":37,"column":10},"end":{"line":39,"column":null}},"10":{"start":{"line":44,"column":31},"end":{"line":44,"column":null}},"11":{"start":{"line":71,"column":47},"end":{"line":73,"column":null}},"12":{"start":{"line":80,"column":30},"end":{"line":80,"column":null}},"13":{"start":{"line":81,"column":30},"end":{"line":81,"column":null}},"14":{"start":{"line":81,"column":42},"end":{"line":81,"column":null}}},"fnMap":{"0":{"name":"MobileCatalog","decl":{"start":{"line":14,"column":24},"end":{"line":14,"column":38}},"loc":{"start":{"line":14,"column":68},"end":{"line":100,"column":null}},"line":14},"1":{"name":"(anonymous_1)","decl":{"start":{"line":19,"column":17},"end":{"line":19,"column":18}},"loc":{"start":{"line":20,"column":4},"end":{"line":20,"column":null}},"line":20},"2":{"name":"(anonymous_2)","decl":{"start":{"line":20,"column":12},"end":{"line":20,"column":13}},"loc":{"start":{"line":20,"column":20},"end":{"line":20,"column":null}},"line":20},"3":{"name":"(anonymous_3)","decl":{"start":{"line":35,"column":18},"end":{"line":35,"column":19}},"loc":{"start":{"line":35,"column":19},"end":{"line":96,"column":null}},"line":35},"4":{"name":"(anonymous_4)","decl":{"start":{"line":44,"column":25},"end":{"line":44,"column":31}},"loc":{"start":{"line":44,"column":31},"end":{"line":44,"column":null}},"line":44},"5":{"name":"(anonymous_5)","decl":{"start":{"line":71,"column":41},"end":{"line":71,"column":42}},"loc":{"start":{"line":71,"column":47},"end":{"line":73,"column":null}},"line":71},"6":{"name":"(anonymous_6)","decl":{"start":{"line":79,"column":37},"end":{"line":79,"column":null}},"loc":{"start":{"line":79,"column":37},"end":{"line":82,"column":null}},"line":79}},"branchMap":{"0":{"loc":{"start":{"line":51,"column":20},"end":{"line":51,"column":null}},"type":"cond-expr","locations":[{"start":{"line":51,"column":29},"end":{"line":51,"column":44}},{"start":{"line":51,"column":44},"end":{"line":51,"column":null}}],"line":51},"1":{"loc":{"start":{"line":57,"column":17},"end":{"line":73,"column":null}},"type":"binary-expr","locations":[{"start":{"line":57,"column":17},"end":{"line":57,"column":null}},{"start":{"line":57,"column":17},"end":{"line":73,"column":null}}],"line":57},"2":{"loc":{"start":{"line":81,"column":30},"end":{"line":81,"column":null}},"type":"if","locations":[{"start":{"line":81,"column":30},"end":{"line":81,"column":null}},{"start":{},"end":{}}],"line":81}},"s":{"0":0,"1":0,"2":0,"3":0,"4":0,"5":0,"6":0,"7":0,"8":0,"9":0,"10":0,"11":0,"12":0,"13":0,"14":0},"f":{"0":0,"1":0,"2":0,"3":0,"4":0,"5":0,"6":0},"b":{"0":[0,0],"1":[0,0],"2":[0,0]},"meta":{"lastBranch":3,"lastFunction":7,"lastStatement":15,"seen":{"f:14:24:14:38":0,"s:15:13:15:Infinity":0,"s:16:8:16:Infinity":1,"s:17:26:17:Infinity":2,"s:19:17:20:Infinity":3,"f:19:17:19:18":1,"s:20:4:20:Infinity":4,"f:20:12:20:13":2,"s:20:20:20:Infinity":5,"s:22:23:25:Infinity":6,"s:27:2:96:Infinity":7,"f:35:18:35:19":3,"s:36:25:36:40":8,"s:37:10:39:Infinity":9,"f:44:25:44:31":4,"s:44:31:44:Infinity":10,"b:51:29:51:44:51:44:51:Infinity":0,"b:57:17:57:Infinity:57:17:73:Infinity":1,"f:71:41:71:42":5,"s:71:47:73:Infinity":11,"f:79:37:79:Infinity":6,"s:80:30:80:Infinity":12,"b:81:30:81:Infinity:undefined:undefined:undefined:undefined":2,"s:81:30:81:Infinity":13,"s:81:42:81:Infinity":14},"fnNames":{}}}
[...]
nd":{"line":111,"column":null}},"59":{"start":{"line":112,"column":8},"end":{"line":112,"column":null}},"60":{"start":{"line":113,"column":8},"end":{"line":113,"column":null}},"61":{"start":{"line":114,"column":8},"end":{"line":114,"column":null}},"62":{"start":{"line":118,"column":8},"end":{"line":118,"column":null}},"63":{"start":{"line":119,"column":8},"end":{"line":119,"column":null}},"64":{"start":{"line":120,"column":8},"end":{"line":120,"column":null}},"65":{"start":{"line":122,"column":8},"end":{"line":122,"column":null}},"66":{"start":{"line":122,"column":26},"end":{"line":122,"column":null}},"67":{"start":{"line":123,"column":8},"end":{"line":123,"column":null}},"68":{"start":{"line":123,"column":32},"end":{"line":123,"column":null}},"69":{"start":{"line":124,"column":8},"end":{"line":124,"column":null}},"70":{"start":{"line":124,"column":22},"end":{"line":124,"column":null}},"71":{"start":{"line":126,"column":8},"end":{"line":126,"column":null}},"72":{"start":{"line":127,"column":8},"end":{"line":156,"column":null}},"73":{"start":{"line":128,"column":24},"end":{"line":128,"column":null}},"74":{"start":{"line":129,"column":37},"end":{"line":139,"column":null}},"75":{"start":{"line":141,"column":12},"end":{"line":145,"column":null}},"76":{"start":{"line":147,"column":12},"end":{"line":147,"column":null}},"77":{"start":{"line":148,"column":12},"end":{"line":148,"column":null}},"78":{"start":{"line":150,"column":12},"end":{"line":150,"column":null}},"79":{"start":{"line":150,"column":29},"end":{"line":150,"column":45}},"80":{"start":{"line":152,"column":24},"end":{"line":152,"column":null}},"81":{"start":{"line":153,"column":12},"end":{"line":153,"column":null}},"82":{"start":{"line":155,"column":12},"end":{"line":155,"column":null}},"83":{"start":{"line":159,"column":4},"end":{"line":254,"column":null}},"84":{"start":{"line":173,"column":37},"end":{"line":173,"column":52}},"85":{"start":{"line":173,"column":52},"end":{"line":173,"column":65}},"86":{"start":{"line":173,"column":65},"end":{"line":173,"column":79}},"87":{"start":{"line":183,"column":81},"end":{"line":183,"column":null}},"88":{"start":{"line":187,"column":51},"end":{"line":187,"column":67}},"89":{"start":{"line":195,"column":64},"end":{"line":195,"column":89}},"90":{"start":{"line":203,"column":65},"end":{"line":203,"column":null}},"91":{"start":{"line":216,"column":68},"end":{"line":216,"column":null}},"92":{"start":{"line":223,"column":68},"end":{"line":223,"column":null}},"93":{"start":{"line":226,"column":51},"end":{"line":226,"column":73}},"94":{"start":{"line":236,"column":67},"end":{"line":236,"column":95}},"95":{"start":{"line":241,"column":88},"end":{"line":241,"column":118}},"96":{"start":{"line":249,"column":69},"end":{"line":249,"column":85}}},"fnMap":{"0":{"name":"apiFetch","decl":{"start":{"line":6,"column":15},"end":{"line":6,"column":27}},"loc":{"start":{"line":6,"column":59},"end":{"line":12,"column":null}},"line":6},"1":{"name":"(anonymous_1)","decl":{"start":{"line":11,"column":35},"end":{"line":11,"column":42}},"loc":{"start":{"line":11,"column":42},"end":{"line":11,"column":null}},"line":11},"2":{"name":"buildSlots","decl":{"start":{"line":30,"column":9},"end":{"line":30,"column":null}},"loc":{"start":{"line":30,"column":9},"end":{"line":41,"column":null}},"line":30},"3":{"name":"phoneClean","decl":{"start":{"line":43,"column":9},"end":{"line":43,"column":20}},"loc":{"start":{"line":43,"column":29},"end":{"line":45,"column":null}},"line":43},"4":{"name":"validPhone","decl":{"start":{"line":47,"column":9},"end":{"line":47,"column":20}},"loc":{"start":{"line":47,"column":29},"end":{"line":50,"column":null}},"line":47},"5":{"name":"CallbackWidget","decl":{"start":{"line":59,"column":24},"end":{"line":59,"column":39}},"loc":{"start":{"line":63,"column":61},"end":{"line":263,"column":null}},"line":63},"6":{"name":"(anonymous_6)","decl":{"start":{"line":80,"column":23},"end":{"line":80,"column":29}},"loc":{"start":{"line":80,"column":29},"end":{"line":80,"column":88}},"line":80},"7":{"name":"(anonymous_7)","decl":{"start":{"line":81,"column":26},"end":{"line":81,"column":32}},"loc":{"start":{"line":81,"column":32},"end":{"line":81,"column":71}},"line":81},"8":{"name":"(anonymous_8)","decl":{"start":{"line":85,"column":14},"end":{"line":85,"column":null}},"loc":{"start":{"line":85,"column":14},"end":{"line":92,"column":7}},"line":85},"9":{"name":"(anonymous_9)","decl":{"start":{"line":93,"column":14},"end":{"line":93,"column":null}},"loc":{"start":{"line":93,"column":14},"end":{"line":95,"column":7}},"line":93},"10":{"name":"(anonymous_10)","decl":{"start":{"line":97,"column":14},"end":{"line":97,"column":null}},"loc":{"start":{"line":97,"column":14},"end":{"line":106,"column":7}},"line":97},"11":{"name":"(anonymous_11)","decl":{"start":{"line":98,"column":27},"end":{"line":98,"column":null}},"loc":{"start":{"line":98,"column":27},"end":{"line":102,"column":null}},"line":98},"12":{"name":"(anonymous_12)","decl":{"start":{"line":105,"column":15},"end":{"line":105,"column":21}},"loc":{"start":{"line":105,"column":21},"end":{"line":105,"column":null}},"line":105},"13":{"name":"resetForm","decl":{"start":{"line":108,"column":13},"end":{"line":108,"column":null}},"loc":{"start":{"line":108,"column":13},"end":{"line":115,"column":null}},"line":108},"14":{"name":"submit","decl":{"start":{"line":117,"column":19},"end":{"line":117,"column":26}},"loc":{"start":{"line":117,"column":44},"end":{"line":157,"column":null}},"line":117},"15":{"name":"(anonymous_15)","decl":{"start":{"line":150,"column":23},"end":{"line":150,"column":29}},"loc":{"start":{"line":150,"column":29},"end":{"line":150,"column":45}},"line":150},"16":{"name":"(anonymous_16)","decl":{"start":{"line":173,"column":29},"end":{"line":173,"column":37}},"loc":{"start":{"line":173,"column":29},"end":{"line":173,"column":null}},"line":173},"17":{"name":"(anonymous_17)","decl":{"start":{"line":183,"column":75},"end":{"line":183,"column":81}},"loc":{"start":{"line":183,"column":81},"end":{"line":183,"column":null}},"line":183},"18":{"name":"(anonymous_18)","decl":{"start":{"line":187,"column":45},"end":{"line":187,"column":51}},"loc":{"start":{"line":187,"column":51},"end":{"line":187,"column":67}},"line":187},"19":{"name":"(anonymous_19)","decl":{"start":{"line":195,"column":59},"end":{"line":195,"column":64}},"loc":{"start":{"line":195,"column":64},"end":{"line":195,"column":89}},"line":195},"20":{"name":"(anonymous_20)","decl":{"start":{"line":203,"column":60},"end":{"line":203,"column":65}},"loc":{"start":{"line":203,"column":65},"end":{"line":203,"column":null}},"line":203},"21":{"name":"(anonymous_21)","decl":{"start":{"line":216,"column":63},"end":{"line":216,"column":68}},"loc":{"start":{"line":216,"column":68},"end":{"line":216,"column":null}},"line":216},"22":{"name":"(anonymous_22)","decl":{"start":{"line":223,"column":63},"end":{"line":223,"column":68}},"loc":{"start":{"line":223,"column":68},"end":{"line":223,"column":null}},"line":223},"23":{"name":"(anonymous_23)","decl":{"start":{"line":226,"column":51},"end":{"line":226,"column":57}},"loc":{"start":{"line":226,"column":51},"end":{"line":226,"column":73}},"line":226},"24":{"name":"(anonymous_24)","decl":{"start":{"line":236,"column":62},"end":{"line":236,"column":67}},"loc":{"start":{"line":236,"column":67},"end":{"line":236,"column":95}},"line":236},"25":{"name":"(anonymous_25)","decl":{"start":{"line":241,"column":83},"end":{"line":241,"column":88}},"loc":{"start":{"line":241,"column":88},"end":{"line":241,"column":118}},"line":241},"26":{"name":"(anonymous_26)","decl":{"start":{"line":249,"column":63},"end":{"line":249,"column":69}},"loc":{"start":{"line":249,"column":69},"end":{"line":249,"column":85}},"line":249}},"branchMap":{"0":{"loc":{"start":{"line":7,"column":18},"end":{"line":7,"column":56}},"type":"binary-expr","locations":[{"start":{"line":7,"column":18},"end":{"line":7,"column":47}},{"start":{"line":7,"column":51},"end":{"line":7,"column":56}}],"line":7},"1":{"loc":{"start":{"line":8,"column":26},"end":{"line":8,"column":66}},"type":"cond-expr","locations":[{"start":{"line":8,"column":49},"end":{"line":8,"column":56}},{"start":{"line":8,"column":56},"end":{"line":8,"column":66}}],"line":8},"2":{"loc":{"start":{"line":10,"column":4},"end":{"line":10,"column":null}},"type":"if","locations":[{"start":{"line":10,"column":4},"end":{"line":10,"column":null}},{"start":{},"end":{}}],"line":10},"3":{"loc":{"start":{"line":34,"column":12},"end":{"line":34,"column":null}},"type":"if","locations":[{"start":{"line":34,"column":12},"end":{"line":34,"column":null}},{"start":{},"end":{}}],"line":34},"4":{"loc":{"start":{"line":34,"column":16},"end":{"line":34,"column":41}},"type":"binary-expr","locations":[{"start":{"line":34,"column":16},"end":{"line":34,"column":34}},{"start":{"line":34,"column":34},"end":{"line":34,"column":41}}],"line":34},"5":{"loc":{"start":{"line":59,"column":39},"end":{"line":63,"column":61}},"type":"default-arg","locations":[{"start":{"line":63,"column":59},"end":{"line":63,"column":61}}],"line":59},"6":{"loc":{"start":{"line":60,"column":43},"end":{"line":60,"column":99}},"type":"default-arg","locations":[{"start":{"line":60,"column":57},"end":{"line":60,"column":99}}],"line":60},"7":{"loc":{"start":{"line":61,"column":43},"end":{"line":61,"column":61}},"type":"default-arg","locations":[{"start":{"line":61,"column":52},"end":{"line":61,"column":61}}],"line":61},"8":{"loc":{"start":{"line":62,"column":43},"end":{"line":62,"column":56}},"type":"default-arg","locations":[{"start":{"line":62,"column":52},"end":{"line":62,"column":56}}],"line":62},"9":{"loc":{"start":{"line":80,"column":29},"end":{"line":80,"column":88}},"type":"binary-expr","locations":[{"start":{"line":80,"column":29},"end":{"line":80,"column":77}},{"start":{"line":80,"column":81},"end":{"line":80,"column":88}}],"line":80},"10":{"loc":{"start":{"line":87,"column":8},"end":{"line":91,"column":null}},"type":"if","locations":[{"start":{"line":87,"column":8},"end":{"line":91,"column":null}},{"start":{},"end":{}}],"line":87},"11":{"loc":{"start":{"line":89,"column":20},"end":{"line":89,"column":null}},"type":"binary-expr","locations":[{"start":{"line":89,"column":20},"end":{"line":89,"column":26}},{"start":{"line":89,"column":30},"end":{"line":89,"column":null}}],"line":89},"12":{"loc":{"start":{"line":90,"column":21},"end":{"line":90,"column":null}},"type":"binary-expr","locations":[{"start":{"line":90,"column":21},"end":{"line":90,"column":28}},{"start":{"line":90,"column":32},"end":{"line":90,"column":null}}],"line":90},"13":{"loc":{"start":{"line":99,"column":12},"end":{"line":101,"column":null}},"type":"if","locations":[{"start":{"line":99,"column":12},"end":{"line":101,"column":null}},{"start":{},"end":{}}],"line":99},"14":{"loc":{"start":{"line":122,"column":8},"end":{"line":122,"column":null}},"type":"if","locations":[{"start":{"line":122,"column":8},"end":{"line":122,"column":null}},{"start":{},"end":{}}],"line":122},"15":{"loc":{"start":{"line":123,"column":8},"end":{"line":123,"column":null}},"type":"if","locations":[{"start":{"line":123,"column":8},"end":{"line":123,"column":null}},{"start":{},"end":{}}],"line":123},"16":{"loc":{"start":{"line":124,"column":8},"end":{"line":124,"column":null}},"type":"if","locations":[{"start":{"line":124,"column":8},"end":{"line":124,"column":null}},{"start":{},"end":{}}],"line":124},"17":{"loc":{"start":{"line":128,"column":24},"end":{"line":128,"column":null}},"type":"cond-expr","locations":[{"start":{"line":128,"column":57},"end":{"line":128,"column":109}},{"start":{"line":128,"column":109},"end":{"line":128,"column":null}}],"line":128},"18":{"loc":{"start":{"line":132,"column":22},"end":{"line":132,"column":null}},"type":"binary-expr","locations":[{"start":{"line":132,"column":22},"end":{"line":132,"column":30}},{"start":{"line":132,"column":30},"end":{"line":132,"column":null}}],"line":132},"19":{"loc":{"start":{"line":133,"column":22},"end":{"line":133,"column":null}},"type":"binary-expr","locations":[{"start":{"line":133,"column":22},"end":{"line":133,"column":30}},{"start":{"line":133,"column":30},"end":{"line":133,"column":null}}],"line":133},"20":{"loc":{"start":{"line":135,"column":25},"end":{"line":135,"column":null}},"type":"binary-expr","locations":[{"start":{"line":135,"column":25},"end":{"line":135,"column":44}},{"start":{"line":135,"column":44},"end":{"line":135,"column":null}}],"line":135},"21":{"loc":{"start":{"line":137,"column":24},"end":{"line":137,"column":null}},"type":"binary-expr","locations":[{"start":{"line":137,"column":24},"end":{"line":137,"column":47}},{"start":{"line":137,"column":47},"end":{"line":137,"column":null}}],"line":137},"22":{"loc":{"start":{"line":152,"column":24},"end":{"line":152,"column":null}},"type":"cond-expr","locations":[{"start":{"line":152,"column":45},"end":{"line":152,"column":54}},{"start":{"line":152,"column":57},"end":{"line":152,"column":null}}],"line":152},"23":{"loc":{"start":{"line":165,"column":27},"end":{"line":165,"column":null}},"type":"cond-expr","locations":[{"start":{"line":165,"column":61},"end":{"line":165,"column":79}},{"start":{"line":165,"column":82},"end":{"line":165,"column":null}}],"line":165},"24":{"loc":{"start":{"line":166,"column":28},"end":{"line":166,"column":null}},"type":"cond-expr","locations":[{"start":{"line":166,"column":57},"end":{"line":166,"column":70}},{"start":{"line":166,"column":73},"end":{"line":166,"column":null}}],"line":166},"25":{"loc":{"start":{"line":181,"column":13},"end":{"line":254,"column":null}},"type":"binary-expr","locations":[{"start":{"line":181,"column":13},"end":{"line":181,"column":null}},{"start":{"line":181,"column":13},"end":{"line":254,"column":null}}],"line":181},"26":{"loc":{"start":{"line":245,"column":29},"end":{"line":245,"column":null}},"type":"binary-expr","locations":[{"start":{"line":245,"column":29},"end":{"line":245,"column":36}},{"start":{"line":245,"column":29},"end":{"line":245,"column":null}}],"line":245},"27":{"loc":{"start":{"line":246,"column":29},"end":{"line":246,"column":null}},"type":"binary-expr","locations":[{"start":{"line":246,"column":29},"end":{"line":246,"column":35}},{"start":{"line":246,"column":29},"end":{"line":246,"column":null}}],"line":246},"28":{"loc":{"start":{"line":254,"column":37},"end":{"line":254,"column":null}},"type":"cond-expr","locations":[{"start":{"line":254,"column":50},"end":{"line":254,"column":85}},{"start":{"line":254,"column":85},"end":{"line":254,"column":null}}],"line":254}},"s":{"0":1,"1":1,"2":1,"3":1,"4":0,"5":1,"6":0,"7":1,"8":1,"9":1,"10":4,"11":4,"12":4,"13":52,"14":52,"15":200,"16":4,"17":196,"18":196,"19":196,"20":4,"21":3,"22":2,"23":2,"24":43,"25":43,"26":43,"27":43,"28":43,"29":43,"30":43,"31":43,"32":43,"33":43,"34":43,"35":43,"36":4,"37":43,"38":4,"39":43,"40":43,"41":4,"42":4,"43":0,"44":0,"45":0,"46":43,"47":37,"48":43,"49":4,"50":4,"51":0,"52":4,"53":4,"54":4,"55":4,"56":1,"57":1,"58":1,"59":1,"60":1,"61":1,"62":2,"63":2,"64":2,"65":2,"66":0,"67":2,"68":1,"69":1,"70":0,"71":1,"72":1,"73":1,"74":2,"75":2,"76":1,"77":1,"78":1,"79":0,"80":0,"81":0,"82":1,"83":43,"84":3,"85":3,"86":3,"87":0,"88":0,"89":18,"90":15,"91":0,"92":0,"93":1911,"94":0,"95":0,"96":0},"f":{"0":1,"1":0,"2":4,"3":3,"4":2,"5":43,"6":4,"7":4,"8":4,"9":37,"10":4,"11":4,"12":4,"13":1,"14":2,"15":0,"16":3,"17":0,"18":0,"19":18,"20":15,"21":0,"22":0,"23":1911,"24":0,"25":0,"26":0},"b":{"0":[1,1],"1":[1,0],"2":[0,1],"3":[4,196],"4":[200,8],"5":[43],"6":[43],"7":[43],"8":[43],"9":[4,0],"10":[0,4],"11":[0,0],"12":[0,0],"13":[0,4],"14":[0,2],"15":[1,1],"16":[0,1],"17":[1,0],"18":[2,1],"19":[2,1],"20":[2,1],"21":[2,1],"22":[0,0],"23":[0,43],"24":[0,43],"25":[43,39],"26":[39,1],"27":[39,0],"28":[1,38]},"meta":{"lastBranch":29,"lastFunction":27,"lastStatement":97,"seen":{"f:6:15:6:27":0,"s:7:17:7:Infinity":0,"b:7:18:7:47:7:51:7:56":0,"s:8:16:8:Infinity":1,"b:8:49:8:56:8:56:8:66":1,"s:9:16:9:Infinity":2,"b:10:4:10:Infinity:undefined:undefined:undefined:undefined":2,"s:10:4:10:Infinity":3,"s:10:17:10:Infinity":4,"s:11:4:11:Infinity":5,"f:11:35:11:42":1,"s:11:42:11:Infinity":6,"s:26:19:26:24":7,"s:27:19:27:24":8,"s:28:19:28:24":9,"f:30:9:30:Infinity":2,"s:31:26:31:28":10,"s:32:4:39:Infinity":11,"s:32:17:32:29":12,"s:33:8:38:Infinity":13,"s:33:21:33:24":14,"b:34:12:34:Infinity:undefined:undefined:undefined:undefined":3,"s:34:12:34:Infinity":15,"b:34:16:34:34:34:34:34:41":4,"s:34:41:34:Infinity":16,"s:35:23:35:Infinity":17,"s:36:23:36:Infinity":18,"s:37:12:37:Infinity":19,"s:40:4:40:Infinity":20,"f:43:9:43:20":3,"s:44:4:44:61":21,"f:47:9:47:20":4,"s:48:14:48:Infinity":22,"s:49:4:49:Infinity":23,"f:59:24:59:39":5,"b:63:59:63:61":5,"b:60:57:60:99":6,"b:61:52:61:61":7,"b:62:52:62:56":8,"s:64:25:64:Infinity":24,"s:66:15:66:Infinity":25,"s:69:25:69:Infinity":26,"s:70:27:70:Infinity":27,"s:71:25:71:Infinity":28,"s:72:25:72:50":29,"s:73:31:73:Infinity":30,"s:74:31:74:Infinity":31,"s:76:37:76:Infinity":32,"s:77:21:77:Infinity":33,"s:78:23:78:Infinity":34,"s:80:10:80:Infinity":35,"f:80:23:80:29":6,"s:80:29:80:88":36,"b:80:29:80:77:80:81:80:88":9,"s:81:10:81:Infinity":37,"f:81:26:81:32":7,"s:81:32:81:71":38,"s:82:10:82:Infinity":39,"s:85:4:92:Infinity":40,"f:85:14:85:Infinity":8,"s:86:22:86:Infinity":41,"b:87:8:91:Infinity:undefined:undefined:undefined:undefined":10,"s:87:8:91:Infinity":42,"s:88:22:88:Infinity":43,"s:89:12:89:Infinity":44,"b:89:20:89:26:89:30:89:Infinity":11,"s:90:12:90:Infinity":45,"b:90:21:90:28:90:32:90:Infinity":12,"s:93:4:95:Infinity":46,"f:93:14:93:Infinity":9,"s:94:8:94:Infinity":47,"s:97:4:106:Infinity":48,"f:97:14:97:Infinity":10,"s:98:27:102:Infinity":49,"f:98:27:98:Infinity":11,"b:99:12:101:Infinity:undefined:undefined:undefined:undefined":13,"s:99:12:101:Infinity":50,"s:100:16:100:Infinity":51,"s:103:8:103:Infinity":52,"s:104:8:104:Infinity":53,"s:105:8:105:Infinity":54,"f:105:15:105:21":12,"s:105:21:105:Infinity":55,"f:108:13:108:Infinity":13,"s:109:8:109:Infinity":56,"s:110:8:110:Infinity":57,"s:111:8:111:Infinity":58,"s:112:8:112:Infinity":59,"s:113:8:113:Infinity":60,"s:114:8:114:Infinity":61,"f:117:19:117:26":14,"s:118:8:118:Infinity":62,"s:119:8:119:Infinity":63,"s:120:8:120:Infinity":64,"b:122:8:122:Infinity:undefined:undefined:undefined:undefined":14,"s:122:8:122:Infinity":65,"s:122:26:122:Infinity":66,"b:123:8:123:Infinity:undefined:undefined:undefined:undefined":15,"s:123:8:123:Infinity":67,"s:123:32:123:Infinity":68,"b:124:8:124:Infinity:undefined:undefined:undefined:undefined":16,"s:124:8:124:Infinity":69,"s:124:22:124:Infinity":70,"s:126:8:126:Infinity":71,"s:127:8:156:Infinity":72,"s:128:24:128:Infinity":73,"b:128:57:128:109:128:109:128:Infinity":17,"s:129:37:139:Infinity":74,"b:132:22:132:30:132:30:132:Infinity":18,"b:133:22:133:30:133:30:133:Infinity":19,"b:135:25:135:44:135:44:135:Infinity":20,"b:137:24:137:47:137:47:137:Infinity":21,"s:141:12:145:Infinity":75,"s:147:12:147:Infinity":76,"s:148:12:148:Infinity":77,"s:150:12:150:Infinity":78,"f:150:23:150:29":15,"s:150:29:150:45":79,"s:152:24:152:Infinity":80,"b:152:45:152:54:152:57:152:Infinity":22,"s:153:12:153:Infinity":81,"s:155:12:155:Infinity":82,"s:159:4:254:Infinity":83,"b:165:61:165:79:165:82:165:Infinity":23,"b:166:57:166:70:166:73:166:Infinity":24,"f:173:29:173:37":16,"s:173:37:173:52":84,"s:173:52:173:65":85,"s:173:65:173:79":86,"b:181:13:181:Infinity:181:13:254:Infinity":25,"f:183:75:183:81":17,"s:183:81:183:Infinity":87,"f:187:45:187:51":18,"s:187:51:187:67":88,"f:195:59:195:64":19,"s:195:64:195:89":89,"f:203:60:203:65":20,"s:203:65:203:Infinity":90,"f:216:63:216:68":21,"s:216:68:216:Infinity":91,"f:223:63:223:68":22,"s:223:68:223:Infinity":92,"f:226:51:226:57":23,"s:226:51:226:73":93,"f:236:62:236:67":24,"s:236:67:236:95":94,"f:241:83:241:88":25,"s:241:88:241:118":95,"b:245:29:245:36:245:29:245:Infinity":26,"b:246:29:246:35:246:29:246:Infinity":27,"f:249:63:249:69":26,"s:249:69:249:85":96,"b:254:50:254:85:254:85:254:Infinity":28},"fnNames":{}}}
}
