TN:
SF:src\assets\alex-lab-logo-dark.png
FNF:0
FNH:0
LF:0
LH:0
BRF:0
BRH:0
end_of_record
TN:
SF:src\assets\alex-lab-logo.png
FNF:0
FNH:0
LF:0
LH:0
BRF:0
BRH:0
end_of_record
TN:
SF:src\assets\img\elementor-placeholder-image.png
FNF:0
FNH:0
LF:0
LH:0
BRF:0
BRH:0
end_of_record
TN:
SF:src\components\motion\PageTransition.tsx
FN:10,PageTransition
FNF:1
FNH:1
FNDA:12,PageTransition
DA:15,12
DA:17,12
DA:38,12
LF:3
LH:3
BRDA:12,0,0,12
BRDA:18,1,0,0
BRDA:18,1,1,12
BRDA:25,2,0,0
BRDA:25,2,1,12
BRDA:29,3,0,0
BRDA:29,3,1,12
BRF:7
BRH:4
end_of_record
TN:
SF:src\components\ui\alert.tsx
FN:22,Alert
FN:37,AlertTitle
FN:50,AlertDescription
FNF:3
FNH:2
FNDA:2,Alert
FNDA:0,AlertTitle
FNDA:2,AlertDescription
DA:6,1
DA:27,2
DA:38,0
DA:54,2
LF:4
LH:3
BRF:0
BRH:0
end_of_record
TN:
SF:src\components\ui\button.tsx
FN:54,Button
FNF:1
FNH:1
FNDA:215,Button
DA:8,9
DA:65,215
DA:66,5
DA:77,210
LF:4
LH:4
BRDA:58,0,0,215
BRDA:59,1,0,215
BRDA:65,2,0,5
BRDA:65,2,1,210
BRDA:81,3,0,210
BRDA:81,3,1,191
BRDA:85,4,0,215
BRDA:85,4,1,4
BRF:8
BRH:8
end_of_record
TN:
SF:src\components\ui\card.tsx
FN:5,Card
FN:18,CardHeader
FN:31,CardTitle
FN:41,CardDescription
FN:51,CardAction
FN:64,CardContent
FN:74,CardFooter
FNF:7
FNH:4
FNDA:76,Card
FNDA:76,CardHeader
FNDA:61,CardTitle
FNDA:0,CardDescription
FNDA:0,CardAction
FNDA:76,CardContent
FNDA:0,CardFooter
DA:6,76
DA:19,76
DA:32,61
DA:42,0
DA:52,0
DA:65,76
DA:75,0
LF:7
LH:4
BRF:0
BRH:0
end_of_record
TN:
SF:src\components\ui\input.tsx
FN:5,Input
FNF:1
FNH:1
FNDA:196,Input
DA:6,196
LF:1
LH:1
BRF:0
BRH:0
end_of_record
TN:
SF:src\components\ui\select.tsx
FN:7,Select
FN:13,SelectGroup
FN:19,SelectValue
FN:25,SelectTrigger
FN:52,SelectContent
FN:87,SelectLabel
FN:100,SelectItem
FN:124,SelectSeparator
FN:137,SelectScrollUpButton
FN:155,SelectScrollDownButton
FNF:10
FNH:7
FNDA:16,Select
FNDA:0,SelectGroup
FNDA:16,SelectValue
FNDA:16,SelectTrigger
FNDA:16,SelectContent
FNDA:0,SelectLabel
FNDA:52,SelectItem
FNDA:0,SelectSeparator
FNDA:13,SelectScrollUpButton
FNDA:13,SelectScrollDownButton
DA:10,16
DA:16,0
DA:22,16
DA:34,16
DA:58,16
DA:91,0
DA:105,52
DA:128,0
DA:141,13
DA:159,13
LF:10
LH:7
BRDA:27,0,0,16
BRDA:55,1,0,16
BRDA:64,2,0,16
BRDA:64,2,1,16
BRDA:75,3,0,16
BRDA:75,3,1,16
BRF:6
BRH:6
end_of_record
TN:
SF:src\components\ui\skeleton.tsx
FN:3,Skeleton
FNF:1
FNH:1
FNDA:36,Skeleton
DA:4,36
LF:1
LH:1
BRF:0
BRH:0
end_of_record
TN:
SF:src\components\ui\textarea.tsx
FN:4,Textarea
FNF:1
FNH:1
FNDA:6,Textarea
DA:5,6
LF:1
LH:1
BRF:0
BRH:0
end_of_record
TN:
SF:src\data\ImageWithFallback.tsx
FN:8,(anonymous_0)
FN:14,(anonymous_1)
FNF:2
FNH:0
FNDA:0,(anonymous_0)
FNDA:0,(anonymous_1)
DA:8,1
DA:14,0
DA:15,0
DA:16,0
DA:19,0
LF:5
LH:1
BRF:0
BRH:0
end_of_record
TN:
SF:src\data\SafeImg.tsx
FN:6,SafeImg
FNF:1
FNH:0
FNDA:0,SafeImg
DA:7,0
DA:8,0
LF:2
LH:0
BRDA:7,0,0,0
BRDA:7,0,1,0
BRF:2
BRH:0
end_of_record
TN:
SF:src\data\data.ts
FNF:0
FNH:0
DA:36,2
DA:210,2
LF:2
LH:2
BRF:0
BRH:0
end_of_record
TN:
SF:src\data\localViewed.ts
FN:16,readStorage
FN:23,(anonymous_1)
FN:29,writeStorage
FN:41,pushViewed
FN:45,(anonymous_4)
FN:56,getViewed
FN:60,removeViewed
FN:61,(anonymous_7)
FN:66,clearViewed
FNF:9
FNH:9
FNDA:35,readStorage
FNDA:31,(anonymous_1)
FNDA:20,writeStorage
FNDA:16,pushViewed
FNDA:14,(anonymous_4)
FNDA:17,getViewed
FNDA:2,removeViewed
FNDA:4,(anonymous_7)
FNDA:2,clearViewed
DA:13,2
DA:14,2
DA:17,35
DA:18,35
DA:19,35
DA:20,21
DA:22,21
DA:23,31
DA:25,1
DA:30,20
DA:31,20
DA:42,16
DA:43,16
DA:45,16
DA:47,16
DA:48,16
DA:50,16
DA:51,16
DA:53,16
DA:57,17
DA:61,4
DA:62,2
DA:63,2
DA:67,2
DA:68,2
LF:25
LH:25
BRDA:19,0,0,14
BRDA:19,0,1,21
BRDA:22,1,0,1
BRDA:22,1,1,20
BRDA:23,2,0,31
BRDA:23,2,1,31
BRDA:41,3,0,16
BRF:7
BRH:7
end_of_record
TN:
SF:src\data\products.ts
FN:28,normalizeProductsResponse
FNF:1
FNH:1
FNDA:4,normalizeProductsResponse
DA:30,4
DA:37,4
DA:42,4
DA:49,4
LF:4
LH:4
BRDA:30,0,0,4
BRDA:30,0,1,2
BRDA:30,0,2,2
BRDA:30,0,3,1
BRDA:37,1,0,4
BRDA:37,1,1,2
BRDA:37,1,2,1
BRDA:42,2,0,4
BRDA:42,2,1,3
BRF:9
BRH:9
end_of_record
TN:
SF:src\data\resolveImg.ts
FN:27,env
FN:50,(anonymous_1)
FN:55,isImagesPath
FN:60,isPublicImgPath
FN:64,isUploadsPathRaw
FN:72,absolutize
FN:80,joinUrl
FN:86,extractUploadsSubpath
FN:100,resolveImg
FN:135,placeholderUrl
FNF:10
FNH:10
FNDA:6,env
FNDA:20,(anonymous_1)
FNDA:4,isImagesPath
FNDA:10,isPublicImgPath
FNDA:8,isUploadsPathRaw
FNDA:8,absolutize
FNDA:7,joinUrl
FNDA:4,extractUploadsSubpath
FNDA:18,resolveImg
FNDA:5,placeholderUrl
DA:18,2
DA:23,2
DA:28,6
DA:32,2
DA:36,2
DA:45,2
DA:50,2
DA:51,20
DA:56,4
DA:61,10
DA:66,8
DA:73,8
DA:74,8
DA:75,8
DA:76,8
DA:81,7
DA:82,7
DA:83,7
DA:88,4
DA:89,4
DA:90,4
DA:91,2
DA:92,0
DA:101,18
DA:102,18
DA:104,12
DA:107,12
DA:110,10
DA:111,2
DA:112,2
DA:116,8
DA:117,4
DA:118,4
DA:122,4
DA:123,2
DA:124,2
DA:128,2
DA:131,1
DA:136,5
DA:137,5
LF:40
LH:39
BRDA:18,0,0,2
BRDA:18,0,1,2
BRDA:33,1,0,2
BRDA:33,1,1,2
BRDA:33,2,0,2
BRDA:33,2,1,0
BRDA:37,3,0,2
BRDA:37,3,1,2
BRDA:46,4,0,2
BRDA:46,4,1,2
BRDA:51,5,0,20
BRDA:51,5,1,20
BRDA:66,6,0,8
BRDA:66,6,1,6
BRDA:66,6,2,5
BRDA:73,7,0,0
BRDA:73,7,1,8
BRDA:74,8,0,0
BRDA:74,8,1,8
BRDA:75,9,0,8
BRDA:75,9,1,0
BRDA:83,10,0,7
BRDA:83,10,1,0
BRDA:90,11,0,2
BRDA:90,11,1,2
BRDA:91,12,0,2
BRDA:91,12,1,0
BRDA:101,13,0,18
BRDA:101,13,1,3
BRDA:102,14,0,6
BRDA:102,14,1,12
BRDA:102,15,0,2
BRDA:102,15,1,4
BRDA:107,16,0,2
BRDA:107,16,1,10
BRDA:110,17,0,2
BRDA:110,17,1,8
BRDA:111,18,0,1
BRDA:111,18,1,1
BRDA:116,19,0,4
BRDA:116,19,1,4
BRDA:118,20,0,4
BRDA:118,20,1,0
BRDA:122,21,0,2
BRDA:122,21,1,2
BRDA:124,22,0,2
BRDA:124,22,1,0
BRDA:128,23,0,1
BRDA:128,23,1,1
BRDA:131,24,0,1
BRDA:131,24,1,0
BRDA:137,25,0,5
BRDA:137,25,1,0
BRF:53
BRH:43
end_of_record
TN:
SF:src\data\catalog\categories.ts
FNF:0
FNH:0
DA:4,1
LF:1
LH:1
BRF:0
BRH:0
end_of_record
TN:
SF:src\data\hooks\hooks.ts
FN:5,useQueryFilters
FN:7,(anonymous_1)
FN:17,(anonymous_2)
FN:37,parseNum
FN:43,applyFilters
FN:44,(anonymous_5)
FN:54,(anonymous_6)
FNF:7
FNH:3
FNDA:0,useQueryFilters
FNDA:0,(anonymous_1)
FNDA:0,(anonymous_2)
FNDA:0,parseNum
FNDA:13,applyFilters
FNDA:39,(anonymous_5)
FNDA:17,(anonymous_6)
DA:6,0
DA:7,0
DA:17,0
DA:18,0
DA:19,0
DA:20,0
DA:21,0
DA:22,0
DA:23,0
DA:24,0
DA:25,0
DA:26,0
DA:28,0
DA:29,0
DA:30,0
DA:31,0
DA:34,0
DA:38,0
DA:39,0
DA:40,0
DA:44,13
DA:45,39
DA:46,37
DA:47,36
DA:48,32
DA:49,30
DA:50,28
DA:51,26
DA:52,25
DA:54,13
DA:55,17
DA:57,4
DA:59,3
DA:61,4
DA:63,6
DA:66,13
LF:36
LH:16
BRDA:8,0,0,0
BRDA:8,0,1,0
BRDA:9,1,0,0
BRDA:9,1,1,0
BRDA:10,2,0,0
BRDA:10,2,1,0
BRDA:11,3,0,0
BRDA:11,3,1,0
BRDA:12,4,0,0
BRDA:12,4,1,0
BRDA:13,5,0,0
BRDA:13,5,1,0
BRDA:14,6,0,0
BRDA:14,6,1,0
BRDA:14,7,0,0
BRDA:14,7,1,0
BRDA:15,8,0,0
BRDA:15,8,1,0
BRDA:15,9,0,0
BRDA:15,9,1,0
BRDA:19,10,0,0
BRDA:19,10,1,0
BRDA:20,11,0,0
BRDA:20,11,1,0
BRDA:21,12,0,0
BRDA:21,12,1,0
BRDA:22,13,0,0
BRDA:22,13,1,0
BRDA:23,14,0,0
BRDA:23,14,1,0
BRDA:24,15,0,0
BRDA:24,15,1,0
BRDA:25,16,0,0
BRDA:25,16,1,0
BRDA:26,17,0,0
BRDA:26,17,1,0
BRDA:30,18,0,0
BRDA:30,18,1,0
BRDA:38,19,0,0
BRDA:38,19,1,0
BRDA:40,20,0,0
BRDA:40,20,1,0
BRDA:45,21,0,2
BRDA:45,21,1,37
BRDA:45,22,0,39
BRDA:45,22,1,6
BRDA:46,23,0,1
BRDA:46,23,1,36
BRDA:46,24,0,37
BRDA:46,24,1,2
BRDA:47,25,0,4
BRDA:47,25,1,32
BRDA:47,26,0,36
BRDA:47,26,1,6
BRDA:48,27,0,2
BRDA:48,27,1,30
BRDA:48,28,0,32
BRDA:48,28,1,6
BRDA:49,29,0,2
BRDA:49,29,1,28
BRDA:49,30,0,30
BRDA:49,30,1,5
BRDA:50,31,0,2
BRDA:50,31,1,26
BRDA:50,32,0,28
BRDA:50,32,1,3
BRDA:51,33,0,1
BRDA:51,33,1,25
BRDA:51,34,0,26
BRDA:51,34,1,3
BRDA:55,35,0,4
BRDA:55,35,1,3
BRDA:55,35,2,4
BRDA:55,35,3,6
BRF:74
BRH:32
end_of_record
TN:
SF:src\data\hooks\useDebounced.ts
FN:8,useDebounced
FN:11,(anonymous_1)
FN:12,(anonymous_2)
FN:13,(anonymous_3)
FNF:4
FNH:4
FNDA:8,useDebounced
FNDA:6,(anonymous_1)
FNDA:2,(anonymous_2)
FNDA:6,(anonymous_3)
DA:9,8
DA:11,8
DA:12,6
DA:13,6
DA:16,8
LF:5
LH:5
BRDA:8,0,0,8
BRF:1
BRH:1
end_of_record
TN:
SF:src\dropdowns\DesktopCatalog.tsx
FN:9,useAnchorRect
FN:12,(anonymous_1)
FN:16,(anonymous_2)
FN:18,(anonymous_3)
FN:21,(anonymous_4)
FN:29,DesktopCatalog
FN:37,(anonymous_6)
FN:38,(anonymous_7)
FN:39,(anonymous_8)
FN:43,(anonymous_9)
FN:46,(anonymous_10)
FN:109,(anonymous_11)
FN:109,(anonymous_12)
FN:132,(anonymous_13)
FN:150,(anonymous_14)
FN:161,(anonymous_15)
FN:166,(anonymous_16)
FNF:17
FNH:9
FNDA:9,useAnchorRect
FNDA:4,(anonymous_1)
FNDA:4,(anonymous_2)
FNDA:0,(anonymous_3)
FNDA:4,(anonymous_4)
FNDA:9,DesktopCatalog
FNDA:4,(anonymous_6)
FNDA:4,(anonymous_7)
FNDA:0,(anonymous_8)
FNDA:4,(anonymous_9)
FNDA:8,(anonymous_10)
FNDA:0,(anonymous_11)
FNDA:0,(anonymous_12)
FNDA:0,(anonymous_13)
FNDA:0,(anonymous_14)
FNDA:0,(anonymous_15)
FNDA:0,(anonymous_16)
DA:10,9
DA:11,9
DA:12,9
DA:13,4
DA:14,4
DA:16,9
DA:17,4
DA:18,4
DA:19,4
DA:20,4
DA:21,4
DA:22,4
DA:23,4
DA:26,9
DA:30,9
DA:31,9
DA:32,9
DA:34,9
DA:35,9
DA:37,9
DA:38,9
DA:39,4
DA:40,0
DA:42,4
DA:43,4
DA:46,9
DA:47,8
DA:49,4
DA:50,4
DA:52,4
DA:53,4
DA:55,4
DA:57,4
DA:58,4
DA:59,8
DA:61,8
DA:71,8
DA:72,0
DA:74,4
DA:77,9
DA:95,9
DA:96,9
DA:98,9
DA:109,0
DA:132,0
DA:150,0
DA:161,0
DA:167,0
DA:168,0
LF:49
LH:41
BRDA:13,0,0,0
BRDA:13,0,1,4
BRDA:40,1,0,0
BRDA:40,1,1,0
BRDA:47,2,0,4
BRDA:47,2,1,4
BRDA:58,3,0,4
BRDA:58,3,1,0
BRDA:71,4,0,0
BRDA:71,4,1,8
BRDA:103,5,0,0
BRDA:103,5,1,9
BRDA:115,6,0,0
BRDA:115,6,1,9
BRDA:123,7,0,9
BRDA:123,7,1,0
BRDA:138,8,0,9
BRDA:138,8,1,0
BRDA:138,8,2,0
BRF:19
BRH:9
end_of_record
TN:
SF:src\dropdowns\MobileCatalog.tsx
FN:14,MobileCatalog
FN:19,(anonymous_1)
FN:20,(anonymous_2)
FN:35,(anonymous_3)
FN:44,(anonymous_4)
FN:71,(anonymous_5)
FN:79,(anonymous_6)
FNF:7
FNH:0
FNDA:0,MobileCatalog
FNDA:0,(anonymous_1)
FNDA:0,(anonymous_2)
FNDA:0,(anonymous_3)
FNDA:0,(anonymous_4)
FNDA:0,(anonymous_5)
FNDA:0,(anonymous_6)
DA:15,0
DA:16,0
DA:17,0
DA:19,0
DA:20,0
DA:22,0
DA:27,0
DA:36,0
DA:37,0
DA:44,0
DA:71,0
DA:80,0
DA:81,0
LF:13
LH:0
BRDA:51,0,0,0
BRDA:51,0,1,0
BRDA:57,1,0,0
BRDA:57,1,1,0
BRDA:81,2,0,0
BRDA:81,2,1,0
BRF:6
BRH:0
end_of_record
TN:
SF:src\hooks\useViewedProducts.ts
FN:5,useViewedProducts
FN:6,(anonymous_1)
FN:9,(anonymous_2)
FN:10,onStorage
FN:21,(anonymous_4)
FN:24,(anonymous_5)
FN:29,(anonymous_6)
FN:34,(anonymous_7)
FN:39,(anonymous_8)
FNF:9
FNH:8
FNDA:11,useViewedProducts
FNDA:5,(anonymous_1)
FNDA:5,(anonymous_2)
FNDA:1,onStorage
FNDA:5,(anonymous_4)
FNDA:4,(anonymous_5)
FNDA:1,(anonymous_6)
FNDA:1,(anonymous_7)
FNDA:0,(anonymous_8)
DA:6,11
DA:9,11
DA:11,1
DA:13,0
DA:14,0
DA:16,1
DA:17,1
DA:20,5
DA:21,5
DA:24,11
DA:25,4
DA:26,4
DA:29,11
DA:30,1
DA:31,1
DA:34,11
DA:35,1
DA:36,1
DA:39,11
DA:40,0
DA:43,11
LF:21
LH:18
BRDA:11,0,0,0
BRDA:11,0,1,1
BRDA:11,1,0,1
BRDA:11,1,1,1
BRDA:16,2,0,1
BRDA:16,2,1,0
BRDA:24,3,0,4
BRF:7
BRH:5
end_of_record
TN:
SF:src\lib\analytics.ts
FN:44,getSessionId
FN:64,getCurrentUrl
FN:68,getReferrer
FN:78,sendPayload
FN:99,(anonymous_4)
FN:104,track
FN:121,(anonymous_6)
FN:122,(anonymous_7)
FN:123,(anonymous_8)
FNF:9
FNH:8
FNDA:5,getSessionId
FNDA:5,getCurrentUrl
FNDA:5,getReferrer
FNDA:5,sendPayload
FNDA:0,(anonymous_4)
FNDA:5,track
FNDA:2,(anonymous_6)
FNDA:1,(anonymous_7)
FNDA:1,(anonymous_8)
DA:41,1
DA:45,5
DA:46,5
DA:47,5
DA:48,5
DA:49,5
DA:52,3
DA:56,5
DA:57,5
DA:59,0
DA:65,5
DA:69,5
DA:80,5
DA:81,5
DA:82,5
DA:83,5
DA:84,5
DA:85,5
DA:92,0
DA:94,0
DA:108,5
DA:117,5
DA:121,2
DA:122,1
DA:123,1
LF:25
LH:22
BRDA:45,0,0,0
BRDA:45,0,1,5
BRDA:49,1,0,2
BRDA:49,1,1,3
BRDA:52,2,0,3
BRDA:52,2,1,0
BRDA:52,3,0,3
BRDA:52,3,1,3
BRDA:65,4,0,5
BRDA:65,4,1,0
BRDA:69,5,0,5
BRDA:69,5,1,0
BRDA:80,6,0,5
BRDA:80,6,1,0
BRDA:80,7,0,5
BRDA:80,7,1,5
BRDA:85,8,0,5
BRDA:85,8,1,0
BRDA:92,9,0,0
BRDA:92,9,1,0
BRF:20
BRH:12
end_of_record
TN:
SF:src\lib\utils.ts
FN:4,cn
FNF:1
FNH:1
FNDA:880,cn
DA:5,880
LF:1
LH:1
BRF:0
BRH:0
end_of_record
TN:
SF:src\pages\ContactsPage.tsx
FN:34,ContactsPage
FN:37,(anonymous_1)
FN:52,(anonymous_2)
FN:130,onFilesChange
FN:132,(anonymous_4)
FN:147,(anonymous_5)
FN:153,(anonymous_6)
FN:158,removePhoto
FN:159,(anonymous_8)
FN:159,(anonymous_9)
FN:163,submitMultipart
FN:176,(anonymous_11)
FN:180,(anonymous_12)
FN:185,onSubmit
FN:394,(anonymous_14)
FN:494,(anonymous_15)
FN:505,(anonymous_16)
FN:517,(anonymous_17)
FNF:18
FNH:4
FNDA:6,ContactsPage
FNDA:33,(anonymous_1)
FNDA:6,(anonymous_2)
FNDA:0,onFilesChange
FNDA:0,(anonymous_4)
FNDA:0,(anonymous_5)
FNDA:0,(anonymous_6)
FNDA:0,removePhoto
FNDA:0,(anonymous_8)
FNDA:0,(anonymous_9)
FNDA:0,submitMultipart
FNDA:0,(anonymous_11)
FNDA:0,(anonymous_12)
FNDA:2,onSubmit
FNDA:0,(anonymous_14)
FNDA:0,(anonymous_15)
FNDA:0,(anonymous_16)
FNDA:0,(anonymous_17)
DA:25,1
DA:26,1
DA:35,6
DA:37,6
DA:38,33
DA:39,33
DA:42,6
DA:43,6
DA:44,6
DA:45,6
DA:46,6
DA:47,6
DA:48,6
DA:49,6
DA:51,6
DA:52,6
DA:122,6
DA:123,6
DA:124,6
DA:125,6
DA:131,0
DA:132,0
DA:133,0
DA:134,0
DA:140,0
DA:141,0
DA:142,0
DA:147,0
DA:148,0
DA:149,0
DA:153,0
DA:155,0
DA:159,0
DA:160,0
DA:170,0
DA:171,0
DA:172,0
DA:173,0
DA:174,0
DA:175,0
DA:176,0
DA:178,0
DA:179,0
DA:180,0
DA:181,0
DA:186,2
DA:187,2
DA:188,2
DA:189,2
DA:191,2
DA:192,2
DA:193,2
DA:194,2
DA:195,2
DA:196,2
DA:197,2
DA:199,2
DA:200,1
DA:204,1
DA:205,1
DA:208,1
DA:209,1
DA:210,0
DA:218,1
DA:226,1
DA:230,1
DA:231,1
DA:232,1
DA:234,0
DA:235,0
DA:243,1
DA:247,6
DA:394,0
DA:495,0
DA:496,0
DA:505,0
DA:517,0
LF:77
LH:44
BRDA:39,0,0,31
BRDA:39,0,1,2
BRDA:39,1,0,33
BRDA:39,1,1,2
BRDA:42,2,0,6
BRDA:42,2,1,0
BRDA:44,3,0,6
BRDA:44,3,1,0
BRDA:45,4,0,6
BRDA:45,4,1,0
BRDA:48,5,0,6
BRDA:48,5,1,0
BRDA:49,6,0,6
BRDA:49,6,1,6
BRDA:49,7,0,6
BRDA:49,7,1,6
BRDA:98,8,0,6
BRDA:98,8,1,0
BRDA:105,9,0,6
BRDA:105,9,1,0
BRDA:111,10,0,6
BRDA:111,10,1,0
BRDA:131,11,0,0
BRDA:131,11,1,0
BRDA:133,12,0,0
BRDA:133,12,1,0
BRDA:141,13,0,0
BRDA:141,13,1,0
BRDA:148,14,0,0
BRDA:148,14,1,0
BRDA:160,15,0,0
BRDA:160,15,1,0
BRDA:172,16,0,0
BRDA:172,16,1,0
BRDA:173,17,0,0
BRDA:173,17,1,0
BRDA:174,18,0,0
BRDA:174,18,1,0
BRDA:179,19,0,0
BRDA:179,19,1,0
BRDA:187,20,0,0
BRDA:187,20,1,2
BRDA:193,21,0,2
BRDA:193,21,1,1
BRDA:194,22,0,2
BRDA:194,22,1,2
BRDA:195,23,0,2
BRDA:195,23,1,2
BRDA:196,24,0,2
BRDA:196,24,1,2
BRDA:197,25,0,2
BRDA:197,25,1,1
BRDA:199,26,0,1
BRDA:199,26,1,1
BRDA:199,27,0,2
BRDA:199,27,1,1
BRDA:209,28,0,0
BRDA:209,28,1,1
BRDA:232,29,0,1
BRDA:232,29,1,0
BRDA:238,30,0,0
BRDA:238,30,1,0
BRDA:276,31,0,6
BRDA:276,31,1,0
BRDA:319,32,0,6
BRDA:319,32,1,0
BRDA:375,33,0,6
BRDA:375,33,1,2
BRDA:381,34,0,1
BRDA:381,34,1,1
BRDA:386,35,0,1
BRDA:386,35,1,1
BRDA:411,36,0,6
BRDA:411,36,1,0
BRDA:424,37,0,6
BRDA:424,37,1,0
BRDA:436,38,0,6
BRDA:436,38,1,0
BRDA:459,39,0,6
BRDA:459,39,1,0
BRDA:492,40,0,6
BRDA:492,40,1,0
BRDA:540,41,0,1
BRDA:540,41,1,5
BRF:84
BRH:47
end_of_record
TN:
SF:src\pages\admin\AdminMenu.tsx
FN:6,AdminMenu
FN:12,(anonymous_1)
FN:13,(anonymous_2)
FN:18,(anonymous_3)
FN:24,(anonymous_4)
FN:24,(anonymous_5)
FN:33,(anonymous_6)
FN:34,(anonymous_7)
FN:35,(anonymous_8)
FN:36,(anonymous_9)
FN:43,MenuItem
FNF:11
FNH:3
FNDA:1,AdminMenu
FNDA:1,(anonymous_1)
FNDA:0,(anonymous_2)
FNDA:1,(anonymous_3)
FNDA:0,(anonymous_4)
FNDA:0,(anonymous_5)
FNDA:0,(anonymous_6)
FNDA:0,(anonymous_7)
FNDA:0,(anonymous_8)
FNDA:0,(anonymous_9)
FNDA:0,MenuItem
DA:7,1
DA:8,1
DA:10,1
DA:12,1
DA:13,1
DA:14,0
DA:15,0
DA:17,1
DA:18,1
DA:21,1
DA:24,0
DA:33,0
DA:34,0
DA:35,0
DA:36,0
DA:44,0
DA:46,0
LF:17
LH:8
BRDA:14,0,0,0
BRDA:14,0,1,0
BRDA:15,1,0,0
BRDA:15,1,1,0
BRDA:27,2,0,0
BRDA:27,2,1,1
BRDA:30,3,0,1
BRDA:30,3,1,0
BRF:8
BRH:2
end_of_record
TN:
SF:src\pages\components\ServiceCard.tsx
FN:6,ServiceCard
FNF:1
FNH:1
FNDA:1,ServiceCard
DA:15,1
DA:17,1
LF:2
LH:2
BRDA:38,0,0,1
BRDA:38,0,1,0
BRF:2
BRH:1
end_of_record
TN:
SF:src\pages\components\LandingHero3D\HeroDOMOverlay.tsx
FN:31,HeroDOMOverlay
FN:76,(anonymous_1)
FN:89,(anonymous_2)
FNF:3
FNH:1
FNDA:2,HeroDOMOverlay
FNDA:0,(anonymous_1)
FNDA:0,(anonymous_2)
DA:7,1
DA:18,1
DA:32,2
DA:33,2
DA:35,2
DA:77,0
DA:78,0
DA:90,0
DA:91,0
LF:9
LH:5
BRDA:55,0,0,2
BRDA:55,0,1,0
BRDA:82,1,0,2
BRDA:82,1,1,0
BRDA:95,2,0,2
BRDA:95,2,1,0
BRF:6
BRH:3
end_of_record
TN:
SF:src\pages\components\LandingHero3D\LandingHero3D.tsx
FN:10,(anonymous_0)
FN:12,LandingHero3D
FN:20,(anonymous_2)
FN:24,(anonymous_3)
FNF:4
FNH:2
FNDA:1,(anonymous_0)
FNDA:2,LandingHero3D
FNDA:0,(anonymous_2)
FNDA:0,(anonymous_3)
DA:10,1
DA:13,2
DA:14,2
DA:16,2
DA:17,2
DA:18,2
DA:20,2
DA:21,0
DA:24,2
DA:25,0
DA:26,0
DA:27,0
DA:29,0
DA:36,2
DA:38,2
LF:15
LH:10
BRDA:26,0,0,0
BRDA:26,0,1,0
BRDA:36,1,0,2
BRDA:36,1,1,2
BRDA:48,2,0,0
BRDA:48,2,1,2
BRDA:54,3,0,0
BRDA:54,3,1,2
BRDA:59,4,0,0
BRDA:59,4,1,2
BRDA:65,5,0,2
BRDA:65,5,1,0
BRF:12
BRH:6
end_of_record
TN:
SF:src\pages\components\LandingHero3D\ScrollIndicator.tsx
FN:9,ScrollIndicator
FN:26,(anonymous_1)
FNF:2
FNH:1
FNDA:2,ScrollIndicator
FNDA:0,(anonymous_1)
DA:13,2
DA:27,0
DA:28,0
LF:3
LH:1
BRDA:15,0,0,2
BRDA:15,0,1,2
BRDA:27,1,0,0
BRDA:27,1,1,0
BRDA:27,2,0,0
BRDA:27,2,1,0
BRF:6
BRH:2
end_of_record
TN:
SF:src\pages\components\LandingHero3D\WebGLFallback.tsx
FN:7,WebGLFallback
FNF:1
FNH:1
FNDA:2,WebGLFallback
DA:8,2
LF:1
LH:1
BRDA:16,0,0,0
BRDA:16,0,1,2
BRDA:35,1,0,0
BRDA:35,1,1,2
BRDA:36,2,0,0
BRDA:36,2,1,2
BRDA:39,3,0,0
BRDA:39,3,1,2
BRDA:40,4,0,0
BRDA:40,4,1,2
BRDA:61,5,0,0
BRDA:61,5,1,2
BRDA:70,6,0,0
BRDA:70,6,1,2
BRDA:72,7,0,0
BRDA:72,7,1,2
BRDA:75,8,0,0
BRDA:75,8,1,2
BRDA:76,9,0,0
BRDA:76,9,1,2
BRDA:77,10,0,0
BRDA:77,10,1,2
BRF:22
BRH:11
end_of_record
TN:
SF:src\pages\components\LandingHero3D\webgl\HeroCanvas.tsx
FN:24,getDerivedStateFromError
FN:28,componentDidCatch
FN:33,render
FN:19,constructor
FN:50,HeroCanvas
FN:71,(anonymous_5)
FNF:6
FNH:0
FNDA:0,getDerivedStateFromError
FNDA:0,componentDidCatch
FNDA:0,render
FNDA:0,constructor
FNDA:0,HeroCanvas
FNDA:0,(anonymous_5)
DA:20,0
DA:21,0
DA:25,0
DA:29,0
DA:30,0
DA:34,0
DA:35,0
DA:37,0
DA:58,0
DA:60,0
DA:72,0
LF:11
LH:0
BRDA:34,0,0,0
BRDA:34,0,1,0
BRDA:61,1,0,0
BRDA:61,1,1,0
BRDA:65,2,0,0
BRDA:65,2,1,0
BRF:6
BRH:0
end_of_record
TN:
SF:src\pages\components\LandingHero3D\webgl\hooks\usePerformanceTier.ts
FN:12,checkWebGLSupport
FN:26,usePerformanceTier
FN:27,(anonymous_2)
FN:49,(anonymous_3)
FN:50,(anonymous_4)
FN:72,(anonymous_5)
FNF:6
FNH:6
FNDA:8,checkWebGLSupport
FNDA:8,usePerformanceTier
FNDA:7,(anonymous_2)
FNDA:7,(anonymous_3)
FNDA:1,(anonymous_4)
FNDA:7,(anonymous_5)
DA:13,8
DA:14,8
DA:15,8
DA:17,8
DA:20,8
DA:22,0
DA:27,8
DA:28,7
DA:30,7
DA:34,7
DA:37,7
DA:39,7
DA:49,8
DA:50,7
DA:51,1
DA:52,1
DA:53,1
DA:56,1
DA:58,1
DA:68,7
DA:69,7
DA:70,7
DA:72,7
DA:73,7
DA:74,7
DA:78,8
LF:26
LH:25
BRDA:13,0,0,0
BRDA:13,0,1,8
BRDA:17,1,0,8
BRDA:17,1,1,0
BRDA:17,1,2,0
BRDA:28,2,0,7
BRDA:28,2,1,0
BRDA:30,3,0,7
BRDA:30,3,1,0
BRDA:31,4,0,7
BRDA:31,4,1,5
BRDA:34,5,0,7
BRDA:34,5,1,0
BRDA:44,6,0,2
BRDA:44,6,1,5
BRDA:45,7,0,2
BRDA:45,7,1,5
BRDA:45,8,0,1
BRDA:45,8,1,4
BRDA:52,9,0,1
BRDA:52,9,1,0
BRDA:63,10,0,1
BRDA:63,10,1,0
BRDA:64,11,0,1
BRDA:64,11,1,0
BRDA:64,12,0,0
BRDA:64,12,1,0
BRF:27
BRH:16
end_of_record
TN:
SF:src\pages\components\LandingHero3D\webgl\hooks\useScrollProgress.ts
FN:3,useScrollProgress
FN:10,(anonymous_1)
FN:13,(anonymous_2)
FN:15,(anonymous_3)
FN:37,(anonymous_4)
FN:42,(anonymous_5)
FNF:6
FNH:5
FNDA:2,useScrollProgress
FNDA:2,(anonymous_1)
FNDA:2,(anonymous_2)
FNDA:2,(anonymous_3)
FNDA:2,(anonymous_4)
FNDA:0,(anonymous_5)
DA:4,2
DA:8,2
DA:10,2
DA:11,2
DA:13,2
DA:14,2
DA:15,2
DA:16,2
DA:17,2
DA:18,2
DA:20,2
DA:22,2
DA:23,0
DA:24,2
DA:25,0
DA:28,2
DA:30,2
DA:34,2
DA:35,2
DA:37,2
DA:38,2
DA:42,2
DA:43,0
DA:44,0
DA:45,0
DA:46,0
DA:49,2
LF:27
LH:21
BRDA:14,0,0,2
BRDA:14,0,1,0
BRDA:16,1,0,2
BRDA:16,1,1,2
BRDA:22,2,0,0
BRDA:22,2,1,2
BRDA:22,3,0,2
BRDA:22,3,1,0
BRDA:24,4,0,0
BRDA:24,4,1,2
BRDA:24,5,0,2
BRDA:24,5,1,2
BRDA:42,6,0,0
BRF:13
BRH:8
end_of_record
TN:
SF:src\pages\modals\Login.tsx
FN:8,LoginDialog
FN:26,(anonymous_1)
FN:27,(anonymous_2)
FN:32,(anonymous_3)
FN:35,(anonymous_4)
FN:42,(anonymous_5)
FN:77,(anonymous_6)
FN:98,(anonymous_7)
FN:109,(anonymous_8)
FNF:9
FNH:9
FNDA:67,LoginDialog
FNDA:10,(anonymous_1)
FNDA:53,(anonymous_2)
FNDA:4,(anonymous_3)
FNDA:10,(anonymous_4)
FNDA:7,(anonymous_5)
FNDA:2,(anonymous_6)
FNDA:34,(anonymous_7)
FNDA:19,(anonymous_8)
DA:15,67
DA:16,67
DA:17,67
DA:18,67
DA:19,67
DA:20,67
DA:22,67
DA:23,67
DA:26,67
DA:27,10
DA:28,53
DA:30,10
DA:31,5
DA:32,5
DA:33,5
DA:35,10
DA:36,10
DA:37,10
DA:38,10
DA:42,67
DA:43,7
DA:46,67
DA:78,2
DA:79,2
DA:80,2
DA:81,2
DA:82,2
DA:83,1
DA:85,1
DA:86,0
DA:88,2
DA:98,34
DA:109,19
LF:33
LH:32
BRDA:28,0,0,0
BRDA:28,0,1,53
BRDA:30,1,0,5
BRDA:30,1,1,5
BRDA:43,2,0,0
BRDA:43,2,1,7
BRDA:48,3,0,67
BRDA:48,3,1,62
BRDA:69,4,0,62
BRDA:69,4,1,1
BRDA:85,5,0,1
BRDA:85,5,1,0
BRF:12
BRH:9
end_of_record
TN:
SF:src\pages\private\RequestsPage.tsx
FN:44,toVM
FN:89,isString
FN:93,isUrlObject
FN:98,toStrings
FN:108,(anonymous_4)
FN:117,normalizeAndFilter
FN:135,extractImages
FN:145,RequestsPage
FN:163,load
FN:179,(anonymous_9)
FN:184,askDelete
FN:189,confirmDelete
FN:208,(anonymous_12)
FN:221,(anonymous_13)
FN:276,(anonymous_14)
FN:279,(anonymous_15)
FN:315,(anonymous_16)
FN:324,(anonymous_17)
FN:340,(anonymous_18)
FN:345,(anonymous_19)
FN:351,(anonymous_20)
FN:380,(anonymous_21)
FN:431,(anonymous_22)
FN:445,(anonymous_23)
FN:451,(anonymous_24)
FN:471,(anonymous_25)
FN:477,(anonymous_26)
FN:488,(anonymous_27)
FN:488,(anonymous_28)
FN:498,(anonymous_29)
FN:498,(anonymous_30)
FN:513,(anonymous_31)
FN:514,(anonymous_32)
FN:552,(anonymous_33)
FN:574,Th
FN:595,Td
FN:607,RequestDetailsDialog
FN:619,(anonymous_37)
FN:619,(anonymous_38)
FN:629,(anonymous_39)
FN:630,(anonymous_40)
FN:634,(anonymous_41)
FN:685,(anonymous_42)
FN:708,Detail
FN:725,NoImages
FN:735,Slideshow
FN:738,(anonymous_46)
FN:742,(anonymous_47)
FN:742,(anonymous_48)
FN:743,(anonymous_49)
FN:743,(anonymous_50)
FN:752,(anonymous_51)
FN:754,(anonymous_52)
FN:756,(anonymous_53)
FN:760,(anonymous_54)
FN:763,(anonymous_55)
FN:775,(anonymous_56)
FN:782,(anonymous_57)
FN:793,(anonymous_58)
FN:805,(anonymous_59)
FN:819,(anonymous_60)
FN:822,(anonymous_61)
FN:851,(anonymous_62)
FN:861,(anonymous_63)
FN:873,(anonymous_64)
FN:875,(anonymous_65)
FN:887,(anonymous_66)
FN:889,(anonymous_67)
FNF:68
FNH:8
FNDA:2,toVM
FNDA:0,isString
FNDA:0,isUrlObject
FNDA:0,toStrings
FNDA:0,(anonymous_4)
FNDA:0,normalizeAndFilter
FNDA:0,extractImages
FNDA:2,RequestsPage
FNDA:1,load
FNDA:1,(anonymous_9)
FNDA:0,askDelete
FNDA:0,confirmDelete
FNDA:0,(anonymous_12)
FNDA:0,(anonymous_13)
FNDA:2,(anonymous_14)
FNDA:0,(anonymous_15)
FNDA:0,(anonymous_16)
FNDA:0,(anonymous_17)
FNDA:0,(anonymous_18)
FNDA:0,(anonymous_19)
FNDA:0,(anonymous_20)
FNDA:0,(anonymous_21)
FNDA:0,(anonymous_22)
FNDA:0,(anonymous_23)
FNDA:0,(anonymous_24)
FNDA:0,(anonymous_25)
FNDA:6,(anonymous_26)
FNDA:0,(anonymous_27)
FNDA:0,(anonymous_28)
FNDA:0,(anonymous_29)
FNDA:0,(anonymous_30)
FNDA:0,(anonymous_31)
FNDA:0,(anonymous_32)
FNDA:0,(anonymous_33)
FNDA:16,Th
FNDA:17,Td
FNDA:0,RequestDetailsDialog
FNDA:0,(anonymous_37)
FNDA:0,(anonymous_38)
FNDA:0,(anonymous_39)
FNDA:0,(anonymous_40)
FNDA:0,(anonymous_41)
FNDA:0,(anonymous_42)
FNDA:0,Detail
FNDA:0,NoImages
FNDA:0,Slideshow
FNDA:0,(anonymous_46)
FNDA:0,(anonymous_47)
FNDA:0,(anonymous_48)
FNDA:0,(anonymous_49)
FNDA:0,(anonymous_50)
FNDA:0,(anonymous_51)
FNDA:0,(anonymous_52)
FNDA:0,(anonymous_53)
FNDA:0,(anonymous_54)
FNDA:0,(anonymous_55)
FNDA:0,(anonymous_56)
FNDA:0,(anonymous_57)
FNDA:0,(anonymous_58)
FNDA:0,(anonymous_59)
FNDA:0,(anonymous_60)
FNDA:0,(anonymous_61)
FNDA:0,(anonymous_62)
FNDA:0,(anonymous_63)
FNDA:0,(anonymous_64)
FNDA:0,(anonymous_65)
FNDA:0,(anonymous_66)
FNDA:0,(anonymous_67)
DA:46,2
DA:48,2
DA:50,2
DA:56,2
DA:58,2
DA:66,2
DA:87,1
DA:90,0
DA:94,0
DA:99,0
DA:100,0
DA:101,0
DA:102,0
DA:103,0
DA:105,0
DA:106,0
DA:108,0
DA:111,0
DA:112,0
DA:114,0
DA:118,0
DA:119,0
DA:120,0
DA:121,0
DA:122,0
DA:123,0
DA:124,0
DA:125,0
DA:129,0
DA:131,0
DA:136,0
DA:137,0
DA:138,0
DA:139,0
DA:140,0
DA:146,2
DA:148,2
DA:149,2
DA:150,2
DA:151,2
DA:152,2
DA:153,2
DA:154,2
DA:155,2
DA:157,2
DA:158,2
DA:160,2
DA:161,2
DA:164,1
DA:165,1
DA:166,1
DA:167,1
DA:168,1
DA:169,1
DA:170,1
DA:171,1
DA:173,0
DA:175,1
DA:179,2
DA:180,1
DA:185,0
DA:186,0
DA:190,0
DA:191,0
DA:192,0
DA:193,0
DA:194,0
DA:197,2
DA:209,0
DA:210,0
DA:222,0
DA:223,0
DA:276,2
DA:279,0
DA:315,0
DA:325,0
DA:326,0
DA:327,0
DA:341,0
DA:345,0
DA:351,0
DA:380,0
DA:432,0
DA:433,0
DA:434,0
DA:445,0
DA:451,0
DA:472,0
DA:473,0
DA:477,6
DA:488,0
DA:498,0
DA:513,0
DA:515,0
DA:516,0
DA:553,0
DA:554,0
DA:575,16
DA:596,17
DA:616,0
DA:618,0
DA:619,0
DA:620,0
DA:621,0
DA:622,0
DA:627,0
DA:629,0
DA:630,0
DA:631,0
DA:633,0
DA:634,0
DA:637,0
DA:639,0
DA:686,0
DA:687,0
DA:688,0
DA:709,0
DA:726,0
DA:727,0
DA:736,0
DA:738,0
DA:739,0
DA:742,0
DA:743,0
DA:746,0
DA:752,0
DA:753,0
DA:754,0
DA:755,0
DA:756,0
DA:760,0
DA:762,0
DA:763,0
DA:766,0
DA:775,0
DA:783,0
DA:784,0
DA:794,0
DA:795,0
DA:805,0
DA:819,0
DA:822,0
DA:852,0
DA:861,0
DA:874,0
DA:875,0
DA:888,0
DA:889,0
LF:148
LH:36
BRDA:50,0,0,2
BRDA:50,0,1,0
BRDA:52,1,0,0
BRDA:52,1,1,0
BRDA:58,2,0,0
BRDA:58,2,1,2
BRDA:60,3,0,0
BRDA:60,3,1,2
BRDA:62,4,0,2
BRDA:62,4,1,0
BRDA:70,5,0,2
BRDA:70,5,1,0
BRDA:71,6,0,2
BRDA:71,6,1,0
BRDA:72,7,0,2
BRDA:72,7,1,0
BRDA:73,8,0,2
BRDA:73,8,1,0
BRDA:74,9,0,2
BRDA:74,9,1,0
BRDA:75,10,0,2
BRDA:75,10,1,2
BRDA:76,11,0,2
BRDA:76,11,1,2
BRDA:78,12,0,2
BRDA:78,12,1,2
BRDA:94,13,0,0
BRDA:94,13,1,0
BRDA:94,13,2,0
BRDA:99,14,0,0
BRDA:99,14,1,0
BRDA:100,15,0,0
BRDA:100,15,1,0
BRDA:105,16,0,0
BRDA:105,16,1,0
BRDA:111,17,0,0
BRDA:111,17,1,0
BRDA:112,18,0,0
BRDA:112,18,1,0
BRDA:122,19,0,0
BRDA:122,19,1,0
BRDA:122,20,0,0
BRDA:122,20,1,0
BRDA:123,21,0,0
BRDA:123,21,1,0
BRDA:137,22,0,0
BRDA:137,22,1,0
BRDA:138,23,0,0
BRDA:138,23,1,0
BRDA:139,24,0,0
BRDA:139,24,1,0
BRDA:173,25,0,0
BRDA:173,25,1,0
BRDA:185,26,0,0
BRDA:185,26,1,0
BRDA:185,26,2,0
BRDA:185,26,3,0
BRDA:190,27,0,0
BRDA:190,27,1,0
BRDA:236,28,0,2
BRDA:236,28,1,0
BRDA:244,29,0,2
BRDA:244,29,1,0
BRDA:263,30,0,1
BRDA:263,30,1,1
BRDA:269,31,0,0
BRDA:269,31,1,1
BRDA:282,32,0,1
BRDA:282,32,1,1
BRDA:295,33,0,2
BRDA:295,33,1,2
BRDA:301,34,0,2
BRDA:301,34,1,2
BRDA:307,35,0,2
BRDA:307,35,1,0
BRDA:319,36,0,0
BRDA:319,36,1,2
BRDA:319,37,0,1
BRDA:319,37,1,1
BRDA:369,38,0,0
BRDA:369,38,1,0
BRDA:374,39,0,0
BRDA:374,39,1,0
BRDA:396,40,0,0
BRDA:396,40,1,0
BRDA:398,41,0,0
BRDA:398,41,1,0
BRDA:403,42,0,0
BRDA:403,42,1,0
BRDA:405,43,0,0
BRDA:405,43,1,0
BRDA:411,44,0,0
BRDA:411,44,1,0
BRDA:417,45,0,0
BRDA:417,45,1,0
BRDA:420,46,0,0
BRDA:420,46,1,0
BRDA:485,47,0,2
BRDA:485,47,1,1
BRDA:485,47,2,0
BRDA:498,48,0,0
BRDA:498,48,1,0
BRDA:499,49,0,0
BRDA:499,49,1,0
BRDA:510,50,0,2
BRDA:510,50,1,0
BRDA:522,51,0,2
BRDA:522,51,1,0
BRDA:543,52,0,0
BRDA:543,52,1,0
BRDA:574,53,0,16
BRDA:595,54,0,17
BRDA:631,55,0,0
BRDA:631,55,1,0
BRDA:637,56,0,0
BRDA:637,56,1,0
BRDA:667,57,0,0
BRDA:667,57,1,0
BRDA:668,58,0,0
BRDA:668,58,1,0
BRDA:680,59,0,0
BRDA:680,59,1,0
BRDA:680,60,0,0
BRDA:680,60,1,0
BRDA:701,61,0,0
BRDA:701,61,1,0
BRDA:708,62,0,0
BRDA:716,63,0,0
BRDA:716,63,1,0
BRDA:719,64,0,0
BRDA:719,64,1,0
BRDA:730,65,0,0
BRDA:730,65,1,0
BRDA:739,66,0,0
BRDA:739,66,1,0
BRDA:753,67,0,0
BRDA:753,67,1,0
BRDA:755,68,0,0
BRDA:755,68,1,0
BRDA:756,69,0,0
BRDA:756,69,1,0
BRDA:760,70,0,0
BRDA:760,70,1,0
BRDA:779,71,0,0
BRDA:779,71,1,0
BRDA:808,72,0,0
BRDA:808,72,1,0
BRDA:817,73,0,0
BRDA:817,73,1,0
BRDA:825,74,0,0
BRDA:825,74,1,0
BRDA:843,75,0,0
BRDA:843,75,1,0
BRDA:852,76,0,0
BRDA:852,76,1,0
BRDA:868,77,0,0
BRDA:868,77,1,0
BRF:157
BRH:36
end_of_record
TN:
SF:src\pages\private\UsersPage.tsx
FN:39,qs
FN:41,(anonymous_1)
FN:47,getJSON
FN:59,UsersPage
FN:61,(anonymous_4)
FN:66,(anonymous_5)
FN:83,(anonymous_6)
FN:84,(anonymous_7)
FN:85,(anonymous_8)
FN:96,loadAll
FN:120,(anonymous_10)
FN:123,(anonymous_11)
FN:128,(anonymous_12)
FN:136,(anonymous_13)
FN:145,(anonymous_14)
FN:145,(anonymous_15)
FN:160,(anonymous_16)
FN:161,(anonymous_17)
FN:180,(anonymous_18)
FN:182,(anonymous_19)
FN:184,(anonymous_20)
FN:185,(anonymous_21)
FN:189,(anonymous_22)
FN:204,(anonymous_23)
FN:267,(anonymous_24)
FN:272,(anonymous_25)
FN:276,(anonymous_26)
FN:280,(anonymous_27)
FN:285,(anonymous_28)
FN:291,(anonymous_29)
FN:310,(anonymous_30)
FN:311,(anonymous_31)
FN:318,(anonymous_32)
FN:319,(anonymous_33)
FNF:34
FNH:16
FNDA:8,qs
FNDA:44,(anonymous_1)
FNDA:8,getJSON
FNDA:16,UsersPage
FNDA:227,(anonymous_4)
FNDA:3,(anonymous_5)
FNDA:3,(anonymous_6)
FNDA:3,(anonymous_7)
FNDA:27,(anonymous_8)
FNDA:4,loadAll
FNDA:3,(anonymous_10)
FNDA:1,(anonymous_11)
FNDA:0,(anonymous_12)
FNDA:0,(anonymous_13)
FNDA:0,(anonymous_14)
FNDA:0,(anonymous_15)
FNDA:0,(anonymous_16)
FNDA:0,(anonymous_17)
FNDA:5,(anonymous_18)
FNDA:0,(anonymous_19)
FNDA:0,(anonymous_20)
FNDA:0,(anonymous_21)
FNDA:64,(anonymous_22)
FNDA:15,(anonymous_23)
FNDA:0,(anonymous_24)
FNDA:0,(anonymous_25)
FNDA:0,(anonymous_26)
FNDA:0,(anonymous_27)
FNDA:0,(anonymous_28)
FNDA:18,(anonymous_29)
FNDA:0,(anonymous_30)
FNDA:0,(anonymous_31)
FNDA:0,(anonymous_32)
FNDA:0,(anonymous_33)
DA:40,8
DA:41,8
DA:42,44
DA:44,8
DA:48,8
DA:51,7
DA:52,0
DA:53,0
DA:56,7
DA:60,16
DA:61,16
DA:62,227
DA:63,227
DA:66,16
DA:67,16
DA:68,16
DA:69,16
DA:71,16
DA:72,16
DA:73,16
DA:74,16
DA:76,16
DA:77,16
DA:79,16
DA:80,16
DA:81,16
DA:83,16
DA:84,16
DA:85,16
DA:86,27
DA:87,27
DA:88,27
DA:89,27
DA:90,27
DA:91,27
DA:94,16
DA:97,4
DA:98,4
DA:99,4
DA:100,4
DA:101,4
DA:102,4
DA:103,4
DA:107,3
DA:108,3
DA:110,1
DA:111,1
DA:113,0
DA:116,4
DA:120,16
DA:121,3
DA:123,16
DA:124,1
DA:125,1
DA:128,16
DA:129,0
DA:130,0
DA:135,0
DA:136,0
DA:145,0
DA:146,0
DA:147,0
DA:148,0
DA:149,0
DA:150,0
DA:151,0
DA:152,0
DA:153,0
DA:154,0
DA:156,0
DA:160,16
DA:161,0
DA:163,0
DA:164,0
DA:168,16
DA:169,16
DA:171,16
DA:180,5
DA:182,0
DA:184,0
DA:185,0
DA:189,64
DA:204,15
DA:267,0
DA:272,0
DA:276,0
DA:280,0
DA:285,0
DA:291,18
DA:311,0
DA:312,0
DA:319,0
DA:320,0
LF:93
LH:60
BRDA:42,0,0,25
BRDA:42,0,1,19
BRDA:42,1,0,44
BRDA:42,1,1,44
BRDA:42,1,2,44
BRDA:51,2,0,0
BRDA:51,2,1,7
BRDA:52,3,0,0
BRDA:52,3,1,0
BRDA:52,4,0,0
BRDA:52,4,1,0
BRDA:63,5,0,0
BRDA:63,5,1,227
BRDA:63,6,0,227
BRDA:63,6,1,227
BRDA:66,7,0,3
BRDA:66,7,1,0
BRDA:86,8,0,0
BRDA:86,8,1,27
BRDA:99,9,0,1
BRDA:99,9,1,3
BRDA:110,10,0,1
BRDA:110,10,1,0
BRDA:111,11,0,1
BRDA:111,11,1,0
BRDA:145,12,0,0
BRDA:145,12,1,0
BRDA:150,13,0,0
BRDA:150,13,1,0
BRDA:150,14,0,0
BRDA:150,14,1,0
BRDA:161,15,0,0
BRDA:161,15,1,0
BRDA:161,16,0,0
BRDA:161,16,1,0
BRDA:168,17,0,16
BRDA:168,17,1,7
BRDA:169,18,0,9
BRDA:169,18,1,7
BRDA:203,19,0,3
BRDA:203,19,1,13
BRDA:203,20,0,16
BRDA:203,20,1,4
BRDA:210,21,0,9
BRDA:210,21,1,4
BRDA:238,22,0,1
BRDA:238,22,1,3
BRDA:251,23,0,3
BRDA:251,23,1,13
BRDA:251,24,0,16
BRDA:251,24,1,4
BRDA:255,25,0,1
BRDA:255,25,1,12
BRDA:258,26,0,3
BRDA:258,26,1,9
BRDA:258,27,0,12
BRDA:258,27,1,9
BRDA:298,28,0,18
BRDA:298,28,1,0
BRF:59
BRH:38
end_of_record
TN:
SF:src\pages\services\ServicePages.tsx
FN:11,GenericServiceBlock
FN:23,ServicePages
FN:26,(anonymous_2)
FN:26,(anonymous_3)
FNF:4
FNH:4
FNDA:1,GenericServiceBlock
FNDA:3,ServicePages
FNDA:3,(anonymous_2)
FNDA:26,(anonymous_3)
DA:12,1
DA:24,3
DA:25,3
DA:26,26
DA:28,3
DA:31,2
DA:33,3
LF:7
LH:7
BRDA:15,0,0,1
BRDA:15,0,1,1
BRDA:28,1,0,1
BRDA:28,1,1,2
BRDA:31,2,0,2
BRDA:31,2,1,0
BRDA:48,3,0,1
BRDA:48,3,1,1
BRF:8
BRH:7
end_of_record
TN:
SF:src\pages\services\ServiceRegistry.ts
FN:8,(anonymous_0)
FN:9,(anonymous_1)
FN:10,(anonymous_2)
FN:11,(anonymous_3)
FN:12,(anonymous_4)
FN:13,(anonymous_5)
FN:14,(anonymous_6)
FN:15,(anonymous_7)
FN:16,(anonymous_8)
FN:17,(anonymous_9)
FN:18,(anonymous_10)
FN:19,(anonymous_11)
FNF:12
FNH:1
FNDA:1,(anonymous_0)
FNDA:0,(anonymous_1)
FNDA:0,(anonymous_2)
FNDA:0,(anonymous_3)
FNDA:0,(anonymous_4)
FNDA:0,(anonymous_5)
FNDA:0,(anonymous_6)
FNDA:0,(anonymous_7)
FNDA:0,(anonymous_8)
FNDA:0,(anonymous_9)
FNDA:0,(anonymous_10)
FNDA:0,(anonymous_11)
DA:7,1
DA:8,1
DA:9,0
DA:10,0
DA:11,0
DA:12,0
DA:13,0
DA:14,0
DA:15,0
DA:16,0
DA:17,0
DA:18,0
DA:19,0
LF:13
LH:2
BRF:0
BRH:0
end_of_record
TN:
SF:src\pages\services\WebCostCalculatorPage.tsx
FN:7,WebCostCalculatorPage
FN:26,(anonymous_1)
FN:112,(anonymous_2)
FN:145,(anonymous_3)
FN:179,(anonymous_4)
FN:211,(anonymous_5)
FN:225,(anonymous_6)
FN:229,(anonymous_7)
FN:260,(anonymous_8)
FN:275,(anonymous_9)
FN:288,(anonymous_10)
FN:301,(anonymous_11)
FN:325,(anonymous_12)
FN:340,(anonymous_13)
FN:370,(anonymous_14)
FN:386,(anonymous_15)
FN:390,(anonymous_16)
FN:487,(anonymous_17)
FNF:18
FNH:8
FNDA:4,WebCostCalculatorPage
FNDA:4,(anonymous_1)
FNDA:12,(anonymous_2)
FNDA:12,(anonymous_3)
FNDA:1,(anonymous_4)
FNDA:0,(anonymous_5)
FNDA:12,(anonymous_6)
FNDA:0,(anonymous_7)
FNDA:0,(anonymous_8)
FNDA:0,(anonymous_9)
FNDA:0,(anonymous_10)
FNDA:0,(anonymous_11)
FNDA:0,(anonymous_12)
FNDA:0,(anonymous_13)
FNDA:0,(anonymous_14)
FNDA:12,(anonymous_15)
FNDA:0,(anonymous_16)
FNDA:12,(anonymous_17)
DA:8,4
DA:11,4
DA:14,4
DA:15,4
DA:16,4
DA:17,4
DA:18,4
DA:19,4
DA:20,4
DA:21,4
DA:22,4
DA:23,4
DA:26,4
DA:27,4
DA:34,4
DA:41,4
DA:47,4
DA:53,4
DA:60,4
DA:62,4
DA:63,4
DA:64,4
DA:69,4
DA:70,4
DA:71,4
DA:74,4
DA:86,4
DA:91,4
DA:93,4
DA:94,4
DA:96,4
DA:111,4
DA:112,12
DA:114,4
DA:145,12
DA:180,1
DA:211,0
DA:225,12
DA:229,0
DA:260,0
DA:275,0
DA:288,0
DA:301,0
DA:325,0
DA:341,0
DA:371,0
DA:386,12
DA:390,0
DA:487,12
LF:49
LH:39
BRDA:63,0,0,4
BRDA:63,0,1,0
BRDA:63,1,0,1
BRDA:63,1,1,3
BRDA:64,2,0,4
BRDA:64,2,1,0
BRDA:65,3,0,0
BRDA:65,3,1,4
BRDA:65,4,0,4
BRDA:65,4,1,4
BRDA:69,5,0,0
BRDA:69,5,1,4
BRDA:70,6,0,4
BRDA:70,6,1,0
BRDA:231,7,0,4
BRDA:231,7,1,8
BRDA:392,8,0,4
BRDA:392,8,1,8
BRF:18
BRH:13
end_of_record
TN:
SF:src\pages\services\WebDevServicesPage.tsx
FN:9,WebDevServicesPage
FN:62,(anonymous_1)
FN:93,(anonymous_2)
FN:145,(anonymous_3)
FN:173,(anonymous_4)
FN:303,(anonymous_5)
FNF:6
FNH:0
FNDA:0,WebDevServicesPage
FNDA:0,(anonymous_1)
FNDA:0,(anonymous_2)
FNDA:0,(anonymous_3)
FNDA:0,(anonymous_4)
FNDA:0,(anonymous_5)
DA:10,0
DA:12,0
DA:23,0
DA:32,0
DA:41,0
DA:62,0
DA:93,0
DA:145,0
DA:173,0
DA:304,0
DA:305,0
LF:11
LH:0
BRF:0
BRH:0
end_of_record
TN:
SF:src\shared\Container.tsx
FN:3,Container
FNF:1
FNH:1
FNDA:17,Container
DA:4,17
LF:1
LH:1
BRF:0
BRH:0
end_of_record
TN:
SF:src\shared\Navbar.tsx
FN:38,LangToggle
FN:44,(anonymous_1)
FN:64,(anonymous_2)
FN:66,(anonymous_3)
FN:74,(anonymous_4)
FN:79,(anonymous_5)
FN:86,(anonymous_6)
FN:88,(anonymous_7)
FN:106,(anonymous_8)
FN:106,(anonymous_9)
FN:125,(anonymous_10)
FN:132,(anonymous_11)
FN:151,ThemeToggleBtn
FN:176,Navbar
FN:184,(anonymous_14)
FN:185,(anonymous_15)
FN:187,(anonymous_16)
FN:203,(anonymous_17)
FN:273,(anonymous_18)
FN:282,(anonymous_19)
FN:301,(anonymous_20)
FN:301,(anonymous_21)
FN:321,(anonymous_22)
FN:326,(anonymous_23)
FN:330,(anonymous_24)
FN:345,(anonymous_25)
FN:349,(anonymous_26)
FN:364,(anonymous_27)
FN:368,(anonymous_28)
FN:387,(anonymous_29)
FN:397,(anonymous_30)
FN:411,(anonymous_31)
FN:430,(anonymous_32)
FN:435,(anonymous_33)
FN:451,(anonymous_34)
FNF:35
FNH:8
FNDA:10,LangToggle
FNDA:8,(anonymous_1)
FNDA:8,(anonymous_2)
FNDA:0,(anonymous_3)
FNDA:0,(anonymous_4)
FNDA:0,(anonymous_5)
FNDA:30,(anonymous_6)
FNDA:0,(anonymous_7)
FNDA:0,(anonymous_8)
FNDA:0,(anonymous_9)
FNDA:0,(anonymous_10)
FNDA:0,(anonymous_11)
FNDA:12,ThemeToggleBtn
FNDA:5,Navbar
FNDA:0,(anonymous_14)
FNDA:0,(anonymous_15)
FNDA:15,(anonymous_16)
FNDA:0,(anonymous_17)
FNDA:0,(anonymous_18)
FNDA:1,(anonymous_19)
FNDA:0,(anonymous_20)
FNDA:0,(anonymous_21)
FNDA:0,(anonymous_22)
FNDA:0,(anonymous_23)
FNDA:0,(anonymous_24)
FNDA:0,(anonymous_25)
FNDA:0,(anonymous_26)
FNDA:0,(anonymous_27)
FNDA:0,(anonymous_28)
FNDA:0,(anonymous_29)
FNDA:0,(anonymous_30)
FNDA:0,(anonymous_31)
FNDA:0,(anonymous_32)
FNDA:0,(anonymous_33)
FNDA:0,(anonymous_34)
DA:32,1
DA:39,10
DA:40,10
DA:41,10
DA:42,10
DA:44,10
DA:45,8
DA:46,8
DA:47,8
DA:48,4
DA:49,4
DA:50,4
DA:55,4
DA:56,4
DA:57,4
DA:60,0
DA:64,10
DA:65,8
DA:66,0
DA:67,0
DA:71,0
DA:72,0
DA:74,0
DA:75,0
DA:77,0
DA:78,0
DA:79,0
DA:80,0
DA:81,0
DA:86,30
DA:88,10
DA:89,0
DA:90,0
DA:91,0
DA:95,0
DA:96,0
DA:99,10
DA:106,0
DA:126,0
DA:127,0
DA:132,0
DA:152,12
DA:153,12
DA:177,5
DA:178,5
DA:179,5
DA:180,5
DA:181,5
DA:182,5
DA:184,5
DA:185,0
DA:187,5
DA:188,15
DA:195,5
DA:204,0
DA:205,0
DA:206,0
DA:273,0
DA:282,1
DA:301,0
DA:321,0
DA:327,0
DA:328,0
DA:331,0
DA:346,0
DA:347,0
DA:350,0
DA:365,0
DA:366,0
DA:369,0
DA:388,0
DA:389,0
DA:398,0
DA:399,0
DA:412,0
DA:413,0
DA:430,0
DA:435,0
DA:452,0
LF:79
LH:33
BRDA:47,0,0,4
BRDA:47,0,1,4
BRDA:48,1,0,4
BRDA:48,1,1,0
BRDA:50,2,0,0
BRDA:50,2,1,4
BRDA:52,3,0,4
BRDA:52,3,1,0
BRDA:65,4,0,8
BRDA:65,4,1,0
BRDA:67,5,0,0
BRDA:67,5,1,0
BRDA:68,6,0,0
BRDA:68,6,1,0
BRDA:75,7,0,0
BRDA:75,7,1,0
BRDA:86,8,0,10
BRDA:86,8,1,0
BRDA:114,9,0,10
BRDA:114,9,1,0
BRDA:134,10,0,0
BRDA:134,10,1,0
BRDA:140,11,0,0
BRDA:140,11,1,0
BRDA:166,12,0,2
BRDA:166,12,1,10
BRDA:190,13,0,0
BRDA:190,13,1,15
BRDA:258,14,0,5
BRDA:258,14,1,4
BRDA:269,15,0,1
BRDA:269,15,1,4
BRDA:305,16,0,0
BRDA:305,16,1,5
BRDA:312,17,0,5
BRDA:312,17,1,0
BRDA:333,18,0,0
BRDA:333,18,1,0
BRDA:352,19,0,0
BRDA:352,19,1,0
BRDA:371,20,0,0
BRDA:371,20,1,0
BRDA:383,21,0,0
BRDA:383,21,1,0
BRDA:440,22,0,1
BRDA:440,22,1,4
BRF:46
BRH:19
end_of_record
TN:
SF:src\shared\ProtectedRoute.tsx
FN:5,ProtectedRoute
FN:12,AdminRoute
FNF:2
FNH:2
FNDA:2,ProtectedRoute
FNDA:3,AdminRoute
DA:6,2
DA:7,2
DA:8,2
DA:9,1
DA:13,3
DA:14,3
DA:15,3
DA:16,1
LF:8
LH:8
BRDA:8,0,0,1
BRDA:8,0,1,1
BRDA:15,1,0,2
BRDA:15,1,1,1
BRDA:15,2,0,3
BRDA:15,2,1,2
BRF:6
BRH:6
end_of_record
TN:
SF:src\shared\SEO.tsx
FN:27,(anonymous_0)
FN:28,(anonymous_1)
FN:29,(anonymous_2)
FN:31,SEO
FN:38,(anonymous_4)
FN:38,(anonymous_5)
FN:61,(anonymous_6)
FN:80,(anonymous_7)
FNF:8
FNH:5
FNDA:2,(anonymous_0)
FNDA:2,(anonymous_1)
FNDA:12,(anonymous_2)
FNDA:2,SEO
FNDA:0,(anonymous_4)
FNDA:0,(anonymous_5)
FNDA:0,(anonymous_6)
FNDA:1,(anonymous_7)
DA:14,1
DA:27,2
DA:28,1
DA:29,12
DA:32,2
DA:33,2
DA:35,2
DA:36,2
DA:37,2
DA:38,0
DA:40,2
DA:43,2
DA:46,2
DA:47,2
DA:49,2
DA:51,2
DA:61,0
DA:80,1
LF:18
LH:16
BRDA:27,0,0,1
BRDA:27,0,1,1
BRDA:27,1,0,0
BRDA:27,1,1,1
BRDA:33,2,0,2
BRDA:33,2,1,2
BRDA:35,3,0,0
BRDA:35,3,1,2
BRDA:35,4,0,2
BRDA:35,4,1,0
BRDA:36,5,0,0
BRDA:36,5,1,2
BRDA:36,6,0,2
BRDA:36,6,1,1
BRDA:37,7,0,0
BRDA:37,7,1,2
BRDA:43,8,0,2
BRDA:43,8,1,0
BRDA:43,9,0,2
BRDA:43,9,1,2
BRDA:45,10,0,0
BRDA:45,10,1,0
BRDA:46,11,0,2
BRDA:46,11,1,2
BRDA:46,12,0,2
BRDA:46,12,1,0
BRDA:47,13,0,2
BRDA:47,13,1,0
BRDA:47,14,0,2
BRDA:47,14,1,2
BRDA:49,15,0,0
BRDA:49,15,1,2
BRDA:49,16,0,1
BRDA:49,16,1,1
BRDA:54,17,0,2
BRDA:54,17,1,2
BRDA:55,18,0,2
BRDA:55,18,1,2
BRDA:57,19,0,0
BRDA:57,19,1,2
BRDA:59,20,0,2
BRDA:59,20,1,2
BRDA:67,21,0,2
BRDA:67,21,1,2
BRDA:68,22,0,2
BRDA:68,22,1,2
BRDA:69,23,0,2
BRDA:69,23,1,2
BRDA:70,24,0,2
BRDA:70,24,1,2
BRDA:71,25,0,2
BRDA:71,25,1,0
BRDA:74,26,0,0
BRDA:74,26,1,2
BRDA:76,27,0,2
BRDA:76,27,1,2
BRDA:77,28,0,2
BRDA:77,28,1,0
BRF:58
BRH:43
end_of_record
TN:
SF:src\shared\api\api.ts
FN:4,getToken
FN:16,join
FN:23,apiFetch
FNF:3
FNH:3
FNDA:27,getToken
FNDA:34,join
FNDA:34,apiFetch
DA:2,17
DA:7,27
DA:17,34
DA:18,34
DA:20,34
DA:27,34
DA:28,34
DA:35,34
DA:36,27
DA:37,27
DA:40,34
DA:51,34
DA:53,31
DA:55,31
DA:56,31
DA:58,0
DA:61,31
DA:63,4
DA:68,4
DA:70,0
DA:73,4
DA:76,27
LF:22
LH:20
BRDA:2,0,0,17
BRDA:2,0,1,17
BRDA:7,1,0,27
BRDA:7,1,1,25
BRDA:17,2,0,0
BRDA:17,2,1,34
BRDA:18,3,0,34
BRDA:18,3,1,0
BRDA:25,4,0,34
BRDA:30,5,0,0
BRDA:30,5,1,34
BRDA:31,6,0,34
BRDA:31,6,1,34
BRDA:35,7,0,27
BRDA:35,7,1,7
BRDA:37,8,0,2
BRDA:37,8,1,25
BRDA:44,9,0,0
BRDA:44,9,1,34
BRDA:46,10,0,6
BRDA:46,10,1,28
BRDA:46,11,0,34
BRDA:46,11,1,6
BRDA:51,12,0,3
BRDA:51,12,1,31
BRDA:56,13,0,31
BRDA:56,13,1,0
BRDA:61,14,0,4
BRDA:61,14,1,27
BRDA:63,15,0,4
BRDA:63,15,1,0
BRDA:64,16,0,4
BRDA:64,16,1,4
BRDA:64,16,2,4
BRDA:64,16,3,4
BRDA:70,17,0,0
BRDA:70,17,1,0
BRF:37
BRH:29
end_of_record
TN:
SF:src\shared\api\repo.ts
FN:28,toNum
FN:52,toDomain
FN:71,toApi
FN:89,listProducts
FN:143,suggestProducts
FN:150,getProduct
FN:155,createProduct
FN:164,updateProduct
FN:169,deleteProductById
FNF:9
FNH:9
FNDA:14,toNum
FNDA:9,toDomain
FNDA:2,toApi
FNDA:4,listProducts
FNDA:2,suggestProducts
FNDA:1,getProduct
FNDA:1,createProduct
FNDA:1,updateProduct
FNDA:1,deleteProductById
DA:29,14
DA:53,9
DA:72,2
DA:90,4
DA:91,4
DA:92,6
DA:93,6
DA:95,4
DA:98,4
DA:101,4
DA:102,4
DA:103,4
DA:104,4
DA:106,4
DA:108,1
DA:109,3
DA:116,2
DA:117,2
DA:118,2
DA:119,2
DA:120,2
DA:121,1
DA:123,1
DA:124,1
DA:125,1
DA:126,1
DA:127,1
DA:129,1
DA:130,1
DA:131,1
DA:132,1
DA:133,1
DA:136,0
DA:139,4
DA:144,2
DA:146,1
DA:147,1
DA:151,1
DA:152,1
DA:157,1
DA:161,1
DA:165,1
DA:166,1
DA:170,1
LF:44
LH:43
BRDA:28,0,0,14
BRDA:29,1,0,10
BRDA:29,1,1,4
BRDA:54,2,0,0
BRDA:54,2,1,9
BRDA:54,3,0,9
BRDA:54,3,1,0
BRDA:55,4,0,9
BRDA:55,4,1,0
BRDA:56,5,0,9
BRDA:56,5,1,4
BRDA:57,6,0,9
BRDA:57,6,1,0
BRDA:58,7,0,9
BRDA:58,7,1,4
BRDA:59,8,0,9
BRDA:59,8,1,4
BRDA:60,9,0,9
BRDA:60,9,1,4
BRDA:63,10,0,9
BRDA:63,10,1,4
BRDA:64,11,0,9
BRDA:64,11,1,4
BRDA:67,12,0,9
BRDA:67,12,1,5
BRDA:75,13,0,2
BRDA:75,13,1,0
BRDA:79,14,0,2
BRDA:79,14,1,0
BRDA:80,15,0,2
BRDA:80,15,1,0
BRDA:81,16,0,2
BRDA:81,16,1,0
BRDA:82,17,0,1
BRDA:82,17,1,1
BRDA:82,18,0,2
BRDA:82,18,1,1
BRDA:89,19,0,4
BRDA:92,20,0,0
BRDA:92,20,1,6
BRDA:92,21,0,6
BRDA:92,21,1,6
BRDA:92,21,2,6
BRDA:98,22,0,2
BRDA:98,22,1,2
BRDA:106,23,0,1
BRDA:106,23,1,3
BRDA:109,24,0,2
BRDA:109,24,1,1
BRDA:110,25,0,3
BRDA:110,25,1,3
BRDA:110,25,2,3
BRDA:110,25,3,2
BRDA:117,26,0,2
BRDA:117,26,1,0
BRDA:118,27,0,2
BRDA:118,27,1,0
BRDA:121,28,0,1
BRDA:121,28,1,0
BRDA:121,29,0,1
BRDA:121,29,1,1
BRDA:121,29,2,1
BRDA:126,30,0,1
BRDA:126,30,1,0
BRDA:130,31,0,1
BRDA:130,31,1,0
BRDA:131,32,0,1
BRDA:131,32,1,0
BRDA:143,33,0,2
BRDA:144,34,0,1
BRDA:144,34,1,1
BRF:71
BRH:56
end_of_record
TN:
SF:src\shared\api\requestsRepo.ts
FN:29,isObject
FN:33,isPageResponse
FN:37,isHalResponse
FN:43,listRequests
FN:94,createRequest
FN:104,updateRequestStatus
FN:108,deleteRequest
FNF:7
FNH:6
FNDA:2,isObject
FNDA:2,isPageResponse
FNDA:0,isHalResponse
FNDA:3,listRequests
FNDA:2,createRequest
FNDA:1,updateRequestStatus
FNDA:1,deleteRequest
DA:30,2
DA:34,2
DA:38,0
DA:49,3
DA:50,3
DA:51,3
DA:52,3
DA:53,3
DA:55,3
DA:58,3
DA:59,1
DA:60,1
DA:64,2
DA:65,2
DA:74,0
DA:75,0
DA:76,0
DA:77,0
DA:78,0
DA:80,0
DA:89,0
DA:101,2
DA:105,1
DA:109,1
DA:110,1
LF:25
LH:17
BRDA:30,0,0,2
BRDA:30,0,1,2
BRDA:34,1,0,2
BRDA:34,1,1,2
BRDA:38,2,0,0
BRDA:38,2,1,0
BRDA:43,3,0,3
BRDA:50,4,0,2
BRDA:50,4,1,1
BRDA:51,5,0,2
BRDA:51,5,1,1
BRDA:52,6,0,1
BRDA:52,6,1,2
BRDA:53,7,0,1
BRDA:53,7,1,2
BRDA:58,8,0,1
BRDA:58,8,1,2
BRDA:64,9,0,2
BRDA:64,9,1,0
BRDA:67,10,0,2
BRDA:67,10,1,0
BRDA:68,11,0,2
BRDA:68,11,1,0
BRDA:69,12,0,2
BRDA:69,12,1,0
BRDA:74,13,0,0
BRDA:74,13,1,0
BRDA:75,14,0,0
BRDA:75,14,1,0
BRDA:76,15,0,0
BRDA:76,15,1,0
BRDA:77,16,0,0
BRDA:77,16,1,0
BRDA:77,17,0,0
BRDA:77,17,1,0
BRDA:82,18,0,0
BRDA:82,18,1,0
BRDA:83,19,0,0
BRDA:83,19,1,0
BRDA:84,20,0,0
BRDA:84,20,1,0
BRDA:109,21,0,1
BRDA:109,21,1,0
BRF:43
BRH:20
end_of_record
TN:
SF:src\shared\auth\auth.tsx
FN:21,(anonymous_0)
FN:29,extractUser
FN:51,(anonymous_2)
FN:56,AuthProvider
FN:57,(anonymous_4)
FN:58,(anonymous_5)
FN:60,(anonymous_6)
FN:66,(anonymous_7)
FN:95,(anonymous_8)
FN:96,(anonymous_9)
FN:98,(anonymous_10)
FN:102,(anonymous_11)
FN:107,(anonymous_12)
FNF:13
FNH:13
FNDA:90,(anonymous_0)
FNDA:11,extractUser
FNDA:3,(anonymous_2)
FNDA:48,AuthProvider
FNDA:43,(anonymous_4)
FNDA:43,(anonymous_5)
FNDA:3,(anonymous_6)
FNDA:4,(anonymous_7)
FNDA:43,(anonymous_8)
FNDA:1,(anonymous_9)
FNDA:43,(anonymous_10)
FNDA:48,(anonymous_11)
FNDA:48,(anonymous_12)
DA:19,13
DA:21,13
DA:22,90
DA:23,90
DA:24,88
DA:27,13
DA:30,11
DA:31,11
DA:34,11
DA:40,11
DA:41,11
DA:42,11
DA:43,11
DA:44,0
DA:45,0
DA:49,11
DA:51,3
DA:53,11
DA:57,48
DA:58,48
DA:60,48
DA:61,3
DA:62,3
DA:63,3
DA:66,48
DA:67,4
DA:69,4
DA:76,2
DA:84,4
DA:85,4
DA:87,2
DA:88,2
DA:90,2
DA:91,2
DA:92,2
DA:95,48
DA:96,43
DA:97,43
DA:98,43
DA:102,48
DA:103,48
DA:106,48
DA:107,48
DA:111,48
LF:44
LH:42
BRDA:23,0,0,2
BRDA:23,0,1,88
BRDA:31,1,0,0
BRDA:31,1,1,11
BRDA:34,2,0,11
BRDA:34,2,1,0
BRDA:36,3,0,0
BRDA:36,3,1,0
BRDA:41,4,0,11
BRDA:41,4,1,0
BRDA:41,4,2,0
BRDA:42,5,0,11
BRDA:42,5,1,0
BRDA:44,6,0,0
BRDA:44,6,1,0
BRDA:49,7,0,11
BRDA:49,7,1,3
BRDA:49,7,2,3
BRDA:58,8,0,9
BRDA:58,8,1,34
BRDA:76,9,0,2
BRDA:76,9,1,2
BRDA:76,9,2,0
BRDA:76,9,3,0
BRDA:76,9,4,0
BRDA:76,9,5,0
BRDA:76,9,6,0
BRDA:79,10,0,0
BRDA:79,10,1,0
BRDA:79,11,0,0
BRDA:79,11,1,0
BRDA:84,12,0,2
BRDA:84,12,1,0
BRDA:85,13,0,0
BRDA:85,13,1,4
BRDA:88,14,0,0
BRDA:88,14,1,2
BRDA:103,15,0,1
BRDA:103,15,1,47
BRDA:103,16,0,48
BRDA:103,16,1,11
BRF:41
BRH:20
end_of_record
TN:
SF:src\shared\auth\jwt.ts
FN:10,decodeJwt
FN:20,isExpired
FNF:2
FNH:2
FNDA:33,decodeJwt
FNDA:16,isExpired
DA:11,33
DA:12,33
DA:13,33
DA:14,33
DA:16,5
DA:21,16
DA:22,16
DA:23,14
DA:24,14
LF:9
LH:9
BRDA:22,0,0,2
BRDA:22,0,1,14
BRF:2
BRH:2
end_of_record
TN:
SF:src\shared\i18n\i18n.tsx
FN:14683,langFromPath
FN:14689,withLangInPath
FN:14703,pickInitialLang
FN:14716,interpolate
FN:14735,useI18n
FN:14741,I18nProvider
FN:14742,(anonymous_6)
FN:14745,(anonymous_7)
FN:14758,(anonymous_8)
FN:14759,(anonymous_9)
FN:14764,(anonymous_10)
FN:14768,(anonymous_11)
FN:14775,(anonymous_12)
FN:14782,TransHTML
FN:14789,toLangHref
FNF:15
FNH:13
FNDA:72,langFromPath
FNDA:72,withLangInPath
FNDA:36,pickInitialLang
FNDA:1840,interpolate
FNDA:171,useI18n
FNDA:36,I18nProvider
FNDA:36,(anonymous_6)
FNDA:36,(anonymous_7)
FNDA:36,(anonymous_8)
FNDA:0,(anonymous_9)
FNDA:36,(anonymous_10)
FNDA:1840,(anonymous_11)
FNDA:36,(anonymous_12)
FNDA:0,TransHTML
FNDA:36,toLangHref
DA:5,12
DA:14680,12
DA:14684,72
DA:14685,72
DA:14686,72
DA:14690,72
DA:14691,72
DA:14692,72
DA:14693,72
DA:14694,24
DA:14696,48
DA:14698,72
DA:14699,72
DA:14700,72
DA:14704,36
DA:14705,36
DA:14706,12
DA:14707,36
DA:14708,12
DA:14709,12
DA:14710,36
DA:14711,12
DA:14712,0
DA:14717,1840
DA:14718,61
DA:14719,61
DA:14721,61
DA:14722,61
DA:14724,61
DA:14728,12
DA:14736,171
DA:14737,171
DA:14738,171
DA:14742,36
DA:14745,36
DA:14746,36
DA:14747,36
DA:14748,36
DA:14749,36
DA:14750,36
DA:14752,12
DA:14753,12
DA:14758,36
DA:14759,36
DA:14760,0
DA:14761,0
DA:14763,36
DA:14764,36
DA:14767,36
DA:14769,1840
DA:14770,1840
DA:14775,36
DA:14776,36
DA:14783,0
DA:14784,0
DA:14790,36
DA:14791,36
DA:14792,36
DA:14793,36
DA:14795,0
LF:60
LH:54
BRDA:14686,0,0,48
BRDA:14686,0,1,24
BRDA:14686,1,0,72
BRDA:14686,1,1,48
BRDA:14692,2,0,72
BRDA:14692,2,1,12
BRDA:14693,3,0,24
BRDA:14693,3,1,48
BRDA:14699,4,0,0
BRDA:14699,4,1,72
BRDA:14704,5,0,36
BRDA:14704,5,1,0
BRDA:14705,6,0,24
BRDA:14705,6,1,12
BRDA:14706,7,0,12
BRDA:14706,7,1,12
BRDA:14707,8,0,0
BRDA:14707,8,1,36
BRDA:14708,9,0,0
BRDA:14708,9,1,12
BRDA:14709,10,0,12
BRDA:14709,10,1,0
BRDA:14709,11,0,12
BRDA:14709,11,1,0
BRDA:14709,11,2,0
BRDA:14710,12,0,0
BRDA:14710,12,1,36
BRDA:14711,13,0,12
BRDA:14711,13,1,0
BRDA:14717,14,0,1779
BRDA:14717,14,1,61
BRDA:14737,15,0,0
BRDA:14737,15,1,171
BRDA:14747,16,0,36
BRDA:14747,16,1,0
BRDA:14750,17,0,12
BRDA:14750,17,1,24
BRDA:14761,18,0,0
BRDA:14761,18,1,0
BRDA:14761,19,0,0
BRDA:14761,19,1,0
BRDA:14769,20,0,1840
BRDA:14769,20,1,87
BRF:43
BRH:28
end_of_record
TN:
SF:src\shared\modals\ConfirmDialog.tsx
FN:15,ConfirmDialog
FN:26,(anonymous_1)
FN:28,(anonymous_2)
FN:36,(anonymous_3)
FN:51,(anonymous_4)
FN:52,(anonymous_5)
FN:65,(anonymous_6)
FN:90,(anonymous_7)
FNF:8
FNH:7
FNDA:10,ConfirmDialog
FNDA:10,(anonymous_1)
FNDA:1,(anonymous_2)
FNDA:0,(anonymous_3)
FNDA:3,(anonymous_4)
FNDA:4,(anonymous_5)
FNDA:2,(anonymous_6)
FNDA:1,(anonymous_7)
DA:24,10
DA:26,10
DA:27,10
DA:28,4
DA:29,1
DA:30,1
DA:32,0
DA:36,0
DA:37,0
DA:38,0
DA:39,0
DA:40,0
DA:41,0
DA:42,0
DA:43,0
DA:44,0
DA:45,0
DA:49,4
DA:51,4
DA:52,4
DA:53,4
DA:54,4
DA:58,10
DA:60,4
DA:67,2
DA:91,1
DA:92,1
LF:27
LH:16
BRDA:17,0,0,10
BRDA:18,1,0,10
BRDA:19,2,0,10
BRDA:20,3,0,10
BRDA:27,4,0,6
BRDA:27,4,1,4
BRDA:29,5,0,1
BRDA:29,5,1,0
BRDA:30,6,0,0
BRDA:30,6,1,1
BRDA:37,7,0,0
BRDA:37,7,1,0
BRDA:40,8,0,0
BRDA:40,8,1,0
BRDA:40,9,0,0
BRDA:40,9,1,0
BRDA:43,10,0,0
BRDA:43,10,1,0
BRDA:43,11,0,0
BRDA:43,11,1,0
BRDA:58,12,0,6
BRDA:58,12,1,4
BRDA:67,13,0,0
BRDA:67,13,1,2
BRF:24
BRH:11
end_of_record
TN:
SF:src\shared\theme\mediaQuery.tsx
FN:3,useMediaQuery
FN:4,(anonymous_1)
FN:6,(anonymous_2)
FN:8,(anonymous_3)
FN:10,(anonymous_4)
FNF:5
FNH:4
FNDA:2,useMediaQuery
FNDA:1,(anonymous_1)
FNDA:1,(anonymous_2)
FNDA:0,(anonymous_3)
FNDA:1,(anonymous_4)
DA:4,2
DA:6,2
DA:7,1
DA:8,1
DA:9,1
DA:10,1
DA:13,2
LF:7
LH:7
BRF:0
BRH:0
end_of_record
TN:
SF:src\shared\theme\theme.tsx
FN:7,useTheme
FN:13,ThemeProvider
FN:14,(anonymous_2)
FN:15,(anonymous_3)
FN:20,(anonymous_4)
FN:20,(anonymous_5)
FN:21,(anonymous_6)
FNF:7
FNH:7
FNDA:14,useTheme
FNDA:37,ThemeProvider
FNDA:36,(anonymous_2)
FNDA:37,(anonymous_3)
FNDA:1,(anonymous_4)
FNDA:1,(anonymous_5)
FNDA:37,(anonymous_6)
DA:4,12
DA:8,14
DA:9,14
DA:10,14
DA:14,37
DA:15,37
DA:16,37
DA:17,37
DA:18,37
DA:20,37
DA:21,37
DA:22,37
LF:12
LH:12
BRDA:9,0,0,0
BRDA:9,0,1,14
BRDA:14,1,0,36
BRDA:14,1,1,36
BRDA:17,2,0,1
BRDA:17,2,1,36
BRDA:20,3,0,0
BRDA:20,3,1,1
BRF:8
BRH:6
end_of_record
TN:
SF:src\shared\widgets\CallbackWidget.tsx
FN:6,apiFetch
FN:11,(anonymous_1)
FN:30,buildSlots
FN:43,phoneClean
FN:47,validPhone
FN:59,CallbackWidget
FN:80,(anonymous_6)
FN:81,(anonymous_7)
FN:85,(anonymous_8)
FN:93,(anonymous_9)
FN:97,(anonymous_10)
FN:98,(anonymous_11)
FN:105,(anonymous_12)
FN:108,resetForm
FN:117,submit
FN:150,(anonymous_15)
FN:173,(anonymous_16)
FN:183,(anonymous_17)
FN:187,(anonymous_18)
FN:195,(anonymous_19)
FN:203,(anonymous_20)
FN:216,(anonymous_21)
FN:223,(anonymous_22)
FN:226,(anonymous_23)
FN:236,(anonymous_24)
FN:241,(anonymous_25)
FN:249,(anonymous_26)
FNF:27
FNH:18
FNDA:1,apiFetch
FNDA:0,(anonymous_1)
FNDA:4,buildSlots
FNDA:3,phoneClean
FNDA:2,validPhone
FNDA:43,CallbackWidget
FNDA:4,(anonymous_6)
FNDA:4,(anonymous_7)
FNDA:4,(anonymous_8)
FNDA:37,(anonymous_9)
FNDA:4,(anonymous_10)
FNDA:4,(anonymous_11)
FNDA:4,(anonymous_12)
FNDA:1,resetForm
FNDA:2,submit
FNDA:0,(anonymous_15)
FNDA:3,(anonymous_16)
FNDA:0,(anonymous_17)
FNDA:0,(anonymous_18)
FNDA:18,(anonymous_19)
FNDA:15,(anonymous_20)
FNDA:0,(anonymous_21)
FNDA:0,(anonymous_22)
FNDA:1911,(anonymous_23)
FNDA:0,(anonymous_24)
FNDA:0,(anonymous_25)
FNDA:0,(anonymous_26)
DA:7,1
DA:8,1
DA:9,1
DA:10,1
DA:11,1
DA:26,1
DA:27,1
DA:28,1
DA:31,4
DA:32,4
DA:33,52
DA:34,200
DA:35,196
DA:36,196
DA:37,196
DA:40,4
DA:44,3
DA:48,2
DA:49,2
DA:64,43
DA:66,43
DA:69,43
DA:70,43
DA:71,43
DA:72,43
DA:73,43
DA:74,43
DA:76,43
DA:77,43
DA:78,43
DA:80,43
DA:81,43
DA:82,43
DA:85,43
DA:86,4
DA:87,4
DA:88,0
DA:89,0
DA:90,0
DA:93,43
DA:94,37
DA:97,43
DA:98,4
DA:99,4
DA:100,0
DA:103,4
DA:104,4
DA:105,4
DA:109,1
DA:110,1
DA:111,1
DA:112,1
DA:113,1
DA:114,1
DA:118,2
DA:119,2
DA:120,2
DA:122,2
DA:123,2
DA:124,1
DA:126,1
DA:127,1
DA:128,1
DA:129,2
DA:141,2
DA:147,1
DA:148,1
DA:150,1
DA:152,0
DA:153,0
DA:155,1
DA:159,43
DA:173,3
DA:183,0
DA:187,0
DA:195,18
DA:203,15
DA:216,0
DA:223,0
DA:226,1911
DA:236,0
DA:241,0
DA:249,0
LF:83
LH:70
BRDA:7,0,0,1
BRDA:7,0,1,1
BRDA:8,1,0,1
BRDA:8,1,1,0
BRDA:10,2,0,0
BRDA:10,2,1,1
BRDA:34,3,0,4
BRDA:34,3,1,196
BRDA:34,4,0,200
BRDA:34,4,1,8
BRDA:59,5,0,43
BRDA:60,6,0,43
BRDA:61,7,0,43
BRDA:62,8,0,43
BRDA:80,9,0,4
BRDA:80,9,1,0
BRDA:87,10,0,0
BRDA:87,10,1,4
BRDA:89,11,0,0
BRDA:89,11,1,0
BRDA:90,12,0,0
BRDA:90,12,1,0
BRDA:99,13,0,0
BRDA:99,13,1,4
BRDA:122,14,0,0
BRDA:122,14,1,2
BRDA:123,15,0,1
BRDA:123,15,1,1
BRDA:124,16,0,0
BRDA:124,16,1,1
BRDA:128,17,0,1
BRDA:128,17,1,0
BRDA:132,18,0,2
BRDA:132,18,1,1
BRDA:133,19,0,2
BRDA:133,19,1,1
BRDA:135,20,0,2
BRDA:135,20,1,1
BRDA:137,21,0,2
BRDA:137,21,1,1
BRDA:152,22,0,0
BRDA:152,22,1,0
BRDA:165,23,0,0
BRDA:165,23,1,43
BRDA:166,24,0,0
BRDA:166,24,1,43
BRDA:181,25,0,43
BRDA:181,25,1,39
BRDA:245,26,0,39
BRDA:245,26,1,1
BRDA:246,27,0,39
BRDA:246,27,1,0
BRDA:254,28,0,1
BRDA:254,28,1,38
BRF:54
BRH:37
end_of_record
